warning: xacro: Traditional processing is deprecated. Switch to --inorder processing!
To check for compatibility of your document, use option --check-order.
For more infos, see http://wiki.ros.org/xacro#Processing_Order
[31m[ERROR] [1570534158.609109710]: [ARDISCOVERY_Connection] 13:29:18:609 | ARDISCOVERY_Connection_ControllerInitSocket:669 - connect() SO_ERROR: 111 Connection refused[0m
[31m[ERROR] [1570534158.609208563]: [ARDISCOVERY_Device] 13:29:18:609 | ARDISCOVERY_Device_NewARNetworkAL:243 - error: Socket access permission denied[0m
[31m[ERROR] [1570534158.609253564]: [ARCONTROLLER_Network] 13:29:18:609 | ARCONTROLLER_Network_New:355 - error: Error during the getting of the ARNETWORKAL_Manager from the device[0m
[31m[ERROR] [1570534158.609479288]: [ARCONTROLLER_Device] 13:29:18:609 | ARCONTROLLER_Device_StopNetwork:7264 - Error occured durring unregistering ARCommands to the feature ARCONTROLLER_DICTIONARY_KEY_GENER[0m
[31m[ERROR] [1570534158.609534527]: [ARCONTROLLER_Device] 13:29:18:609 | ARCONTROLLER_Device_StopNetwork:7282 - Error occured durring unregistering ARCommands to the feature ARCONTROLLER_DICTIONARY_KEY_ARDRO[0m
[31m[ERROR] [1570534158.609580550]: [ARCONTROLLER_Device] 13:29:18:609 | ARCONTROLLER_Device_StopNetwork:7291 - Error occured durring unregistering ARCommands to the feature ARCONTROLLER_DICTIONARY_KEY_COMMO[0m
[31m[ERROR] [1570534158.609623513]: [ARCONTROLLER_Device] 13:29:18:609 | ARCONTROLLER_Device_StopRun:5992 - StopNetwork failed with error :Bad parameters[0m
[31m[ERROR] [1570534158.609675603]: [ARCONTROLLER_Device] 13:29:18:609 | ARCONTROLLER_Device_StartRun:5957 - Start fail error :Error during the getting of the ARNETWORKAL_Manager from the device[0m
[31m[FATAL] [1570534158.610218143]: Init failed: Waiting for device failed: No error[0m
[0m[ INFO] [1570534158.027127013]: Initializing nodelet with 8 worker threads.[0m
[0m[ INFO] [1570534158.112313326]: [BebopSDK] 13:29:18:112 | Bebop:225 - Bebop Cnstr()[0m
[0m[ INFO] [1570534158.112450998]: Nodelet Cstr[0m
[0m[ INFO] [1570534158.130613250]: Connecting to Bebop ...[0m
[0m[ INFO] [1570534158.209402397]: [CB] 13:29:18:209 | Ardrone3PilotingStateFlatTrimChanged:388 - [STATES] Enabling states/ardrone3/PilotingState/FlatTrimChanged[0m
[0m[ INFO] [1570534158.212094017]: [CB] 13:29:18:212 | Ardrone3PilotingStateFlyingStateChanged:432 - [STATES] Enabling states/ardrone3/PilotingState/FlyingStateChanged[0m
[0m[ INFO] [1570534158.264334494]: [CB] 13:29:18:264 | Ardrone3PilotingStateNavigateHomeStateChanged:534 - [STATES] Enabling states/ardrone3/PilotingState/NavigateHomeStateChanged[0m
[0m[ INFO] [1570534158.272557633]: [CB] 13:29:18:272 | Ardrone3PilotingStatePositionChanged:592 - [STATES] Enabling states/ardrone3/PilotingState/PositionChanged[0m
[0m[ INFO] [1570534158.275254336]: [CB] 13:29:18:275 | Ardrone3PilotingStateSpeedChanged:657 - [STATES] Enabling states/ardrone3/PilotingState/SpeedChanged[0m
[0m[ INFO] [1570534158.278630768]: [CB] 13:29:18:278 | Ardrone3PilotingStateAttitudeChanged:722 - [STATES] Enabling states/ardrone3/PilotingState/AttitudeChanged[0m
[0m[ INFO] [1570534158.282225232]: [CB] 13:29:18:282 | Ardrone3PilotingStateAltitudeChanged:838 - [STATES] Enabling states/ardrone3/PilotingState/AltitudeChanged[0m
[0m[ INFO] [1570534158.400990215]: [CB] 13:29:18:400 | Ardrone3MediaStreamingStateVideoEnableChanged:1388 - [STATES] Enabling states/ardrone3/MediaStreamingState/VideoEnableChanged[0m
[0m[ INFO] [1570534158.439452313]: [CB] 13:29:18:439 | Ardrone3CameraStateOrientation:1490 - [STATES] Enabling states/ardrone3/CameraState/Orientation[0m
[0m[ INFO] [1570534158.528336512]: [CB] 13:29:18:528 | Ardrone3GPSStateNumberOfSatelliteChanged:1882 - [STATES] Enabling states/ardrone3/GPSState/NumberOfSatelliteChanged[0m
[0m[ INFO] [1570534158.544258014]: [CB] 13:29:18:544 | CommonCommonStateBatteryStateChanged:148 - [STATES] Enabling states/common/CommonState/BatteryStateChanged[0m
[0m[ INFO] [1570534158.553059075]: [CB] 13:29:18:552 | CommonCommonStateWifiSignalChanged:510 - [STATES] Enabling states/common/CommonState/WifiSignalChanged[0m
[0m[ INFO] [1570534158.564906767]: [CB] 13:29:18:564 | CommonOverHeatStateOverHeatChanged:1023 - [STATES] Enabling states/common/OverHeatState/OverHeatChanged[0m
[0m[ INFO] [1570534158.567856855]: [CB] 13:29:18:567 | CommonMavlinkStateMavlinkFilePlayingStateChanged:1118 - [STATES] Enabling states/common/MavlinkState/MavlinkFilePlayingStateChanged[0m
[0m[ INFO] [1570534158.571389797]: [CB] 13:29:18:571 | CommonMavlinkStateMavlinkPlayErrorStateChanged:1183 - [STATES] Enabling states/common/MavlinkState/MavlinkPlayErrorStateChanged[0m
[0m[ INFO] [1570534158.590294147]: [CB] 13:29:18:590 | CommonFlightPlanStateAvailabilityStateChanged:1568 - [STATES] Enabling states/common/FlightPlanState/AvailabilityStateChanged[0m
[0m[ INFO] [1570534158.593750458]: [CB] 13:29:18:593 | CommonFlightPlanStateComponentStateListChanged:1619 - [STATES] Enabling states/common/FlightPlanState/ComponentStateListChanged[0m
[0m[ INFO] [1570534158.608584267]: [ARCONTROLLER_Network] 13:29:18:608 | ARCONTROLLER_Network_GetAvailableSocketPort:128 - d2c_port port: 43210[0m
[0m[ INFO] [1570534158.608868613]: [ARCONTROLLER_Stream2] 13:29:18:608 | ARCONTROLLER_Stream2_Open_Socket:143 - udp local port stream: 55004[0m
[0m[ INFO] [1570534158.608915952]: [ARCONTROLLER_Stream2] 13:29:18:608 | ARCONTROLLER_Stream2_Open_Socket:143 - udp local port control: 55005[0m
[0m[ INFO] [1570534158.609401625]: [ARCONTROLLER_Device] 13:29:18:609 | ARCONTROLLER_Device_StartRun:5949 - Start failed or canceled.[0m
[0m[ INFO] [1570534158.609878251]: [BebopSDK] 13:29:18:609 | Cleanup:326 - Bebop Cleanup()[0m
[0m[ INFO] [1570534158.610368571]: Bebop Nodelet Dstr: 0[0m
[0m[ INFO] [1570534158.610393964]: Killing Camera Thread ...[0m
[0m[ INFO] [1570534158.610419392]: Killing A[31m[bebop/bebop_driver-1] process has died [pid 25078, exit code -11, cmd /home/pachacho/Documents/catkin_ws/devel/lib/bebop_driver/bebop_driver_node __name:=bebop_driver __log:=/home/pachacho/.ros/log/98ee5700-e9b0-11e9-bab1-802bf97b1155/bebop-bebop_driver-1.log].
log file: /home/pachacho/.ros/log/98ee5700-e9b0-11e9-bab1-802bf97b1155/bebop-bebop_driver-1*.log[0m
... logging to /home/pachacho/.ros/log/98ee5700-e9b0-11e9-bab1-802bf97b1155/roslaunch-pachacho-HP-Pavilion-Laptop-13-an0xxx-25056.log
Checking log directory for disk usage. This may take awhile.
Press Ctrl-C to interrupt
Done checking log file disk usage. Usage is <1GB.
]2;/home/pachacho/Documents/catkin_ws/src/bebop_autonomy/bebop_driver/launch/bebop_node.launch
[1mstarted roslaunch server http://pachacho-HP-Pavilion-Laptop-13-an0xxx:43639/[0m

SUMMARY
========

PARAMETERS
 * /bebop/bebop_driver/bebop_ip: 10.202.0.1
 * /bebop/bebop_driver/camera_info_url: package://bebop_d...
 * /bebop/bebop_driver/cmd_vel_timeout: 0.2
 * /bebop/bebop_driver/odom_frame_id: odom
 * /bebop/bebop_driver/publish_odom_tf: True
 * /bebop/bebop_driver/reset_settings: True
 * /bebop/bebop_driver/states/enable_altitudechanged: True
 * /bebop/bebop_driver/states/enable_autotakeoffmodechanged: True
 * /bebop/bebop_driver/states/enable_camerastate_orientation: True
 * /bebop/bebop_driver/states/enable_commonstate_batterystatechanged: True
 * /bebop/bebop_driver/states/enable_commonstate_wifisignalchanged: True
 * /bebop/bebop_driver/states/enable_controllerstate_ispilotingchanged: True
 * /bebop/bebop_driver/states/enable_flightplanstate_availabilitystatechanged: True
 * /bebop/bebop_driver/states/enable_flightplanstate_componentstatelistchanged: True
 * /bebop/bebop_driver/states/enable_gpsstate_numberofsatellitechanged: True
 * /bebop/bebop_driver/states/enable_mavlinkstate_mavlinkfileplayingstatechanged: True
 * /bebop/bebop_driver/states/enable_mavlinkstate_mavlinkplayerrorstatechanged: True
 * /bebop/bebop_driver/states/enable_mediastreamingstate_videoenablechanged: True
 * /bebop/bebop_driver/states/enable_numberofsatellitechanged: True
 * /bebop/bebop_driver/states/enable_overheatstate_overheatchanged: True
 * /bebop/bebop_driver/states/enable_pilotingstate_altitudechanged: True
 * /bebop/bebop_driver/states/enable_pilotingstate_attitudechanged: True
 * /bebop/bebop_driver/states/enable_pilotingstate_flattrimchanged: True
 * /bebop/bebop_driver/states/enable_pilotingstate_flyingstatechanged: True
 * /bebop/bebop_driver/states/enable_pilotingstate_navigatehomestatechanged: True
 * /bebop/bebop_driver/states/enable_pilotingstate_positionchanged: True
 * /bebop/bebop_driver/states/enable_pilotingstate_speedchanged: True
 * /bebop/robot_description: <?xml version="1....
 * /rosdistro: kinetic
 * /rosversion: 1.12.14

NODES
  /bebop/
    bebop_driver (bebop_driver/bebop_driver_node)
    robot_state_publisher (robot_state_publisher/robot_state_publisher)

[1mROS_MASTER_URI=http://localhost:11311[0m
]2;/home/pachacho/Documents/catkin_ws/src/bebop_autonomy/bebop_driver/launch/bebop_node.launch http://localhost:11311
[1mprocess[bebop/bebop_driver-1]: started with pid [25078][0m
[1mprocess[bebop/robot_state_publisher-2]: started with pid [25079][0m
[bebop/robot_state_publisher-2] killing on exit
shutting down processing monitor...
... shutting down processing monitor complete
[1mdone[0m
