Parrot-Sphinx simulator version 1.3

connecting to firmwared version: 1.3
starting Telemetryd to capture true data...
I telemetryd: Creating daemon with rate 50 ms
I libtelemetry: clear logger filter
I telemetryd: Loading plugins from '/opt/parrot-sphinx/usr/bin/../lib/tlm-plugins/'
I telemetryd: Loading '/opt/parrot-sphinx/usr/bin/../lib/tlm-plugins//tlm-web-gndctrl.so'
I telemetryd: Loading '/opt/parrot-sphinx/usr/bin/../lib/tlm-plugins//tlm-blackbox.so'
I tlmblackbox: setEnabled 1
I tlmblackbox: setCompressed 1
I tlmblackbox: setCompressionLevel 6
I tlmblackbox: setCompressionMethod zlib
I tlmblackbox: setLogDir '.'
I tlmblackbox: setLogName 'log.tlmb'
I tlmblackbox: setLogCount 4
I tlmblackbox: setFilter *
I libtelemetry: clear logger filter
I tlmblackbox: setFlushPeriod 10000 ms
I tlmblackbox: setMaxSize -1 bytes
I tlmblackbox: rotate logs: './sphinx-11359-log.tlmb.3' -> './sphinx-11359-log.tlmb.4'
I tlmblackbox: rotate logs: './sphinx-11359-log.tlmb.2' -> './sphinx-11359-log.tlmb.3'
I tlmblackbox: rotate logs: './sphinx-11359-log.tlmb.1' -> './sphinx-11359-log.tlmb.2'
I tlmblackbox: rotate logs: './sphinx-11359-log.tlmb' -> './sphinx-11359-log.tlmb.1'
I tlmblackbox: Creating file './sphinx-11359-log.tlmb'
I telemetryd: Loading '/opt/parrot-sphinx/usr/bin/../lib/tlm-plugins//tlm-gndctrl.so'
I telemetryd: Entering loop
Gazebo multi-robot simulator, version 7.0.1
Copyright (C) 2012-2015 Open Source Robotics Foundation.
Released under the Apache 2 License.
http://gazebosim.org

Gazebo multi-robot simulator, version 7.0.1
Copyright (C) 2012-2015 Open Source Robotics Foundation.
Released under the Apache 2 License.
http://gazebosim.org

QInotifyFileSystemWatcherEngine::addPaths: inotify_add_watch failed: No space left on device
QFileSystemWatcher: failed to add paths: /opt/parrot-sphinx/usr/share/sphinx/models/
QInotifyFileSystemWatcherEngine::addPaths: inotify_add_watch failed: No space left on device
QFileSystemWatcher: failed to add paths: /home/pachacho/model_editor_models
[1;32m[Msg] [0m[1;32mWaiting for master.[0m[1;32m
[0m[1;32m[0m[1;32m[Msg] [0m[1;32mConnected to gazebo master @ [0m[1;32mhttp://127.0.0.1:11359[0m[1;32m
[0m[1;32m[0m[1;32m[Msg] [0m[1;32mPublicized address: [0m[1;32m127.0.0.1[0m[1;32m
[0m[1;32m[0m[1;32m[Msg] [0m[1;32mcreated parameter server on [0m[1;32mhttp[0m[1;32m:[0m[1;32m8383[0m[1;32m
[0m[1;32m[0m[1;32m[Msg] [0m[1;32mconnected to firmwared[0m[1;32m
[0m[1;32m[0m[1;33m[Wrn] [0m[1;33m[[0m[1;33mPluginHelper.cc[0m[1;33m:[0m[1;33m112[0m[1;33m] [0m[1;33mNo io_backend element found in plugin configuration. [0m[1;33mFalling back to model name...
[0m[1;33m[Wrn] [0m[1;33m[[0m[1;33mOmniscientPlugin.cc[0m[1;33m:[0m[1;33m58[0m[1;33m] [0m[1;33mNo linkOmniscient found in plugin configuration.[0m[1;33mFallbacking to canonical link.[0m[1;33m
[0m[1;33m[0m[1;33m[Wrn] [0m[1;33m[[0m[1;33mPluginHelper.cc[0m[1;33m:[0m[1;33m69[0m[1;33m] [0m[1;33mCannot get param '[0m[1;33mgui_only[0m[1;33m' in section '[0m[1;33mtools[0m[1;33m'[0m[1;33m
[0m[1;33m[0m[1;33m[Wrn] [0m[1;33m[[0m[1;33mPluginHelper.cc[0m[1;33m:[0m[1;33m69[0m[1;33m] [0m[1;33mCannot get param '[0m[1;33mpose[0m[1;33m' in section '[0m[1;33mtools[0m[1;33m'[0m[1;33m
[0m[1;33m[0m[1;33m[Wrn] [0m[1;33m[[0m[1;33mPluginHelper.cc[0m[1;33m:[0m[1;33m112[0m[1;33m] [0m[1;33mNo io_backend element found in plugin configuration. [0m[1;33mFalling back to model name...
[0m[1;33m[Wrn] [0m[1;33m[[0m[1;33mPluginHelper.cc[0m[1;33m:[0m[1;33m112[0m[1;33m] [0m[1;33mNo io_backend element found in plugin configuration. [0m[1;33mFalling back to model name...
[0mI shd: omniscient_subject: created: generation=2 sample_count=4000 sample_size=192 sample_rate=1000 metadata_size=1125
I shd: gps_subject: created: generation=2 sample_count=4000 sample_size=48 sample_rate=1000 metadata_size=245
I shd: gps_subject: opened: sample_count=4000 sample_size=48 sample_rate=1000 metadata_size=245
I shd: omniscient_subject: opened: sample_count=4000 sample_size=192 sample_rate=1000 metadata_size=1125
[1;32m[Msg] [0m[1;32mWaiting for master.[0m[1;32m
[0m[1;32m[0m[1;32m[Msg] [0m[1;32mConnected to gazebo master @ [0m[1;32mhttp://127.0.0.1:11359[0m[1;32m
[0m[1;32m[0m[1;32m[Msg] [0m[1;32mPublicized address: [0m[1;32m127.0.0.1[0m[1;32m
[0m[1;32m[0m[1;33m[Wrn] [0m[1;33m[[0m[1;33mColladaLoader.cc[0m[1;33m:[0m[1;33m1466[0m[1;33m] [0m[1;33mPolylist input semantic: '[0m[1;33mCOLOR[0m[1;33m' is currently[0m[1;33m not supported[0m[1;33m
[0m[1;33m[0m[1;33m[Wrn] [0m[1;33m[[0m[1;33mColladaLoader.cc[0m[1;33m:[0m[1;33m1466[0m[1;33m] [0m[1;33mPolylist input semantic: '[0m[1;33mCOLOR[0m[1;33m' is currently[0m[1;33m not supported[0m[1;33m
[0m[1;33m[0m[1;33m[Wrn] [0m[1;33m[[0m[1;33mColladaLoader.cc[0m[1;33m:[0m[1;33m1466[0m[1;33m] [0m[1;33mPolylist input semantic: '[0m[1;33mCOLOR[0m[1;33m' is currently[0m[1;33m not supported[0m[1;33m
[0m[1;33m[0m[1;33m[Wrn] [0m[1;33m[[0m[1;33mColladaLoader.cc[0m[1;33m:[0m[1;33m1466[0m[1;33m] [0m[1;33mPolylist input semantic: '[0m[1;33mCOLOR[0m[1;33m' is currently[0m[1;33m not supported[0m[1;33m
[0m[1;33m[0m[1;33m[Wrn] [0m[1;33m[[0m[1;33mColladaLoader.cc[0m[1;33m:[0m[1;33m1466[0m[1;33m] [0m[1;33mPolylist input semantic: '[0m[1;33mCOLOR[0m[1;33m' is currently[0m[1;33m not supported[0m[1;33m
[0m[1;33m[0m[1;33m[Wrn] [0m[1;33m[[0m[1;33mColladaLoader.cc[0m[1;33m:[0m[1;33m1466[0m[1;33m] [0m[1;33mPolylist input semantic: '[0m[1;33mCOLOR[0m[1;33m' is currently[0m[1;33m not supported[0m[1;33m
[0m[1;33m[0m[1;33m[Wrn] [0m[1;33m[[0m[1;33mColladaLoader.cc[0m[1;33m:[0m[1;33m1466[0m[1;33m] [0m[1;33mPolylist input semantic: '[0m[1;33mCOLOR[0m[1;33m' is currently[0m[1;33m not supported[0m[1;33m
[0m[1;33m[0m[1;33m[Wrn] [0m[1;33m[[0m[1;33mColladaLoader.cc[0m[1;33m:[0m[1;33m1466[0m[1;33m] [0m[1;33mPolylist input semantic: '[0m[1;33mCOLOR[0m[1;33m' is currently[0m[1;33m not supported[0m[1;33m
[0m[1;33m[0mI shd: omniscient_anafi4k: created: generation=2 sample_count=4000 sample_size=192 sample_rate=1000 metadata_size=1125
I shd: time_anafi4k: created: generation=2 sample_count=4000 sample_size=24 sample_rate=1000 metadata_size=128
I shd: battery_anafi4k: created: generation=2 sample_count=4000 sample_size=8 sample_rate=1000 metadata_size=48
I shd: gps_anafi4k: created: generation=2 sample_count=4000 sample_size=48 sample_rate=1000 metadata_size=245
[1;32m[Msg] [0m[1;32mPreparation of firmware [0m[1;32m/opt/parrot-sphinx/usr/share/sphinx/firmwares/anafi-pc.ext2.zip[0m[1;32m
[0m[1;32m[0m[1;32m[Msg] [0m[1;32mfirmware [0m[1;32m/usr/share/firmwared/firmwares//anafi-pc.ext2.zip.9cd84a1a-40a4-4b4a-24b8-69505d27e700.firmware[0m[1;32m supported hardwares: [0m[1;32m
[0m[1;32m[0m[1;32m[Msg] [0m[1;32m	[0m[1;32manafi4k[0m[1;32m
[0m[1;32m[0m[1;32m[Msg] [0m[1;32mSelected params to build .sdf file for [0m[1;32manafi4k[0m[1;32m:
[0m[1;32m	param low_gpu = 0
	param product_pro = 0
	param sdcard_serial = __undefined__
	param simple_front_cam = 0
	param with_external_cams = false
	param with_front_cam = 0
	param with_gimbal = 1
	param with_kalamos = 0
	param with_tof = false
[0m[1;33m[Wrn] [0m[1;33m[[0m[1;33mGimbalMotor.cc[0m[1;33m:[0m[1;33m274[0m[1;33m] [0m[1;33mA timeout occurred for [0m[1;33mgimbal_motor_0[0m[1;33m
[0m[1;33m[0m[1;33m[Wrn] [0m[1;33m[[0m[1;33mGimbalMotor.cc[0m[1;33m:[0m[1;33m274[0m[1;33m] [0m[1;33mA timeout occurred for [0m[1;33mgimbal_motor_1[0m[1;33m
[0m[1;33m[0m[1;33m[Wrn] [0m[1;33m[[0m[1;33mColladaLoader.cc[0m[1;33m:[0m[1;33m1466[0m[1;33m] [0m[1;33mPolylist input semantic: '[0m[1;33mCOLOR[0m[1;33m' is currently[0m[1;33m not supported[0m[1;33m
[0m[1;33m[0m[1;33m[Wrn] [0m[1;33m[[0m[1;33mColladaLoader.cc[0m[1;33m:[0m[1;33m1466[0m[1;33m] [0m[1;33mPolylist input semantic: '[0m[1;33mCOLOR[0m[1;33m' is currently[0m[1;33m not supported[0m[1;33m
[0m[1;33m[0m[1;33m[Wrn] [0m[1;33m[[0m[1;33mColladaLoader.cc[0m[1;33m:[0m[1;33m1466[0m[1;33m] [0m[1;33mPolylist input semantic: '[0m[1;33mCOLOR[0m[1;33m' is currently[0m[1;33m not supported[0m[1;33m
[0m[1;33m[0m[1;33m[Wrn] [0m[1;33m[[0m[1;33mColladaLoader.cc[0m[1;33m:[0m[1;33m1466[0m[1;33m] [0m[1;33mPolylist input semantic: '[0m[1;33mCOLOR[0m[1;33m' is currently[0m[1;33m not supported[0m[1;33m
[0m[1;33m[0m[1;33m[Wrn] [0m[1;33m[[0m[1;33mColladaLoader.cc[0m[1;33m:[0m[1;33m1466[0m[1;33m] [0m[1;33mPolylist input semantic: '[0m[1;33mCOLOR[0m[1;33m' is currently[0m[1;33m not supported[0m[1;33m
[0m[1;33m[0m[1;33m[Wrn] [0m[1;33m[[0m[1;33mColladaLoader.cc[0m[1;33m:[0m[1;33m1466[0m[1;33m] [0m[1;33mPolylist input semantic: '[0m[1;33mCOLOR[0m[1;33m' is currently[0m[1;33m not supported[0m[1;33m
[0m[1;33m[0m[1;33m[Wrn] [0m[1;33m[[0m[1;33mColladaLoader.cc[0m[1;33m:[0m[1;33m1466[0m[1;33m] [0m[1;33mPolylist input semantic: '[0m[1;33mCOLOR[0m[1;33m' is currently[0m[1;33m not supported[0m[1;33m
[0m[1;33m[0m[1;33m[Wrn] [0m[1;33m[[0m[1;33mColladaLoader.cc[0m[1;33m:[0m[1;33m1466[0m[1;33m] [0m[1;33mPolylist input semantic: '[0m[1;33mCOLOR[0m[1;33m' is currently[0m[1;33m not supported[0m[1;33m
[0m[1;33m[0mI shd: gps_anafi4k: opened: sample_count=4000 sample_size=48 sample_rate=1000 metadata_size=245
I shd: battery_anafi4k: opened: sample_count=4000 sample_size=8 sample_rate=1000 metadata_size=48
I shd: time_anafi4k: opened: sample_count=4000 sample_size=24 sample_rate=1000 metadata_size=128
I shd: omniscient_anafi4k: opened: sample_count=4000 sample_size=192 sample_rate=1000 metadata_size=1125
[1;32m[Msg] [0m[1;32mDrone [0m[1;32manafi4k[0m[1;32m[[0m[1;32m2bee1fa4ab2967691b7e0014198098c0bd34c979[0m[1;32m] loaded[0m[1;32m
[0m[1;32m[0m[1;32m[Msg] [0m[1;32mWEB DASHBOARD IS ACCESSIBLE at http://localhost:[0m[1;32m9030[0m[1;32m
[0m[1;32m[0m[1;32m[Msg] [0m[1;32mInstance [0m[1;32mtremulous_johanna[0m[1;32m[[0m[1;32m2bee1fa4ab2967691b7e0014198098c0bd34c979[0m[1;32m] started[0m[1;32m
[0m[1;32m[0m[1;32m[Msg] [0m[1;32mAll drones instantiated[0m[1;32m
[0m[1;32m[0m[1;33m[Wrn] [0m[1;33m[[0m[1;33mOmniscient.cc[0m[1;33m:[0m[1;33m303[0m[1;33m] [0m[1;33mCannot find visual [0m[1;33msubject::subject_pose::visual[0m[1;33m
[0m[1;33m[0m[1;31m[Err] [0m[1;31m[[0m[1;31mFrameConsumerHandler.cc[0m[1;31m:[0m[1;31m164[0m[1;31m] [0m[1;31mtry to send an unregistered frame![0m[1;31m
[0m[1;31m[0mI tlmgndctrl: ConnReq: name='run0' addr='inet:127.0.0.1:56456' dataport=5000
[1;32m[Msg] [0m[1;32mCleanupInstances[0m[1;32m
[0m[1;32m[0m[1;31m[Err] [0m[1;31m[[0m[1;31mSocket.cc[0m[1;31m:[0m[1;31m174[0m[1;31m] [0m[1;31mSocket [0m[1;31m91[0m[1;31m hung up
[0mI shd: omniscient_subject: closed
I shd: gps_subject: closed
I shd: omniscient_anafi4k: closed
I shd: time_anafi4k: closed
I shd: battery_anafi4k: closed
I shd: gps_anafi4k: closed
I : [2019-10-14 14:06:45] [info] Error getting remote endpoint: system:9 (Bad file descriptor)
I : [2019-10-14 14:06:45] [info] asio async_shutdown error: system:9 (Bad file descriptor)
I : [2019-10-14 14:06:45] [info] handle_accept error: Operation canceled
I : [2019-10-14 14:06:45] [info] Stopping acceptance of new connections because the underlying transport is no longer listening.
[1;32m[Msg] [0m[1;32mInstance [0m[1;32manafi4k[0m[1;32m[[0m[1;32m2bee1fa4ab2967691b7e0014198098c0bd34c979[0m[1;32m] dropped[0m[1;32m
[0m[1;32m[0m[1;32m[Msg] [0m[1;32mCleanupFirmwares[0m[1;32m
[0m[1;32m[0m[1;32m[Msg] [0m[1;32mFirmware [0m[1;32mpetulant_johanna[0m[1;32m[[0m[1;32m16e4c20d366d249950f185aa4969c5b5d6c048ce[0m[1;32m] unprepared (unmounted)[0m[1;32m
[0m[1;32m[0m[1;33m[0m[1;31m[0m[1;32m[0m[1;33m[0m[1;31m[0m[1;32m[0mI telemetryd: sighandler: signo=2(Interrupt)
I telemetryd: Exiting loop
I tlmblackbox: Closing file './sphinx-11359-log.tlmb'
I telemetryd: Unloading '/opt/parrot-sphinx/usr/bin/../lib/tlm-plugins//tlm-blackbox.so'
I tlmgndctrl: DiscReq: name='run0'
I telemetryd: Unloading '/opt/parrot-sphinx/usr/bin/../lib/tlm-plugins//tlm-gndctrl.so'
I : [2019-10-14 14:07:03] [info] asio handle_accept error: asio.system:125 (Operation aborted.)
I : [2019-10-14 14:07:03] [info] Error getting remote endpoint: asio.system:9 (Bad file descriptor)
I : [2019-10-14 14:07:03] [info] asio async_shutdown error: asio.system:9 (Bad file descriptor)
I : [2019-10-14 14:07:03] [error] handle_accept error: Underlying Transport Error
I : [2019-10-14 14:07:03] [info] Stopping acceptance of new connections because the underlying transport is no longer listening.
I telemetryd: Unloading '/opt/parrot-sphinx/usr/bin/../lib/tlm-plugins//tlm-web-gndctrl.so'
I shd: gps_subject: closed
I shd: omniscient_subject: closed
I shd: gps_anafi4k: closed
I shd: battery_anafi4k: closed
I shd: time_anafi4k: closed
I shd: omniscient_anafi4k: closed
