1 (542, 840000000) 0 {name='GPS_spherical.x', type=FLOAT64, size=8, count=1, flags=0x0}
1 (542, 840000000) 1 {name='GPS_spherical.y', type=FLOAT64, size=8, count=1, flags=0x0}
1 (542, 840000000) 2 {name='GPS_spherical.z', type=FLOAT64, size=8, count=1, flags=0x0}
1 (542, 840000000) 3 {name='GPS_velocity.x', type=FLOAT64, size=8, count=1, flags=0x0}
1 (542, 840000000) 4 {name='GPS_velocity.y', type=FLOAT64, size=8, count=1, flags=0x0}
1 (542, 840000000) 5 {name='GPS_velocity.z', type=FLOAT64, size=8, count=1, flags=0x0}
2 (542, 840000000) 0 {name='relativeLinearAcceleration.x', type=FLOAT64, size=8, count=1, flags=0x0}
2 (542, 840000000) 1 {name='relativeLinearAcceleration.y', type=FLOAT64, size=8, count=1, flags=0x0}
2 (542, 840000000) 2 {name='relativeLinearAcceleration.z', type=FLOAT64, size=8, count=1, flags=0x0}
2 (542, 840000000) 3 {name='relativeAngularAcceleration.x', type=FLOAT64, size=8, count=1, flags=0x0}
2 (542, 840000000) 4 {name='relativeAngularAcceleration.y', type=FLOAT64, size=8, count=1, flags=0x0}
2 (542, 840000000) 5 {name='relativeAngularAcceleration.z', type=FLOAT64, size=8, count=1, flags=0x0}
2 (542, 840000000) 6 {name='relativeLinearVelocity.x', type=FLOAT64, size=8, count=1, flags=0x0}
2 (542, 840000000) 7 {name='relativeLinearVelocity.y', type=FLOAT64, size=8, count=1, flags=0x0}
2 (542, 840000000) 8 {name='relativeLinearVelocity.z', type=FLOAT64, size=8, count=1, flags=0x0}
2 (542, 840000000) 9 {name='relativeAngularVelocity.x', type=FLOAT64, size=8, count=1, flags=0x0}
2 (542, 840000000) 10 {name='relativeAngularVelocity.y', type=FLOAT64, size=8, count=1, flags=0x0}
2 (542, 840000000) 11 {name='relativeAngularVelocity.z', type=FLOAT64, size=8, count=1, flags=0x0}
2 (542, 840000000) 12 {name='worldLinearVelocity.x', type=FLOAT64, size=8, count=1, flags=0x0}
2 (542, 840000000) 13 {name='worldLinearVelocity.y', type=FLOAT64, size=8, count=1, flags=0x0}
2 (542, 840000000) 14 {name='worldLinearVelocity.z', type=FLOAT64, size=8, count=1, flags=0x0}
2 (542, 840000000) 15 {name='worldPosition.x', type=FLOAT64, size=8, count=1, flags=0x0}
2 (542, 840000000) 16 {name='worldPosition.y', type=FLOAT64, size=8, count=1, flags=0x0}
2 (542, 840000000) 17 {name='worldPosition.z', type=FLOAT64, size=8, count=1, flags=0x0}
2 (542, 840000000) 18 {name='worldAttitude.x', type=FLOAT64, size=8, count=1, flags=0x0}
2 (542, 840000000) 19 {name='worldAttitude.y', type=FLOAT64, size=8, count=1, flags=0x0}
2 (542, 840000000) 20 {name='worldAttitude.z', type=FLOAT64, size=8, count=1, flags=0x0}
2 (542, 840000000) 21 {name='worldPressure', type=FLOAT64, size=8, count=1, flags=0x0}
2 (542, 840000000) 22 {name='worldTemperature', type=FLOAT64, size=8, count=1, flags=0x0}
2 (542, 840000000) 23 {name='lastCollisionTime', type=FLOAT64, size=8, count=1, flags=0x0}
3 (542, 841000000) 0 {name='GPS_spherical.x', type=FLOAT64, size=8, count=1, flags=0x0}
3 (542, 841000000) 1 {name='GPS_spherical.y', type=FLOAT64, size=8, count=1, flags=0x0}
3 (542, 841000000) 2 {name='GPS_spherical.z', type=FLOAT64, size=8, count=1, flags=0x0}
3 (542, 841000000) 3 {name='GPS_velocity.x', type=FLOAT64, size=8, count=1, flags=0x0}
3 (542, 841000000) 4 {name='GPS_velocity.y', type=FLOAT64, size=8, count=1, flags=0x0}
3 (542, 841000000) 5 {name='GPS_velocity.z', type=FLOAT64, size=8, count=1, flags=0x0}
4 (542, 841000000) 0 {name='relativeLinearAcceleration.x', type=FLOAT64, size=8, count=1, flags=0x0}
4 (542, 841000000) 1 {name='relativeLinearAcceleration.y', type=FLOAT64, size=8, count=1, flags=0x0}
4 (542, 841000000) 2 {name='relativeLinearAcceleration.z', type=FLOAT64, size=8, count=1, flags=0x0}
4 (542, 841000000) 3 {name='relativeAngularAcceleration.x', type=FLOAT64, size=8, count=1, flags=0x0}
4 (542, 841000000) 4 {name='relativeAngularAcceleration.y', type=FLOAT64, size=8, count=1, flags=0x0}
4 (542, 841000000) 5 {name='relativeAngularAcceleration.z', type=FLOAT64, size=8, count=1, flags=0x0}
4 (542, 841000000) 6 {name='relativeLinearVelocity.x', type=FLOAT64, size=8, count=1, flags=0x0}
4 (542, 841000000) 7 {name='relativeLinearVelocity.y', type=FLOAT64, size=8, count=1, flags=0x0}
4 (542, 841000000) 8 {name='relativeLinearVelocity.z', type=FLOAT64, size=8, count=1, flags=0x0}
4 (542, 841000000) 9 {name='relativeAngularVelocity.x', type=FLOAT64, size=8, count=1, flags=0x0}
4 (542, 841000000) 10 {name='relativeAngularVelocity.y', type=FLOAT64, size=8, count=1, flags=0x0}
4 (542, 841000000) 11 {name='relativeAngularVelocity.z', type=FLOAT64, size=8, count=1, flags=0x0}
4 (542, 841000000) 12 {name='worldLinearVelocity.x', type=FLOAT64, size=8, count=1, flags=0x0}
4 (542, 841000000) 13 {name='worldLinearVelocity.y', type=FLOAT64, size=8, count=1, flags=0x0}
4 (542, 841000000) 14 {name='worldLinearVelocity.z', type=FLOAT64, size=8, count=1, flags=0x0}
4 (542, 841000000) 15 {name='worldPosition.x', type=FLOAT64, size=8, count=1, flags=0x0}
4 (542, 841000000) 16 {name='worldPosition.y', type=FLOAT64, size=8, count=1, flags=0x0}
4 (542, 841000000) 17 {name='worldPosition.z', type=FLOAT64, size=8, count=1, flags=0x0}
4 (542, 841000000) 18 {name='worldAttitude.x', type=FLOAT64, size=8, count=1, flags=0x0}
4 (542, 841000000) 19 {name='worldAttitude.y', type=FLOAT64, size=8, count=1, flags=0x0}
4 (542, 841000000) 20 {name='worldAttitude.z', type=FLOAT64, size=8, count=1, flags=0x0}
4 (542, 841000000) 21 {name='worldPressure', type=FLOAT64, size=8, count=1, flags=0x0}
4 (542, 841000000) 22 {name='worldTemperature', type=FLOAT64, size=8, count=1, flags=0x0}
4 (542, 841000000) 23 {name='lastCollisionTime', type=FLOAT64, size=8, count=1, flags=0x0}
5 (542, 841000000) 0 {name='GPS_spherical.x', type=FLOAT64, size=8, count=1, flags=0x0}
5 (542, 841000000) 1 {name='GPS_spherical.y', type=FLOAT64, size=8, count=1, flags=0x0}
5 (542, 841000000) 2 {name='GPS_spherical.z', type=FLOAT64, size=8, count=1, flags=0x0}
5 (542, 841000000) 3 {name='GPS_velocity.x', type=FLOAT64, size=8, count=1, flags=0x0}
5 (542, 841000000) 4 {name='GPS_velocity.y', type=FLOAT64, size=8, count=1, flags=0x0}
5 (542, 841000000) 5 {name='GPS_velocity.z', type=FLOAT64, size=8, count=1, flags=0x0}
6 (542, 841000000) 0 {name='current_voltage', type=FLOAT64, size=8, count=1, flags=0x0}
7 (542, 841000000) 0 {name='SysTimestamp_ns', type=UINT64, size=8, count=1, flags=0x0}
7 (542, 841000000) 1 {name='SdyTimestamp_ns', type=UINT64, size=8, count=1, flags=0x0}
7 (542, 841000000) 2 {name='SimTimestamp_ns', type=UINT64, size=8, count=1, flags=0x0}
8 (542, 842000000) 0 {name='relativeLinearAcceleration.x', type=FLOAT64, size=8, count=1, flags=0x0}
8 (542, 842000000) 1 {name='relativeLinearAcceleration.y', type=FLOAT64, size=8, count=1, flags=0x0}
8 (542, 842000000) 2 {name='relativeLinearAcceleration.z', type=FLOAT64, size=8, count=1, flags=0x0}
8 (542, 842000000) 3 {name='relativeAngularAcceleration.x', type=FLOAT64, size=8, count=1, flags=0x0}
8 (542, 842000000) 4 {name='relativeAngularAcceleration.y', type=FLOAT64, size=8, count=1, flags=0x0}
8 (542, 842000000) 5 {name='relativeAngularAcceleration.z', type=FLOAT64, size=8, count=1, flags=0x0}
8 (542, 842000000) 6 {name='relativeLinearVelocity.x', type=FLOAT64, size=8, count=1, flags=0x0}
8 (542, 842000000) 7 {name='relativeLinearVelocity.y', type=FLOAT64, size=8, count=1, flags=0x0}
8 (542, 842000000) 8 {name='relativeLinearVelocity.z', type=FLOAT64, size=8, count=1, flags=0x0}
8 (542, 842000000) 9 {name='relativeAngularVelocity.x', type=FLOAT64, size=8, count=1, flags=0x0}
8 (542, 842000000) 10 {name='relativeAngularVelocity.y', type=FLOAT64, size=8, count=1, flags=0x0}
8 (542, 842000000) 11 {name='relativeAngularVelocity.z', type=FLOAT64, size=8, count=1, flags=0x0}
8 (542, 842000000) 12 {name='worldLinearVelocity.x', type=FLOAT64, size=8, count=1, flags=0x0}
8 (542, 842000000) 13 {name='worldLinearVelocity.y', type=FLOAT64, size=8, count=1, flags=0x0}
8 (542, 842000000) 14 {name='worldLinearVelocity.z', type=FLOAT64, size=8, count=1, flags=0x0}
8 (542, 842000000) 15 {name='worldPosition.x', type=FLOAT64, size=8, count=1, flags=0x0}
8 (542, 842000000) 16 {name='worldPosition.y', type=FLOAT64, size=8, count=1, flags=0x0}
8 (542, 842000000) 17 {name='worldPosition.z', type=FLOAT64, size=8, count=1, flags=0x0}
8 (542, 842000000) 18 {name='worldAttitude.x', type=FLOAT64, size=8, count=1, flags=0x0}
8 (542, 842000000) 19 {name='worldAttitude.y', type=FLOAT64, size=8, count=1, flags=0x0}
8 (542, 842000000) 20 {name='worldAttitude.z', type=FLOAT64, size=8, count=1, flags=0x0}
8 (542, 842000000) 21 {name='worldPressure', type=FLOAT64, size=8, count=1, flags=0x0}
8 (542, 842000000) 22 {name='worldTemperature', type=FLOAT64, size=8, count=1, flags=0x0}
8 (542, 842000000) 23 {name='lastCollisionTime', type=FLOAT64, size=8, count=1, flags=0x0}
1 (543, 840000000) 0 {name='GPS_spherical.x', type=FLOAT64, size=8, count=1, flags=0x0}
1 (543, 840000000) 1 {name='GPS_spherical.y', type=FLOAT64, size=8, count=1, flags=0x0}
1 (543, 840000000) 2 {name='GPS_spherical.z', type=FLOAT64, size=8, count=1, flags=0x0}
1 (543, 840000000) 3 {name='GPS_velocity.x', type=FLOAT64, size=8, count=1, flags=0x0}
1 (543, 840000000) 4 {name='GPS_velocity.y', type=FLOAT64, size=8, count=1, flags=0x0}
1 (543, 840000000) 5 {name='GPS_velocity.z', type=FLOAT64, size=8, count=1, flags=0x0}
2 (543, 840000000) 0 {name='relativeLinearAcceleration.x', type=FLOAT64, size=8, count=1, flags=0x0}
2 (543, 840000000) 1 {name='relativeLinearAcceleration.y', type=FLOAT64, size=8, count=1, flags=0x0}
2 (543, 840000000) 2 {name='relativeLinearAcceleration.z', type=FLOAT64, size=8, count=1, flags=0x0}
2 (543, 840000000) 3 {name='relativeAngularAcceleration.x', type=FLOAT64, size=8, count=1, flags=0x0}
2 (543, 840000000) 4 {name='relativeAngularAcceleration.y', type=FLOAT64, size=8, count=1, flags=0x0}
2 (543, 840000000) 5 {name='relativeAngularAcceleration.z', type=FLOAT64, size=8, count=1, flags=0x0}
2 (543, 840000000) 6 {name='relativeLinearVelocity.x', type=FLOAT64, size=8, count=1, flags=0x0}
2 (543, 840000000) 7 {name='relativeLinearVelocity.y', type=FLOAT64, size=8, count=1, flags=0x0}
2 (543, 840000000) 8 {name='relativeLinearVelocity.z', type=FLOAT64, size=8, count=1, flags=0x0}
2 (543, 840000000) 9 {name='relativeAngularVelocity.x', type=FLOAT64, size=8, count=1, flags=0x0}
2 (543, 840000000) 10 {name='relativeAngularVelocity.y', type=FLOAT64, size=8, count=1, flags=0x0}
2 (543, 840000000) 11 {name='relativeAngularVelocity.z', type=FLOAT64, size=8, count=1, flags=0x0}
2 (543, 840000000) 12 {name='worldLinearVelocity.x', type=FLOAT64, size=8, count=1, flags=0x0}
2 (543, 840000000) 13 {name='worldLinearVelocity.y', type=FLOAT64, size=8, count=1, flags=0x0}
2 (543, 840000000) 14 {name='worldLinearVelocity.z', type=FLOAT64, size=8, count=1, flags=0x0}
2 (543, 840000000) 15 {name='worldPosition.x', type=FLOAT64, size=8, count=1, flags=0x0}
2 (543, 840000000) 16 {name='worldPosition.y', type=FLOAT64, size=8, count=1, flags=0x0}
2 (543, 840000000) 17 {name='worldPosition.z', type=FLOAT64, size=8, count=1, flags=0x0}
2 (543, 840000000) 18 {name='worldAttitude.x', type=FLOAT64, size=8, count=1, flags=0x0}
2 (543, 840000000) 19 {name='worldAttitude.y', type=FLOAT64, size=8, count=1, flags=0x0}
2 (543, 840000000) 20 {name='worldAttitude.z', type=FLOAT64, size=8, count=1, flags=0x0}
2 (543, 840000000) 21 {name='worldPressure', type=FLOAT64, size=8, count=1, flags=0x0}
2 (543, 840000000) 22 {name='worldTemperature', type=FLOAT64, size=8, count=1, flags=0x0}
2 (543, 840000000) 23 {name='lastCollisionTime', type=FLOAT64, size=8, count=1, flags=0x0}
3 (543, 841000000) 0 {name='GPS_spherical.x', type=FLOAT64, size=8, count=1, flags=0x0}
3 (543, 841000000) 1 {name='GPS_spherical.y', type=FLOAT64, size=8, count=1, flags=0x0}
3 (543, 841000000) 2 {name='GPS_spherical.z', type=FLOAT64, size=8, count=1, flags=0x0}
3 (543, 841000000) 3 {name='GPS_velocity.x', type=FLOAT64, size=8, count=1, flags=0x0}
3 (543, 841000000) 4 {name='GPS_velocity.y', type=FLOAT64, size=8, count=1, flags=0x0}
3 (543, 841000000) 5 {name='GPS_velocity.z', type=FLOAT64, size=8, count=1, flags=0x0}
4 (543, 841000000) 0 {name='relativeLinearAcceleration.x', type=FLOAT64, size=8, count=1, flags=0x0}
4 (543, 841000000) 1 {name='relativeLinearAcceleration.y', type=FLOAT64, size=8, count=1, flags=0x0}
4 (543, 841000000) 2 {name='relativeLinearAcceleration.z', type=FLOAT64, size=8, count=1, flags=0x0}
4 (543, 841000000) 3 {name='relativeAngularAcceleration.x', type=FLOAT64, size=8, count=1, flags=0x0}
4 (543, 841000000) 4 {name='relativeAngularAcceleration.y', type=FLOAT64, size=8, count=1, flags=0x0}
4 (543, 841000000) 5 {name='relativeAngularAcceleration.z', type=FLOAT64, size=8, count=1, flags=0x0}
4 (543, 841000000) 6 {name='relativeLinearVelocity.x', type=FLOAT64, size=8, count=1, flags=0x0}
4 (543, 841000000) 7 {name='relativeLinearVelocity.y', type=FLOAT64, size=8, count=1, flags=0x0}
4 (543, 841000000) 8 {name='relativeLinearVelocity.z', type=FLOAT64, size=8, count=1, flags=0x0}
4 (543, 841000000) 9 {name='relativeAngularVelocity.x', type=FLOAT64, size=8, count=1, flags=0x0}
4 (543, 841000000) 10 {name='relativeAngularVelocity.y', type=FLOAT64, size=8, count=1, flags=0x0}
4 (543, 841000000) 11 {name='relativeAngularVelocity.z', type=FLOAT64, size=8, count=1, flags=0x0}
4 (543, 841000000) 12 {name='worldLinearVelocity.x', type=FLOAT64, size=8, count=1, flags=0x0}
4 (543, 841000000) 13 {name='worldLinearVelocity.y', type=FLOAT64, size=8, count=1, flags=0x0}
4 (543, 841000000) 14 {name='worldLinearVelocity.z', type=FLOAT64, size=8, count=1, flags=0x0}
4 (543, 841000000) 15 {name='worldPosition.x', type=FLOAT64, size=8, count=1, flags=0x0}
4 (543, 841000000) 16 {name='worldPosition.y', type=FLOAT64, size=8, count=1, flags=0x0}
4 (543, 841000000) 17 {name='worldPosition.z', type=FLOAT64, size=8, count=1, flags=0x0}
4 (543, 841000000) 18 {name='worldAttitude.x', type=FLOAT64, size=8, count=1, flags=0x0}
4 (543, 841000000) 19 {name='worldAttitude.y', type=FLOAT64, size=8, count=1, flags=0x0}
4 (543, 841000000) 20 {name='worldAttitude.z', type=FLOAT64, size=8, count=1, flags=0x0}
4 (543, 841000000) 21 {name='worldPressure', type=FLOAT64, size=8, count=1, flags=0x0}
4 (543, 841000000) 22 {name='worldTemperature', type=FLOAT64, size=8, count=1, flags=0x0}
4 (543, 841000000) 23 {name='lastCollisionTime', type=FLOAT64, size=8, count=1, flags=0x0}
5 (543, 841000000) 0 {name='GPS_spherical.x', type=FLOAT64, size=8, count=1, flags=0x0}
5 (543, 841000000) 1 {name='GPS_spherical.y', type=FLOAT64, size=8, count=1, flags=0x0}
5 (543, 841000000) 2 {name='GPS_spherical.z', type=FLOAT64, size=8, count=1, flags=0x0}
5 (543, 841000000) 3 {name='GPS_velocity.x', type=FLOAT64, size=8, count=1, flags=0x0}
5 (543, 841000000) 4 {name='GPS_velocity.y', type=FLOAT64, size=8, count=1, flags=0x0}
5 (543, 841000000) 5 {name='GPS_velocity.z', type=FLOAT64, size=8, count=1, flags=0x0}
6 (543, 841000000) 0 {name='current_voltage', type=FLOAT64, size=8, count=1, flags=0x0}
7 (543, 841000000) 0 {name='SysTimestamp_ns', type=UINT64, size=8, count=1, flags=0x0}
7 (543, 841000000) 1 {name='SdyTimestamp_ns', type=UINT64, size=8, count=1, flags=0x0}
7 (543, 841000000) 2 {name='SimTimestamp_ns', type=UINT64, size=8, count=1, flags=0x0}
8 (543, 842000000) 0 {name='relativeLinearAcceleration.x', type=FLOAT64, size=8, count=1, flags=0x0}
8 (543, 842000000) 1 {name='relativeLinearAcceleration.y', type=FLOAT64, size=8, count=1, flags=0x0}
8 (543, 842000000) 2 {name='relativeLinearAcceleration.z', type=FLOAT64, size=8, count=1, flags=0x0}
8 (543, 842000000) 3 {name='relativeAngularAcceleration.x', type=FLOAT64, size=8, count=1, flags=0x0}
8 (543, 842000000) 4 {name='relativeAngularAcceleration.y', type=FLOAT64, size=8, count=1, flags=0x0}
8 (543, 842000000) 5 {name='relativeAngularAcceleration.z', type=FLOAT64, size=8, count=1, flags=0x0}
8 (543, 842000000) 6 {name='relativeLinearVelocity.x', type=FLOAT64, size=8, count=1, flags=0x0}
8 (543, 842000000) 7 {name='relativeLinearVelocity.y', type=FLOAT64, size=8, count=1, flags=0x0}
8 (543, 842000000) 8 {name='relativeLinearVelocity.z', type=FLOAT64, size=8, count=1, flags=0x0}
8 (543, 842000000) 9 {name='relativeAngularVelocity.x', type=FLOAT64, size=8, count=1, flags=0x0}
8 (543, 842000000) 10 {name='relativeAngularVelocity.y', type=FLOAT64, size=8, count=1, flags=0x0}
8 (543, 842000000) 11 {name='relativeAngularVelocity.z', type=FLOAT64, size=8, count=1, flags=0x0}
8 (543, 842000000) 12 {name='worldLinearVelocity.x', type=FLOAT64, size=8, count=1, flags=0x0}
8 (543, 842000000) 13 {name='worldLinearVelocity.y', type=FLOAT64, size=8, count=1, flags=0x0}
8 (543, 842000000) 14 {name='worldLinearVelocity.z', type=FLOAT64, size=8, count=1, flags=0x0}
8 (543, 842000000) 15 {name='worldPosition.x', type=FLOAT64, size=8, count=1, flags=0x0}
8 (543, 842000000) 16 {name='worldPosition.y', type=FLOAT64, size=8, count=1, flags=0x0}
8 (543, 842000000) 17 {name='worldPosition.z', type=FLOAT64, size=8, count=1, flags=0x0}
8 (543, 842000000) 18 {name='worldAttitude.x', type=FLOAT64, size=8, count=1, flags=0x0}
8 (543, 842000000) 19 {name='worldAttitude.y', type=FLOAT64, size=8, count=1, flags=0x0}
8 (543, 842000000) 20 {name='worldAttitude.z', type=FLOAT64, size=8, count=1, flags=0x0}
8 (543, 842000000) 21 {name='worldPressure', type=FLOAT64, size=8, count=1, flags=0x0}
8 (543, 842000000) 22 {name='worldTemperature', type=FLOAT64, size=8, count=1, flags=0x0}
8 (543, 842000000) 23 {name='lastCollisionTime', type=FLOAT64, size=8, count=1, flags=0x0}
1 (544, 840000000) 0 {name='GPS_spherical.x', type=FLOAT64, size=8, count=1, flags=0x0}
1 (544, 840000000) 1 {name='GPS_spherical.y', type=FLOAT64, size=8, count=1, flags=0x0}
1 (544, 840000000) 2 {name='GPS_spherical.z', type=FLOAT64, size=8, count=1, flags=0x0}
1 (544, 840000000) 3 {name='GPS_velocity.x', type=FLOAT64, size=8, count=1, flags=0x0}
1 (544, 840000000) 4 {name='GPS_velocity.y', type=FLOAT64, size=8, count=1, flags=0x0}
1 (544, 840000000) 5 {name='GPS_velocity.z', type=FLOAT64, size=8, count=1, flags=0x0}
2 (544, 840000000) 0 {name='relativeLinearAcceleration.x', type=FLOAT64, size=8, count=1, flags=0x0}
2 (544, 840000000) 1 {name='relativeLinearAcceleration.y', type=FLOAT64, size=8, count=1, flags=0x0}
2 (544, 840000000) 2 {name='relativeLinearAcceleration.z', type=FLOAT64, size=8, count=1, flags=0x0}
2 (544, 840000000) 3 {name='relativeAngularAcceleration.x', type=FLOAT64, size=8, count=1, flags=0x0}
2 (544, 840000000) 4 {name='relativeAngularAcceleration.y', type=FLOAT64, size=8, count=1, flags=0x0}
2 (544, 840000000) 5 {name='relativeAngularAcceleration.z', type=FLOAT64, size=8, count=1, flags=0x0}
2 (544, 840000000) 6 {name='relativeLinearVelocity.x', type=FLOAT64, size=8, count=1, flags=0x0}
2 (544, 840000000) 7 {name='relativeLinearVelocity.y', type=FLOAT64, size=8, count=1, flags=0x0}
2 (544, 840000000) 8 {name='relativeLinearVelocity.z', type=FLOAT64, size=8, count=1, flags=0x0}
2 (544, 840000000) 9 {name='relativeAngularVelocity.x', type=FLOAT64, size=8, count=1, flags=0x0}
2 (544, 840000000) 10 {name='relativeAngularVelocity.y', type=FLOAT64, size=8, count=1, flags=0x0}
2 (544, 840000000) 11 {name='relativeAngularVelocity.z', type=FLOAT64, size=8, count=1, flags=0x0}
2 (544, 840000000) 12 {name='worldLinearVelocity.x', type=FLOAT64, size=8, count=1, flags=0x0}
2 (544, 840000000) 13 {name='worldLinearVelocity.y', type=FLOAT64, size=8, count=1, flags=0x0}
2 (544, 840000000) 14 {name='worldLinearVelocity.z', type=FLOAT64, size=8, count=1, flags=0x0}
2 (544, 840000000) 15 {name='worldPosition.x', type=FLOAT64, size=8, count=1, flags=0x0}
2 (544, 840000000) 16 {name='worldPosition.y', type=FLOAT64, size=8, count=1, flags=0x0}
2 (544, 840000000) 17 {name='worldPosition.z', type=FLOAT64, size=8, count=1, flags=0x0}
2 (544, 840000000) 18 {name='worldAttitude.x', type=FLOAT64, size=8, count=1, flags=0x0}
2 (544, 840000000) 19 {name='worldAttitude.y', type=FLOAT64, size=8, count=1, flags=0x0}
2 (544, 840000000) 20 {name='worldAttitude.z', type=FLOAT64, size=8, count=1, flags=0x0}
2 (544, 840000000) 21 {name='worldPressure', type=FLOAT64, size=8, count=1, flags=0x0}
2 (544, 840000000) 22 {name='worldTemperature', type=FLOAT64, size=8, count=1, flags=0x0}
2 (544, 840000000) 23 {name='lastCollisionTime', type=FLOAT64, size=8, count=1, flags=0x0}
3 (544, 841000000) 0 {name='GPS_spherical.x', type=FLOAT64, size=8, count=1, flags=0x0}
3 (544, 841000000) 1 {name='GPS_spherical.y', type=FLOAT64, size=8, count=1, flags=0x0}
3 (544, 841000000) 2 {name='GPS_spherical.z', type=FLOAT64, size=8, count=1, flags=0x0}
3 (544, 841000000) 3 {name='GPS_velocity.x', type=FLOAT64, size=8, count=1, flags=0x0}
3 (544, 841000000) 4 {name='GPS_velocity.y', type=FLOAT64, size=8, count=1, flags=0x0}
3 (544, 841000000) 5 {name='GPS_velocity.z', type=FLOAT64, size=8, count=1, flags=0x0}
4 (544, 841000000) 0 {name='relativeLinearAcceleration.x', type=FLOAT64, size=8, count=1, flags=0x0}
4 (544, 841000000) 1 {name='relativeLinearAcceleration.y', type=FLOAT64, size=8, count=1, flags=0x0}
4 (544, 841000000) 2 {name='relativeLinearAcceleration.z', type=FLOAT64, size=8, count=1, flags=0x0}
4 (544, 841000000) 3 {name='relativeAngularAcceleration.x', type=FLOAT64, size=8, count=1, flags=0x0}
4 (544, 841000000) 4 {name='relativeAngularAcceleration.y', type=FLOAT64, size=8, count=1, flags=0x0}
4 (544, 841000000) 5 {name='relativeAngularAcceleration.z', type=FLOAT64, size=8, count=1, flags=0x0}
4 (544, 841000000) 6 {name='relativeLinearVelocity.x', type=FLOAT64, size=8, count=1, flags=0x0}
4 (544, 841000000) 7 {name='relativeLinearVelocity.y', type=FLOAT64, size=8, count=1, flags=0x0}
4 (544, 841000000) 8 {name='relativeLinearVelocity.z', type=FLOAT64, size=8, count=1, flags=0x0}
4 (544, 841000000) 9 {name='relativeAngularVelocity.x', type=FLOAT64, size=8, count=1, flags=0x0}
4 (544, 841000000) 10 {name='relativeAngularVelocity.y', type=FLOAT64, size=8, count=1, flags=0x0}
4 (544, 841000000) 11 {name='relativeAngularVelocity.z', type=FLOAT64, size=8, count=1, flags=0x0}
4 (544, 841000000) 12 {name='worldLinearVelocity.x', type=FLOAT64, size=8, count=1, flags=0x0}
4 (544, 841000000) 13 {name='worldLinearVelocity.y', type=FLOAT64, size=8, count=1, flags=0x0}
4 (544, 841000000) 14 {name='worldLinearVelocity.z', type=FLOAT64, size=8, count=1, flags=0x0}
4 (544, 841000000) 15 {name='worldPosition.x', type=FLOAT64, size=8, count=1, flags=0x0}
4 (544, 841000000) 16 {name='worldPosition.y', type=FLOAT64, size=8, count=1, flags=0x0}
4 (544, 841000000) 17 {name='worldPosition.z', type=FLOAT64, size=8, count=1, flags=0x0}
4 (544, 841000000) 18 {name='worldAttitude.x', type=FLOAT64, size=8, count=1, flags=0x0}
4 (544, 841000000) 19 {name='worldAttitude.y', type=FLOAT64, size=8, count=1, flags=0x0}
4 (544, 841000000) 20 {name='worldAttitude.z', type=FLOAT64, size=8, count=1, flags=0x0}
4 (544, 841000000) 21 {name='worldPressure', type=FLOAT64, size=8, count=1, flags=0x0}
4 (544, 841000000) 22 {name='worldTemperature', type=FLOAT64, size=8, count=1, flags=0x0}
4 (544, 841000000) 23 {name='lastCollisionTime', type=FLOAT64, size=8, count=1, flags=0x0}
5 (544, 841000000) 0 {name='GPS_spherical.x', type=FLOAT64, size=8, count=1, flags=0x0}
5 (544, 841000000) 1 {name='GPS_spherical.y', type=FLOAT64, size=8, count=1, flags=0x0}
5 (544, 841000000) 2 {name='GPS_spherical.z', type=FLOAT64, size=8, count=1, flags=0x0}
5 (544, 841000000) 3 {name='GPS_velocity.x', type=FLOAT64, size=8, count=1, flags=0x0}
5 (544, 841000000) 4 {name='GPS_velocity.y', type=FLOAT64, size=8, count=1, flags=0x0}
5 (544, 841000000) 5 {name='GPS_velocity.z', type=FLOAT64, size=8, count=1, flags=0x0}
6 (544, 841000000) 0 {name='current_voltage', type=FLOAT64, size=8, count=1, flags=0x0}
7 (544, 841000000) 0 {name='SysTimestamp_ns', type=UINT64, size=8, count=1, flags=0x0}
7 (544, 841000000) 1 {name='SdyTimestamp_ns', type=UINT64, size=8, count=1, flags=0x0}
7 (544, 841000000) 2 {name='SimTimestamp_ns', type=UINT64, size=8, count=1, flags=0x0}
8 (544, 842000000) 0 {name='relativeLinearAcceleration.x', type=FLOAT64, size=8, count=1, flags=0x0}
8 (544, 842000000) 1 {name='relativeLinearAcceleration.y', type=FLOAT64, size=8, count=1, flags=0x0}
8 (544, 842000000) 2 {name='relativeLinearAcceleration.z', type=FLOAT64, size=8, count=1, flags=0x0}
8 (544, 842000000) 3 {name='relativeAngularAcceleration.x', type=FLOAT64, size=8, count=1, flags=0x0}
8 (544, 842000000) 4 {name='relativeAngularAcceleration.y', type=FLOAT64, size=8, count=1, flags=0x0}
8 (544, 842000000) 5 {name='relativeAngularAcceleration.z', type=FLOAT64, size=8, count=1, flags=0x0}
8 (544, 842000000) 6 {name='relativeLinearVelocity.x', type=FLOAT64, size=8, count=1, flags=0x0}
8 (544, 842000000) 7 {name='relativeLinearVelocity.y', type=FLOAT64, size=8, count=1, flags=0x0}
8 (544, 842000000) 8 {name='relativeLinearVelocity.z', type=FLOAT64, size=8, count=1, flags=0x0}
8 (544, 842000000) 9 {name='relativeAngularVelocity.x', type=FLOAT64, size=8, count=1, flags=0x0}
8 (544, 842000000) 10 {name='relativeAngularVelocity.y', type=FLOAT64, size=8, count=1, flags=0x0}
8 (544, 842000000) 11 {name='relativeAngularVelocity.z', type=FLOAT64, size=8, count=1, flags=0x0}
8 (544, 842000000) 12 {name='worldLinearVelocity.x', type=FLOAT64, size=8, count=1, flags=0x0}
8 (544, 842000000) 13 {name='worldLinearVelocity.y', type=FLOAT64, size=8, count=1, flags=0x0}
8 (544, 842000000) 14 {name='worldLinearVelocity.z', type=FLOAT64, size=8, count=1, flags=0x0}
8 (544, 842000000) 15 {name='worldPosition.x', type=FLOAT64, size=8, count=1, flags=0x0}
8 (544, 842000000) 16 {name='worldPosition.y', type=FLOAT64, size=8, count=1, flags=0x0}
8 (544, 842000000) 17 {name='worldPosition.z', type=FLOAT64, size=8, count=1, flags=0x0}
8 (544, 842000000) 18 {name='worldAttitude.x', type=FLOAT64, size=8, count=1, flags=0x0}
8 (544, 842000000) 19 {name='worldAttitude.y', type=FLOAT64, size=8, count=1, flags=0x0}
8 (544, 842000000) 20 {name='worldAttitude.z', type=FLOAT64, size=8, count=1, flags=0x0}
8 (544, 842000000) 21 {name='worldPressure', type=FLOAT64, size=8, count=1, flags=0x0}
8 (544, 842000000) 22 {name='worldTemperature', type=FLOAT64, size=8, count=1, flags=0x0}
8 (544, 842000000) 23 {name='lastCollisionTime', type=FLOAT64, size=8, count=1, flags=0x0}
1 (545, 840000000) 0 {name='GPS_spherical.x', type=FLOAT64, size=8, count=1, flags=0x0}
1 (545, 840000000) 1 {name='GPS_spherical.y', type=FLOAT64, size=8, count=1, flags=0x0}
1 (545, 840000000) 2 {name='GPS_spherical.z', type=FLOAT64, size=8, count=1, flags=0x0}
1 (545, 840000000) 3 {name='GPS_velocity.x', type=FLOAT64, size=8, count=1, flags=0x0}
1 (545, 840000000) 4 {name='GPS_velocity.y', type=FLOAT64, size=8, count=1, flags=0x0}
1 (545, 840000000) 5 {name='GPS_velocity.z', type=FLOAT64, size=8, count=1, flags=0x0}
2 (545, 840000000) 0 {name='relativeLinearAcceleration.x', type=FLOAT64, size=8, count=1, flags=0x0}
2 (545, 840000000) 1 {name='relativeLinearAcceleration.y', type=FLOAT64, size=8, count=1, flags=0x0}
2 (545, 840000000) 2 {name='relativeLinearAcceleration.z', type=FLOAT64, size=8, count=1, flags=0x0}
2 (545, 840000000) 3 {name='relativeAngularAcceleration.x', type=FLOAT64, size=8, count=1, flags=0x0}
2 (545, 840000000) 4 {name='relativeAngularAcceleration.y', type=FLOAT64, size=8, count=1, flags=0x0}
2 (545, 840000000) 5 {name='relativeAngularAcceleration.z', type=FLOAT64, size=8, count=1, flags=0x0}
2 (545, 840000000) 6 {name='relativeLinearVelocity.x', type=FLOAT64, size=8, count=1, flags=0x0}
2 (545, 840000000) 7 {name='relativeLinearVelocity.y', type=FLOAT64, size=8, count=1, flags=0x0}
2 (545, 840000000) 8 {name='relativeLinearVelocity.z', type=FLOAT64, size=8, count=1, flags=0x0}
2 (545, 840000000) 9 {name='relativeAngularVelocity.x', type=FLOAT64, size=8, count=1, flags=0x0}
2 (545, 840000000) 10 {name='relativeAngularVelocity.y', type=FLOAT64, size=8, count=1, flags=0x0}
2 (545, 840000000) 11 {name='relativeAngularVelocity.z', type=FLOAT64, size=8, count=1, flags=0x0}
2 (545, 840000000) 12 {name='worldLinearVelocity.x', type=FLOAT64, size=8, count=1, flags=0x0}
2 (545, 840000000) 13 {name='worldLinearVelocity.y', type=FLOAT64, size=8, count=1, flags=0x0}
2 (545, 840000000) 14 {name='worldLinearVelocity.z', type=FLOAT64, size=8, count=1, flags=0x0}
2 (545, 840000000) 15 {name='worldPosition.x', type=FLOAT64, size=8, count=1, flags=0x0}
2 (545, 840000000) 16 {name='worldPosition.y', type=FLOAT64, size=8, count=1, flags=0x0}
2 (545, 840000000) 17 {name='worldPosition.z', type=FLOAT64, size=8, count=1, flags=0x0}
2 (545, 840000000) 18 {name='worldAttitude.x', type=FLOAT64, size=8, count=1, flags=0x0}
2 (545, 840000000) 19 {name='worldAttitude.y', type=FLOAT64, size=8, count=1, flags=0x0}
2 (545, 840000000) 20 {name='worldAttitude.z', type=FLOAT64, size=8, count=1, flags=0x0}
2 (545, 840000000) 21 {name='worldPressure', type=FLOAT64, size=8, count=1, flags=0x0}
2 (545, 840000000) 22 {name='worldTemperature', type=FLOAT64, size=8, count=1, flags=0x0}
2 (545, 840000000) 23 {name='lastCollisionTime', type=FLOAT64, size=8, count=1, flags=0x0}
3 (545, 841000000) 0 {name='GPS_spherical.x', type=FLOAT64, size=8, count=1, flags=0x0}
3 (545, 841000000) 1 {name='GPS_spherical.y', type=FLOAT64, size=8, count=1, flags=0x0}
3 (545, 841000000) 2 {name='GPS_spherical.z', type=FLOAT64, size=8, count=1, flags=0x0}
3 (545, 841000000) 3 {name='GPS_velocity.x', type=FLOAT64, size=8, count=1, flags=0x0}
3 (545, 841000000) 4 {name='GPS_velocity.y', type=FLOAT64, size=8, count=1, flags=0x0}
3 (545, 841000000) 5 {name='GPS_velocity.z', type=FLOAT64, size=8, count=1, flags=0x0}
4 (545, 841000000) 0 {name='relativeLinearAcceleration.x', type=FLOAT64, size=8, count=1, flags=0x0}
4 (545, 841000000) 1 {name='relativeLinearAcceleration.y', type=FLOAT64, size=8, count=1, flags=0x0}
4 (545, 841000000) 2 {name='relativeLinearAcceleration.z', type=FLOAT64, size=8, count=1, flags=0x0}
4 (545, 841000000) 3 {name='relativeAngularAcceleration.x', type=FLOAT64, size=8, count=1, flags=0x0}
4 (545, 841000000) 4 {name='relativeAngularAcceleration.y', type=FLOAT64, size=8, count=1, flags=0x0}
4 (545, 841000000) 5 {name='relativeAngularAcceleration.z', type=FLOAT64, size=8, count=1, flags=0x0}
4 (545, 841000000) 6 {name='relativeLinearVelocity.x', type=FLOAT64, size=8, count=1, flags=0x0}
4 (545, 841000000) 7 {name='relativeLinearVelocity.y', type=FLOAT64, size=8, count=1, flags=0x0}
4 (545, 841000000) 8 {name='relativeLinearVelocity.z', type=FLOAT64, size=8, count=1, flags=0x0}
4 (545, 841000000) 9 {name='relativeAngularVelocity.x', type=FLOAT64, size=8, count=1, flags=0x0}
4 (545, 841000000) 10 {name='relativeAngularVelocity.y', type=FLOAT64, size=8, count=1, flags=0x0}
4 (545, 841000000) 11 {name='relativeAngularVelocity.z', type=FLOAT64, size=8, count=1, flags=0x0}
4 (545, 841000000) 12 {name='worldLinearVelocity.x', type=FLOAT64, size=8, count=1, flags=0x0}
4 (545, 841000000) 13 {name='worldLinearVelocity.y', type=FLOAT64, size=8, count=1, flags=0x0}
4 (545, 841000000) 14 {name='worldLinearVelocity.z', type=FLOAT64, size=8, count=1, flags=0x0}
4 (545, 841000000) 15 {name='worldPosition.x', type=FLOAT64, size=8, count=1, flags=0x0}
4 (545, 841000000) 16 {name='worldPosition.y', type=FLOAT64, size=8, count=1, flags=0x0}
4 (545, 841000000) 17 {name='worldPosition.z', type=FLOAT64, size=8, count=1, flags=0x0}
4 (545, 841000000) 18 {name='worldAttitude.x', type=FLOAT64, size=8, count=1, flags=0x0}
4 (545, 841000000) 19 {name='worldAttitude.y', type=FLOAT64, size=8, count=1, flags=0x0}
4 (545, 841000000) 20 {name='worldAttitude.z', type=FLOAT64, size=8, count=1, flags=0x0}
4 (545, 841000000) 21 {name='worldPressure', type=FLOAT64, size=8, count=1, flags=0x0}
4 (545, 841000000) 22 {name='worldTemperature', type=FLOAT64, size=8, count=1, flags=0x0}
4 (545, 841000000) 23 {name='lastCollisionTime', type=FLOAT64, size=8, count=1, flags=0x0}
5 (545, 841000000) 0 {name='GPS_spherical.x', type=FLOAT64, size=8, count=1, flags=0x0}
5 (545, 841000000) 1 {name='GPS_spherical.y', type=FLOAT64, size=8, count=1, flags=0x0}
5 (545, 841000000) 2 {name='GPS_spherical.z', type=FLOAT64, size=8, count=1, flags=0x0}
5 (545, 841000000) 3 {name='GPS_velocity.x', type=FLOAT64, size=8, count=1, flags=0x0}
5 (545, 841000000) 4 {name='GPS_velocity.y', type=FLOAT64, size=8, count=1, flags=0x0}
5 (545, 841000000) 5 {name='GPS_velocity.z', type=FLOAT64, size=8, count=1, flags=0x0}
6 (545, 841000000) 0 {name='current_voltage', type=FLOAT64, size=8, count=1, flags=0x0}
7 (545, 841000000) 0 {name='SysTimestamp_ns', type=UINT64, size=8, count=1, flags=0x0}
7 (545, 841000000) 1 {name='SdyTimestamp_ns', type=UINT64, size=8, count=1, flags=0x0}
7 (545, 841000000) 2 {name='SimTimestamp_ns', type=UINT64, size=8, count=1, flags=0x0}
8 (545, 842000000) 0 {name='relativeLinearAcceleration.x', type=FLOAT64, size=8, count=1, flags=0x0}
8 (545, 842000000) 1 {name='relativeLinearAcceleration.y', type=FLOAT64, size=8, count=1, flags=0x0}
8 (545, 842000000) 2 {name='relativeLinearAcceleration.z', type=FLOAT64, size=8, count=1, flags=0x0}
8 (545, 842000000) 3 {name='relativeAngularAcceleration.x', type=FLOAT64, size=8, count=1, flags=0x0}
8 (545, 842000000) 4 {name='relativeAngularAcceleration.y', type=FLOAT64, size=8, count=1, flags=0x0}
8 (545, 842000000) 5 {name='relativeAngularAcceleration.z', type=FLOAT64, size=8, count=1, flags=0x0}
8 (545, 842000000) 6 {name='relativeLinearVelocity.x', type=FLOAT64, size=8, count=1, flags=0x0}
8 (545, 842000000) 7 {name='relativeLinearVelocity.y', type=FLOAT64, size=8, count=1, flags=0x0}
8 (545, 842000000) 8 {name='relativeLinearVelocity.z', type=FLOAT64, size=8, count=1, flags=0x0}
8 (545, 842000000) 9 {name='relativeAngularVelocity.x', type=FLOAT64, size=8, count=1, flags=0x0}
8 (545, 842000000) 10 {name='relativeAngularVelocity.y', type=FLOAT64, size=8, count=1, flags=0x0}
8 (545, 842000000) 11 {name='relativeAngularVelocity.z', type=FLOAT64, size=8, count=1, flags=0x0}
8 (545, 842000000) 12 {name='worldLinearVelocity.x', type=FLOAT64, size=8, count=1, flags=0x0}
8 (545, 842000000) 13 {name='worldLinearVelocity.y', type=FLOAT64, size=8, count=1, flags=0x0}
8 (545, 842000000) 14 {name='worldLinearVelocity.z', type=FLOAT64, size=8, count=1, flags=0x0}
8 (545, 842000000) 15 {name='worldPosition.x', type=FLOAT64, size=8, count=1, flags=0x0}
8 (545, 842000000) 16 {name='worldPosition.y', type=FLOAT64, size=8, count=1, flags=0x0}
8 (545, 842000000) 17 {name='worldPosition.z', type=FLOAT64, size=8, count=1, flags=0x0}
8 (545, 842000000) 18 {name='worldAttitude.x', type=FLOAT64, size=8, count=1, flags=0x0}
8 (545, 842000000) 19 {name='worldAttitude.y', type=FLOAT64, size=8, count=1, flags=0x0}
8 (545, 842000000) 20 {name='worldAttitude.z', type=FLOAT64, size=8, count=1, flags=0x0}
8 (545, 842000000) 21 {name='worldPressure', type=FLOAT64, size=8, count=1, flags=0x0}
8 (545, 842000000) 22 {name='worldTemperature', type=FLOAT64, size=8, count=1, flags=0x0}
8 (545, 842000000) 23 {name='lastCollisionTime', type=FLOAT64, size=8, count=1, flags=0x0}
1 (546, 840000000) 0 {name='GPS_spherical.x', type=FLOAT64, size=8, count=1, flags=0x0}
1 (546, 840000000) 1 {name='GPS_spherical.y', type=FLOAT64, size=8, count=1, flags=0x0}
1 (546, 840000000) 2 {name='GPS_spherical.z', type=FLOAT64, size=8, count=1, flags=0x0}
1 (546, 840000000) 3 {name='GPS_velocity.x', type=FLOAT64, size=8, count=1, flags=0x0}
1 (546, 840000000) 4 {name='GPS_velocity.y', type=FLOAT64, size=8, count=1, flags=0x0}
1 (546, 840000000) 5 {name='GPS_velocity.z', type=FLOAT64, size=8, count=1, flags=0x0}
2 (546, 840000000) 0 {name='relativeLinearAcceleration.x', type=FLOAT64, size=8, count=1, flags=0x0}
2 (546, 840000000) 1 {name='relativeLinearAcceleration.y', type=FLOAT64, size=8, count=1, flags=0x0}
2 (546, 840000000) 2 {name='relativeLinearAcceleration.z', type=FLOAT64, size=8, count=1, flags=0x0}
2 (546, 840000000) 3 {name='relativeAngularAcceleration.x', type=FLOAT64, size=8, count=1, flags=0x0}
2 (546, 840000000) 4 {name='relativeAngularAcceleration.y', type=FLOAT64, size=8, count=1, flags=0x0}
2 (546, 840000000) 5 {name='relativeAngularAcceleration.z', type=FLOAT64, size=8, count=1, flags=0x0}
2 (546, 840000000) 6 {name='relativeLinearVelocity.x', type=FLOAT64, size=8, count=1, flags=0x0}
2 (546, 840000000) 7 {name='relativeLinearVelocity.y', type=FLOAT64, size=8, count=1, flags=0x0}
2 (546, 840000000) 8 {name='relativeLinearVelocity.z', type=FLOAT64, size=8, count=1, flags=0x0}
2 (546, 840000000) 9 {name='relativeAngularVelocity.x', type=FLOAT64, size=8, count=1, flags=0x0}
2 (546, 840000000) 10 {name='relativeAngularVelocity.y', type=FLOAT64, size=8, count=1, flags=0x0}
2 (546, 840000000) 11 {name='relativeAngularVelocity.z', type=FLOAT64, size=8, count=1, flags=0x0}
2 (546, 840000000) 12 {name='worldLinearVelocity.x', type=FLOAT64, size=8, count=1, flags=0x0}
2 (546, 840000000) 13 {name='worldLinearVelocity.y', type=FLOAT64, size=8, count=1, flags=0x0}
2 (546, 840000000) 14 {name='worldLinearVelocity.z', type=FLOAT64, size=8, count=1, flags=0x0}
2 (546, 840000000) 15 {name='worldPosition.x', type=FLOAT64, size=8, count=1, flags=0x0}
2 (546, 840000000) 16 {name='worldPosition.y', type=FLOAT64, size=8, count=1, flags=0x0}
2 (546, 840000000) 17 {name='worldPosition.z', type=FLOAT64, size=8, count=1, flags=0x0}
2 (546, 840000000) 18 {name='worldAttitude.x', type=FLOAT64, size=8, count=1, flags=0x0}
2 (546, 840000000) 19 {name='worldAttitude.y', type=FLOAT64, size=8, count=1, flags=0x0}
2 (546, 840000000) 20 {name='worldAttitude.z', type=FLOAT64, size=8, count=1, flags=0x0}
2 (546, 840000000) 21 {name='worldPressure', type=FLOAT64, size=8, count=1, flags=0x0}
2 (546, 840000000) 22 {name='worldTemperature', type=FLOAT64, size=8, count=1, flags=0x0}
2 (546, 840000000) 23 {name='lastCollisionTime', type=FLOAT64, size=8, count=1, flags=0x0}
3 (546, 841000000) 0 {name='GPS_spherical.x', type=FLOAT64, size=8, count=1, flags=0x0}
3 (546, 841000000) 1 {name='GPS_spherical.y', type=FLOAT64, size=8, count=1, flags=0x0}
3 (546, 841000000) 2 {name='GPS_spherical.z', type=FLOAT64, size=8, count=1, flags=0x0}
3 (546, 841000000) 3 {name='GPS_velocity.x', type=FLOAT64, size=8, count=1, flags=0x0}
3 (546, 841000000) 4 {name='GPS_velocity.y', type=FLOAT64, size=8, count=1, flags=0x0}
3 (546, 841000000) 5 {name='GPS_velocity.z', type=FLOAT64, size=8, count=1, flags=0x0}
4 (546, 841000000) 0 {name='relativeLinearAcceleration.x', type=FLOAT64, size=8, count=1, flags=0x0}
4 (546, 841000000) 1 {name='relativeLinearAcceleration.y', type=FLOAT64, size=8, count=1, flags=0x0}
4 (546, 841000000) 2 {name='relativeLinearAcceleration.z', type=FLOAT64, size=8, count=1, flags=0x0}
4 (546, 841000000) 3 {name='relativeAngularAcceleration.x', type=FLOAT64, size=8, count=1, flags=0x0}
4 (546, 841000000) 4 {name='relativeAngularAcceleration.y', type=FLOAT64, size=8, count=1, flags=0x0}
4 (546, 841000000) 5 {name='relativeAngularAcceleration.z', type=FLOAT64, size=8, count=1, flags=0x0}
4 (546, 841000000) 6 {name='relativeLinearVelocity.x', type=FLOAT64, size=8, count=1, flags=0x0}
4 (546, 841000000) 7 {name='relativeLinearVelocity.y', type=FLOAT64, size=8, count=1, flags=0x0}
4 (546, 841000000) 8 {name='relativeLinearVelocity.z', type=FLOAT64, size=8, count=1, flags=0x0}
4 (546, 841000000) 9 {name='relativeAngularVelocity.x', type=FLOAT64, size=8, count=1, flags=0x0}
4 (546, 841000000) 10 {name='relativeAngularVelocity.y', type=FLOAT64, size=8, count=1, flags=0x0}
4 (546, 841000000) 11 {name='relativeAngularVelocity.z', type=FLOAT64, size=8, count=1, flags=0x0}
4 (546, 841000000) 12 {name='worldLinearVelocity.x', type=FLOAT64, size=8, count=1, flags=0x0}
4 (546, 841000000) 13 {name='worldLinearVelocity.y', type=FLOAT64, size=8, count=1, flags=0x0}
4 (546, 841000000) 14 {name='worldLinearVelocity.z', type=FLOAT64, size=8, count=1, flags=0x0}
4 (546, 841000000) 15 {name='worldPosition.x', type=FLOAT64, size=8, count=1, flags=0x0}
4 (546, 841000000) 16 {name='worldPosition.y', type=FLOAT64, size=8, count=1, flags=0x0}
4 (546, 841000000) 17 {name='worldPosition.z', type=FLOAT64, size=8, count=1, flags=0x0}
4 (546, 841000000) 18 {name='worldAttitude.x', type=FLOAT64, size=8, count=1, flags=0x0}
4 (546, 841000000) 19 {name='worldAttitude.y', type=FLOAT64, size=8, count=1, flags=0x0}
4 (546, 841000000) 20 {name='worldAttitude.z', type=FLOAT64, size=8, count=1, flags=0x0}
4 (546, 841000000) 21 {name='worldPressure', type=FLOAT64, size=8, count=1, flags=0x0}
4 (546, 841000000) 22 {name='worldTemperature', type=FLOAT64, size=8, count=1, flags=0x0}
4 (546, 841000000) 23 {name='lastCollisionTime', type=FLOAT64, size=8, count=1, flags=0x0}
5 (546, 841000000) 0 {name='GPS_spherical.x', type=FLOAT64, size=8, count=1, flags=0x0}
5 (546, 841000000) 1 {name='GPS_spherical.y', type=FLOAT64, size=8, count=1, flags=0x0}
5 (546, 841000000) 2 {name='GPS_spherical.z', type=FLOAT64, size=8, count=1, flags=0x0}
5 (546, 841000000) 3 {name='GPS_velocity.x', type=FLOAT64, size=8, count=1, flags=0x0}
5 (546, 841000000) 4 {name='GPS_velocity.y', type=FLOAT64, size=8, count=1, flags=0x0}
5 (546, 841000000) 5 {name='GPS_velocity.z', type=FLOAT64, size=8, count=1, flags=0x0}
6 (546, 841000000) 0 {name='current_voltage', type=FLOAT64, size=8, count=1, flags=0x0}
7 (546, 841000000) 0 {name='SysTimestamp_ns', type=UINT64, size=8, count=1, flags=0x0}
7 (546, 841000000) 1 {name='SdyTimestamp_ns', type=UINT64, size=8, count=1, flags=0x0}
7 (546, 841000000) 2 {name='SimTimestamp_ns', type=UINT64, size=8, count=1, flags=0x0}
8 (546, 842000000) 0 {name='relativeLinearAcceleration.x', type=FLOAT64, size=8, count=1, flags=0x0}
8 (546, 842000000) 1 {name='relativeLinearAcceleration.y', type=FLOAT64, size=8, count=1, flags=0x0}
8 (546, 842000000) 2 {name='relativeLinearAcceleration.z', type=FLOAT64, size=8, count=1, flags=0x0}
8 (546, 842000000) 3 {name='relativeAngularAcceleration.x', type=FLOAT64, size=8, count=1, flags=0x0}
8 (546, 842000000) 4 {name='relativeAngularAcceleration.y', type=FLOAT64, size=8, count=1, flags=0x0}
8 (546, 842000000) 5 {name='relativeAngularAcceleration.z', type=FLOAT64, size=8, count=1, flags=0x0}
8 (546, 842000000) 6 {name='relativeLinearVelocity.x', type=FLOAT64, size=8, count=1, flags=0x0}
8 (546, 842000000) 7 {name='relativeLinearVelocity.y', type=FLOAT64, size=8, count=1, flags=0x0}
8 (546, 842000000) 8 {name='relativeLinearVelocity.z', type=FLOAT64, size=8, count=1, flags=0x0}
8 (546, 842000000) 9 {name='relativeAngularVelocity.x', type=FLOAT64, size=8, count=1, flags=0x0}
8 (546, 842000000) 10 {name='relativeAngularVelocity.y', type=FLOAT64, size=8, count=1, flags=0x0}
8 (546, 842000000) 11 {name='relativeAngularVelocity.z', type=FLOAT64, size=8, count=1, flags=0x0}
8 (546, 842000000) 12 {name='worldLinearVelocity.x', type=FLOAT64, size=8, count=1, flags=0x0}
8 (546, 842000000) 13 {name='worldLinearVelocity.y', type=FLOAT64, size=8, count=1, flags=0x0}
8 (546, 842000000) 14 {name='worldLinearVelocity.z', type=FLOAT64, size=8, count=1, flags=0x0}
8 (546, 842000000) 15 {name='worldPosition.x', type=FLOAT64, size=8, count=1, flags=0x0}
8 (546, 842000000) 16 {name='worldPosition.y', type=FLOAT64, size=8, count=1, flags=0x0}
8 (546, 842000000) 17 {name='worldPosition.z', type=FLOAT64, size=8, count=1, flags=0x0}
8 (546, 842000000) 18 {name='worldAttitude.x', type=FLOAT64, size=8, count=1, flags=0x0}
8 (546, 842000000) 19 {name='worldAttitude.y', type=FLOAT64, size=8, count=1, flags=0x0}
8 (546, 842000000) 20 {name='worldAttitude.z', type=FLOAT64, size=8, count=1, flags=0x0}
8 (546, 842000000) 21 {name='worldPressure', type=FLOAT64, size=8, count=1, flags=0x0}
8 (546, 842000000) 22 {name='worldTemperature', type=FLOAT64, size=8, count=1, flags=0x0}
8 (546, 842000000) 23 {name='lastCollisionTime', type=FLOAT64, size=8, count=1, flags=0x0}
1 (547, 840000000) 0 {name='GPS_spherical.x', type=FLOAT64, size=8, count=1, flags=0x0}
1 (547, 840000000) 1 {name='GPS_spherical.y', type=FLOAT64, size=8, count=1, flags=0x0}
1 (547, 840000000) 2 {name='GPS_spherical.z', type=FLOAT64, size=8, count=1, flags=0x0}
1 (547, 840000000) 3 {name='GPS_velocity.x', type=FLOAT64, size=8, count=1, flags=0x0}
1 (547, 840000000) 4 {name='GPS_velocity.y', type=FLOAT64, size=8, count=1, flags=0x0}
1 (547, 840000000) 5 {name='GPS_velocity.z', type=FLOAT64, size=8, count=1, flags=0x0}
2 (547, 840000000) 0 {name='relativeLinearAcceleration.x', type=FLOAT64, size=8, count=1, flags=0x0}
2 (547, 840000000) 1 {name='relativeLinearAcceleration.y', type=FLOAT64, size=8, count=1, flags=0x0}
2 (547, 840000000) 2 {name='relativeLinearAcceleration.z', type=FLOAT64, size=8, count=1, flags=0x0}
2 (547, 840000000) 3 {name='relativeAngularAcceleration.x', type=FLOAT64, size=8, count=1, flags=0x0}
2 (547, 840000000) 4 {name='relativeAngularAcceleration.y', type=FLOAT64, size=8, count=1, flags=0x0}
2 (547, 840000000) 5 {name='relativeAngularAcceleration.z', type=FLOAT64, size=8, count=1, flags=0x0}
2 (547, 840000000) 6 {name='relativeLinearVelocity.x', type=FLOAT64, size=8, count=1, flags=0x0}
2 (547, 840000000) 7 {name='relativeLinearVelocity.y', type=FLOAT64, size=8, count=1, flags=0x0}
2 (547, 840000000) 8 {name='relativeLinearVelocity.z', type=FLOAT64, size=8, count=1, flags=0x0}
2 (547, 840000000) 9 {name='relativeAngularVelocity.x', type=FLOAT64, size=8, count=1, flags=0x0}
2 (547, 840000000) 10 {name='relativeAngularVelocity.y', type=FLOAT64, size=8, count=1, flags=0x0}
2 (547, 840000000) 11 {name='relativeAngularVelocity.z', type=FLOAT64, size=8, count=1, flags=0x0}
2 (547, 840000000) 12 {name='worldLinearVelocity.x', type=FLOAT64, size=8, count=1, flags=0x0}
2 (547, 840000000) 13 {name='worldLinearVelocity.y', type=FLOAT64, size=8, count=1, flags=0x0}
2 (547, 840000000) 14 {name='worldLinearVelocity.z', type=FLOAT64, size=8, count=1, flags=0x0}
2 (547, 840000000) 15 {name='worldPosition.x', type=FLOAT64, size=8, count=1, flags=0x0}
2 (547, 840000000) 16 {name='worldPosition.y', type=FLOAT64, size=8, count=1, flags=0x0}
2 (547, 840000000) 17 {name='worldPosition.z', type=FLOAT64, size=8, count=1, flags=0x0}
2 (547, 840000000) 18 {name='worldAttitude.x', type=FLOAT64, size=8, count=1, flags=0x0}
2 (547, 840000000) 19 {name='worldAttitude.y', type=FLOAT64, size=8, count=1, flags=0x0}
2 (547, 840000000) 20 {name='worldAttitude.z', type=FLOAT64, size=8, count=1, flags=0x0}
2 (547, 840000000) 21 {name='worldPressure', type=FLOAT64, size=8, count=1, flags=0x0}
2 (547, 840000000) 22 {name='worldTemperature', type=FLOAT64, size=8, count=1, flags=0x0}
2 (547, 840000000) 23 {name='lastCollisionTime', type=FLOAT64, size=8, count=1, flags=0x0}
3 (547, 841000000) 0 {name='GPS_spherical.x', type=FLOAT64, size=8, count=1, flags=0x0}
3 (547, 841000000) 1 {name='GPS_spherical.y', type=FLOAT64, size=8, count=1, flags=0x0}
3 (547, 841000000) 2 {name='GPS_spherical.z', type=FLOAT64, size=8, count=1, flags=0x0}
3 (547, 841000000) 3 {name='GPS_velocity.x', type=FLOAT64, size=8, count=1, flags=0x0}
3 (547, 841000000) 4 {name='GPS_velocity.y', type=FLOAT64, size=8, count=1, flags=0x0}
3 (547, 841000000) 5 {name='GPS_velocity.z', type=FLOAT64, size=8, count=1, flags=0x0}
4 (547, 841000000) 0 {name='relativeLinearAcceleration.x', type=FLOAT64, size=8, count=1, flags=0x0}
4 (547, 841000000) 1 {name='relativeLinearAcceleration.y', type=FLOAT64, size=8, count=1, flags=0x0}
4 (547, 841000000) 2 {name='relativeLinearAcceleration.z', type=FLOAT64, size=8, count=1, flags=0x0}
4 (547, 841000000) 3 {name='relativeAngularAcceleration.x', type=FLOAT64, size=8, count=1, flags=0x0}
4 (547, 841000000) 4 {name='relativeAngularAcceleration.y', type=FLOAT64, size=8, count=1, flags=0x0}
4 (547, 841000000) 5 {name='relativeAngularAcceleration.z', type=FLOAT64, size=8, count=1, flags=0x0}
4 (547, 841000000) 6 {name='relativeLinearVelocity.x', type=FLOAT64, size=8, count=1, flags=0x0}
4 (547, 841000000) 7 {name='relativeLinearVelocity.y', type=FLOAT64, size=8, count=1, flags=0x0}
4 (547, 841000000) 8 {name='relativeLinearVelocity.z', type=FLOAT64, size=8, count=1, flags=0x0}
4 (547, 841000000) 9 {name='relativeAngularVelocity.x', type=FLOAT64, size=8, count=1, flags=0x0}
4 (547, 841000000) 10 {name='relativeAngularVelocity.y', type=FLOAT64, size=8, count=1, flags=0x0}
4 (547, 841000000) 11 {name='relativeAngularVelocity.z', type=FLOAT64, size=8, count=1, flags=0x0}
4 (547, 841000000) 12 {name='worldLinearVelocity.x', type=FLOAT64, size=8, count=1, flags=0x0}
4 (547, 841000000) 13 {name='worldLinearVelocity.y', type=FLOAT64, size=8, count=1, flags=0x0}
4 (547, 841000000) 14 {name='worldLinearVelocity.z', type=FLOAT64, size=8, count=1, flags=0x0}
4 (547, 841000000) 15 {name='worldPosition.x', type=FLOAT64, size=8, count=1, flags=0x0}
4 (547, 841000000) 16 {name='worldPosition.y', type=FLOAT64, size=8, count=1, flags=0x0}
4 (547, 841000000) 17 {name='worldPosition.z', type=FLOAT64, size=8, count=1, flags=0x0}
4 (547, 841000000) 18 {name='worldAttitude.x', type=FLOAT64, size=8, count=1, flags=0x0}
4 (547, 841000000) 19 {name='worldAttitude.y', type=FLOAT64, size=8, count=1, flags=0x0}
4 (547, 841000000) 20 {name='worldAttitude.z', type=FLOAT64, size=8, count=1, flags=0x0}
4 (547, 841000000) 21 {name='worldPressure', type=FLOAT64, size=8, count=1, flags=0x0}
4 (547, 841000000) 22 {name='worldTemperature', type=FLOAT64, size=8, count=1, flags=0x0}
4 (547, 841000000) 23 {name='lastCollisionTime', type=FLOAT64, size=8, count=1, flags=0x0}
5 (547, 841000000) 0 {name='GPS_spherical.x', type=FLOAT64, size=8, count=1, flags=0x0}
5 (547, 841000000) 1 {name='GPS_spherical.y', type=FLOAT64, size=8, count=1, flags=0x0}
5 (547, 841000000) 2 {name='GPS_spherical.z', type=FLOAT64, size=8, count=1, flags=0x0}
5 (547, 841000000) 3 {name='GPS_velocity.x', type=FLOAT64, size=8, count=1, flags=0x0}
5 (547, 841000000) 4 {name='GPS_velocity.y', type=FLOAT64, size=8, count=1, flags=0x0}
5 (547, 841000000) 5 {name='GPS_velocity.z', type=FLOAT64, size=8, count=1, flags=0x0}
6 (547, 841000000) 0 {name='current_voltage', type=FLOAT64, size=8, count=1, flags=0x0}
7 (547, 841000000) 0 {name='SysTimestamp_ns', type=UINT64, size=8, count=1, flags=0x0}
7 (547, 841000000) 1 {name='SdyTimestamp_ns', type=UINT64, size=8, count=1, flags=0x0}
7 (547, 841000000) 2 {name='SimTimestamp_ns', type=UINT64, size=8, count=1, flags=0x0}
8 (547, 842000000) 0 {name='relativeLinearAcceleration.x', type=FLOAT64, size=8, count=1, flags=0x0}
8 (547, 842000000) 1 {name='relativeLinearAcceleration.y', type=FLOAT64, size=8, count=1, flags=0x0}
8 (547, 842000000) 2 {name='relativeLinearAcceleration.z', type=FLOAT64, size=8, count=1, flags=0x0}
8 (547, 842000000) 3 {name='relativeAngularAcceleration.x', type=FLOAT64, size=8, count=1, flags=0x0}
8 (547, 842000000) 4 {name='relativeAngularAcceleration.y', type=FLOAT64, size=8, count=1, flags=0x0}
8 (547, 842000000) 5 {name='relativeAngularAcceleration.z', type=FLOAT64, size=8, count=1, flags=0x0}
8 (547, 842000000) 6 {name='relativeLinearVelocity.x', type=FLOAT64, size=8, count=1, flags=0x0}
8 (547, 842000000) 7 {name='relativeLinearVelocity.y', type=FLOAT64, size=8, count=1, flags=0x0}
8 (547, 842000000) 8 {name='relativeLinearVelocity.z', type=FLOAT64, size=8, count=1, flags=0x0}
8 (547, 842000000) 9 {name='relativeAngularVelocity.x', type=FLOAT64, size=8, count=1, flags=0x0}
8 (547, 842000000) 10 {name='relativeAngularVelocity.y', type=FLOAT64, size=8, count=1, flags=0x0}
8 (547, 842000000) 11 {name='relativeAngularVelocity.z', type=FLOAT64, size=8, count=1, flags=0x0}
8 (547, 842000000) 12 {name='worldLinearVelocity.x', type=FLOAT64, size=8, count=1, flags=0x0}
8 (547, 842000000) 13 {name='worldLinearVelocity.y', type=FLOAT64, size=8, count=1, flags=0x0}
8 (547, 842000000) 14 {name='worldLinearVelocity.z', type=FLOAT64, size=8, count=1, flags=0x0}
8 (547, 842000000) 15 {name='worldPosition.x', type=FLOAT64, size=8, count=1, flags=0x0}
8 (547, 842000000) 16 {name='worldPosition.y', type=FLOAT64, size=8, count=1, flags=0x0}
8 (547, 842000000) 17 {name='worldPosition.z', type=FLOAT64, size=8, count=1, flags=0x0}
8 (547, 842000000) 18 {name='worldAttitude.x', type=FLOAT64, size=8, count=1, flags=0x0}
8 (547, 842000000) 19 {name='worldAttitude.y', type=FLOAT64, size=8, count=1, flags=0x0}
8 (547, 842000000) 20 {name='worldAttitude.z', type=FLOAT64, size=8, count=1, flags=0x0}
8 (547, 842000000) 21 {name='worldPressure', type=FLOAT64, size=8, count=1, flags=0x0}
8 (547, 842000000) 22 {name='worldTemperature', type=FLOAT64, size=8, count=1, flags=0x0}
8 (547, 842000000) 23 {name='lastCollisionTime', type=FLOAT64, size=8, count=1, flags=0x0}
1 (548, 840000000) 0 {name='GPS_spherical.x', type=FLOAT64, size=8, count=1, flags=0x0}
1 (548, 840000000) 1 {name='GPS_spherical.y', type=FLOAT64, size=8, count=1, flags=0x0}
1 (548, 840000000) 2 {name='GPS_spherical.z', type=FLOAT64, size=8, count=1, flags=0x0}
1 (548, 840000000) 3 {name='GPS_velocity.x', type=FLOAT64, size=8, count=1, flags=0x0}
1 (548, 840000000) 4 {name='GPS_velocity.y', type=FLOAT64, size=8, count=1, flags=0x0}
1 (548, 840000000) 5 {name='GPS_velocity.z', type=FLOAT64, size=8, count=1, flags=0x0}
2 (548, 840000000) 0 {name='relativeLinearAcceleration.x', type=FLOAT64, size=8, count=1, flags=0x0}
2 (548, 840000000) 1 {name='relativeLinearAcceleration.y', type=FLOAT64, size=8, count=1, flags=0x0}
2 (548, 840000000) 2 {name='relativeLinearAcceleration.z', type=FLOAT64, size=8, count=1, flags=0x0}
2 (548, 840000000) 3 {name='relativeAngularAcceleration.x', type=FLOAT64, size=8, count=1, flags=0x0}
2 (548, 840000000) 4 {name='relativeAngularAcceleration.y', type=FLOAT64, size=8, count=1, flags=0x0}
2 (548, 840000000) 5 {name='relativeAngularAcceleration.z', type=FLOAT64, size=8, count=1, flags=0x0}
2 (548, 840000000) 6 {name='relativeLinearVelocity.x', type=FLOAT64, size=8, count=1, flags=0x0}
2 (548, 840000000) 7 {name='relativeLinearVelocity.y', type=FLOAT64, size=8, count=1, flags=0x0}
2 (548, 840000000) 8 {name='relativeLinearVelocity.z', type=FLOAT64, size=8, count=1, flags=0x0}
2 (548, 840000000) 9 {name='relativeAngularVelocity.x', type=FLOAT64, size=8, count=1, flags=0x0}
2 (548, 840000000) 10 {name='relativeAngularVelocity.y', type=FLOAT64, size=8, count=1, flags=0x0}
2 (548, 840000000) 11 {name='relativeAngularVelocity.z', type=FLOAT64, size=8, count=1, flags=0x0}
2 (548, 840000000) 12 {name='worldLinearVelocity.x', type=FLOAT64, size=8, count=1, flags=0x0}
2 (548, 840000000) 13 {name='worldLinearVelocity.y', type=FLOAT64, size=8, count=1, flags=0x0}
2 (548, 840000000) 14 {name='worldLinearVelocity.z', type=FLOAT64, size=8, count=1, flags=0x0}
2 (548, 840000000) 15 {name='worldPosition.x', type=FLOAT64, size=8, count=1, flags=0x0}
2 (548, 840000000) 16 {name='worldPosition.y', type=FLOAT64, size=8, count=1, flags=0x0}
2 (548, 840000000) 17 {name='worldPosition.z', type=FLOAT64, size=8, count=1, flags=0x0}
2 (548, 840000000) 18 {name='worldAttitude.x', type=FLOAT64, size=8, count=1, flags=0x0}
2 (548, 840000000) 19 {name='worldAttitude.y', type=FLOAT64, size=8, count=1, flags=0x0}
2 (548, 840000000) 20 {name='worldAttitude.z', type=FLOAT64, size=8, count=1, flags=0x0}
2 (548, 840000000) 21 {name='worldPressure', type=FLOAT64, size=8, count=1, flags=0x0}
2 (548, 840000000) 22 {name='worldTemperature', type=FLOAT64, size=8, count=1, flags=0x0}
2 (548, 840000000) 23 {name='lastCollisionTime', type=FLOAT64, size=8, count=1, flags=0x0}
3 (548, 841000000) 0 {name='GPS_spherical.x', type=FLOAT64, size=8, count=1, flags=0x0}
3 (548, 841000000) 1 {name='GPS_spherical.y', type=FLOAT64, size=8, count=1, flags=0x0}
3 (548, 841000000) 2 {name='GPS_spherical.z', type=FLOAT64, size=8, count=1, flags=0x0}
3 (548, 841000000) 3 {name='GPS_velocity.x', type=FLOAT64, size=8, count=1, flags=0x0}
3 (548, 841000000) 4 {name='GPS_velocity.y', type=FLOAT64, size=8, count=1, flags=0x0}
3 (548, 841000000) 5 {name='GPS_velocity.z', type=FLOAT64, size=8, count=1, flags=0x0}
4 (548, 841000000) 0 {name='relativeLinearAcceleration.x', type=FLOAT64, size=8, count=1, flags=0x0}
4 (548, 841000000) 1 {name='relativeLinearAcceleration.y', type=FLOAT64, size=8, count=1, flags=0x0}
4 (548, 841000000) 2 {name='relativeLinearAcceleration.z', type=FLOAT64, size=8, count=1, flags=0x0}
4 (548, 841000000) 3 {name='relativeAngularAcceleration.x', type=FLOAT64, size=8, count=1, flags=0x0}
4 (548, 841000000) 4 {name='relativeAngularAcceleration.y', type=FLOAT64, size=8, count=1, flags=0x0}
4 (548, 841000000) 5 {name='relativeAngularAcceleration.z', type=FLOAT64, size=8, count=1, flags=0x0}
4 (548, 841000000) 6 {name='relativeLinearVelocity.x', type=FLOAT64, size=8, count=1, flags=0x0}
4 (548, 841000000) 7 {name='relativeLinearVelocity.y', type=FLOAT64, size=8, count=1, flags=0x0}
4 (548, 841000000) 8 {name='relativeLinearVelocity.z', type=FLOAT64, size=8, count=1, flags=0x0}
4 (548, 841000000) 9 {name='relativeAngularVelocity.x', type=FLOAT64, size=8, count=1, flags=0x0}
4 (548, 841000000) 10 {name='relativeAngularVelocity.y', type=FLOAT64, size=8, count=1, flags=0x0}
4 (548, 841000000) 11 {name='relativeAngularVelocity.z', type=FLOAT64, size=8, count=1, flags=0x0}
4 (548, 841000000) 12 {name='worldLinearVelocity.x', type=FLOAT64, size=8, count=1, flags=0x0}
4 (548, 841000000) 13 {name='worldLinearVelocity.y', type=FLOAT64, size=8, count=1, flags=0x0}
4 (548, 841000000) 14 {name='worldLinearVelocity.z', type=FLOAT64, size=8, count=1, flags=0x0}
4 (548, 841000000) 15 {name='worldPosition.x', type=FLOAT64, size=8, count=1, flags=0x0}
4 (548, 841000000) 16 {name='worldPosition.y', type=FLOAT64, size=8, count=1, flags=0x0}
4 (548, 841000000) 17 {name='worldPosition.z', type=FLOAT64, size=8, count=1, flags=0x0}
4 (548, 841000000) 18 {name='worldAttitude.x', type=FLOAT64, size=8, count=1, flags=0x0}
4 (548, 841000000) 19 {name='worldAttitude.y', type=FLOAT64, size=8, count=1, flags=0x0}
4 (548, 841000000) 20 {name='worldAttitude.z', type=FLOAT64, size=8, count=1, flags=0x0}
4 (548, 841000000) 21 {name='worldPressure', type=FLOAT64, size=8, count=1, flags=0x0}
4 (548, 841000000) 22 {name='worldTemperature', type=FLOAT64, size=8, count=1, flags=0x0}
4 (548, 841000000) 23 {name='lastCollisionTime', type=FLOAT64, size=8, count=1, flags=0x0}
5 (548, 841000000) 0 {name='GPS_spherical.x', type=FLOAT64, size=8, count=1, flags=0x0}
5 (548, 841000000) 1 {name='GPS_spherical.y', type=FLOAT64, size=8, count=1, flags=0x0}
5 (548, 841000000) 2 {name='GPS_spherical.z', type=FLOAT64, size=8, count=1, flags=0x0}
5 (548, 841000000) 3 {name='GPS_velocity.x', type=FLOAT64, size=8, count=1, flags=0x0}
5 (548, 841000000) 4 {name='GPS_velocity.y', type=FLOAT64, size=8, count=1, flags=0x0}
5 (548, 841000000) 5 {name='GPS_velocity.z', type=FLOAT64, size=8, count=1, flags=0x0}
6 (548, 841000000) 0 {name='current_voltage', type=FLOAT64, size=8, count=1, flags=0x0}
7 (548, 841000000) 0 {name='SysTimestamp_ns', type=UINT64, size=8, count=1, flags=0x0}
7 (548, 841000000) 1 {name='SdyTimestamp_ns', type=UINT64, size=8, count=1, flags=0x0}
7 (548, 841000000) 2 {name='SimTimestamp_ns', type=UINT64, size=8, count=1, flags=0x0}
8 (548, 842000000) 0 {name='relativeLinearAcceleration.x', type=FLOAT64, size=8, count=1, flags=0x0}
8 (548, 842000000) 1 {name='relativeLinearAcceleration.y', type=FLOAT64, size=8, count=1, flags=0x0}
8 (548, 842000000) 2 {name='relativeLinearAcceleration.z', type=FLOAT64, size=8, count=1, flags=0x0}
8 (548, 842000000) 3 {name='relativeAngularAcceleration.x', type=FLOAT64, size=8, count=1, flags=0x0}
8 (548, 842000000) 4 {name='relativeAngularAcceleration.y', type=FLOAT64, size=8, count=1, flags=0x0}
8 (548, 842000000) 5 {name='relativeAngularAcceleration.z', type=FLOAT64, size=8, count=1, flags=0x0}
8 (548, 842000000) 6 {name='relativeLinearVelocity.x', type=FLOAT64, size=8, count=1, flags=0x0}
8 (548, 842000000) 7 {name='relativeLinearVelocity.y', type=FLOAT64, size=8, count=1, flags=0x0}
8 (548, 842000000) 8 {name='relativeLinearVelocity.z', type=FLOAT64, size=8, count=1, flags=0x0}
8 (548, 842000000) 9 {name='relativeAngularVelocity.x', type=FLOAT64, size=8, count=1, flags=0x0}
8 (548, 842000000) 10 {name='relativeAngularVelocity.y', type=FLOAT64, size=8, count=1, flags=0x0}
8 (548, 842000000) 11 {name='relativeAngularVelocity.z', type=FLOAT64, size=8, count=1, flags=0x0}
8 (548, 842000000) 12 {name='worldLinearVelocity.x', type=FLOAT64, size=8, count=1, flags=0x0}
8 (548, 842000000) 13 {name='worldLinearVelocity.y', type=FLOAT64, size=8, count=1, flags=0x0}
8 (548, 842000000) 14 {name='worldLinearVelocity.z', type=FLOAT64, size=8, count=1, flags=0x0}
8 (548, 842000000) 15 {name='worldPosition.x', type=FLOAT64, size=8, count=1, flags=0x0}
8 (548, 842000000) 16 {name='worldPosition.y', type=FLOAT64, size=8, count=1, flags=0x0}
8 (548, 842000000) 17 {name='worldPosition.z', type=FLOAT64, size=8, count=1, flags=0x0}
8 (548, 842000000) 18 {name='worldAttitude.x', type=FLOAT64, size=8, count=1, flags=0x0}
8 (548, 842000000) 19 {name='worldAttitude.y', type=FLOAT64, size=8, count=1, flags=0x0}
8 (548, 842000000) 20 {name='worldAttitude.z', type=FLOAT64, size=8, count=1, flags=0x0}
8 (548, 842000000) 21 {name='worldPressure', type=FLOAT64, size=8, count=1, flags=0x0}
8 (548, 842000000) 22 {name='worldTemperature', type=FLOAT64, size=8, count=1, flags=0x0}
8 (548, 842000000) 23 {name='lastCollisionTime', type=FLOAT64, size=8, count=1, flags=0x0}
1 (549, 840000000) 0 {name='GPS_spherical.x', type=FLOAT64, size=8, count=1, flags=0x0}
1 (549, 840000000) 1 {name='GPS_spherical.y', type=FLOAT64, size=8, count=1, flags=0x0}
1 (549, 840000000) 2 {name='GPS_spherical.z', type=FLOAT64, size=8, count=1, flags=0x0}
1 (549, 840000000) 3 {name='GPS_velocity.x', type=FLOAT64, size=8, count=1, flags=0x0}
1 (549, 840000000) 4 {name='GPS_velocity.y', type=FLOAT64, size=8, count=1, flags=0x0}
1 (549, 840000000) 5 {name='GPS_velocity.z', type=FLOAT64, size=8, count=1, flags=0x0}
2 (549, 840000000) 0 {name='relativeLinearAcceleration.x', type=FLOAT64, size=8, count=1, flags=0x0}
2 (549, 840000000) 1 {name='relativeLinearAcceleration.y', type=FLOAT64, size=8, count=1, flags=0x0}
2 (549, 840000000) 2 {name='relativeLinearAcceleration.z', type=FLOAT64, size=8, count=1, flags=0x0}
2 (549, 840000000) 3 {name='relativeAngularAcceleration.x', type=FLOAT64, size=8, count=1, flags=0x0}
2 (549, 840000000) 4 {name='relativeAngularAcceleration.y', type=FLOAT64, size=8, count=1, flags=0x0}
2 (549, 840000000) 5 {name='relativeAngularAcceleration.z', type=FLOAT64, size=8, count=1, flags=0x0}
2 (549, 840000000) 6 {name='relativeLinearVelocity.x', type=FLOAT64, size=8, count=1, flags=0x0}
2 (549, 840000000) 7 {name='relativeLinearVelocity.y', type=FLOAT64, size=8, count=1, flags=0x0}
2 (549, 840000000) 8 {name='relativeLinearVelocity.z', type=FLOAT64, size=8, count=1, flags=0x0}
2 (549, 840000000) 9 {name='relativeAngularVelocity.x', type=FLOAT64, size=8, count=1, flags=0x0}
2 (549, 840000000) 10 {name='relativeAngularVelocity.y', type=FLOAT64, size=8, count=1, flags=0x0}
2 (549, 840000000) 11 {name='relativeAngularVelocity.z', type=FLOAT64, size=8, count=1, flags=0x0}
2 (549, 840000000) 12 {name='worldLinearVelocity.x', type=FLOAT64, size=8, count=1, flags=0x0}
2 (549, 840000000) 13 {name='worldLinearVelocity.y', type=FLOAT64, size=8, count=1, flags=0x0}
2 (549, 840000000) 14 {name='worldLinearVelocity.z', type=FLOAT64, size=8, count=1, flags=0x0}
2 (549, 840000000) 15 {name='worldPosition.x', type=FLOAT64, size=8, count=1, flags=0x0}
2 (549, 840000000) 16 {name='worldPosition.y', type=FLOAT64, size=8, count=1, flags=0x0}
2 (549, 840000000) 17 {name='worldPosition.z', type=FLOAT64, size=8, count=1, flags=0x0}
2 (549, 840000000) 18 {name='worldAttitude.x', type=FLOAT64, size=8, count=1, flags=0x0}
2 (549, 840000000) 19 {name='worldAttitude.y', type=FLOAT64, size=8, count=1, flags=0x0}
2 (549, 840000000) 20 {name='worldAttitude.z', type=FLOAT64, size=8, count=1, flags=0x0}
2 (549, 840000000) 21 {name='worldPressure', type=FLOAT64, size=8, count=1, flags=0x0}
2 (549, 840000000) 22 {name='worldTemperature', type=FLOAT64, size=8, count=1, flags=0x0}
2 (549, 840000000) 23 {name='lastCollisionTime', type=FLOAT64, size=8, count=1, flags=0x0}
3 (549, 841000000) 0 {name='GPS_spherical.x', type=FLOAT64, size=8, count=1, flags=0x0}
3 (549, 841000000) 1 {name='GPS_spherical.y', type=FLOAT64, size=8, count=1, flags=0x0}
3 (549, 841000000) 2 {name='GPS_spherical.z', type=FLOAT64, size=8, count=1, flags=0x0}
3 (549, 841000000) 3 {name='GPS_velocity.x', type=FLOAT64, size=8, count=1, flags=0x0}
3 (549, 841000000) 4 {name='GPS_velocity.y', type=FLOAT64, size=8, count=1, flags=0x0}
3 (549, 841000000) 5 {name='GPS_velocity.z', type=FLOAT64, size=8, count=1, flags=0x0}
4 (549, 841000000) 0 {name='relativeLinearAcceleration.x', type=FLOAT64, size=8, count=1, flags=0x0}
4 (549, 841000000) 1 {name='relativeLinearAcceleration.y', type=FLOAT64, size=8, count=1, flags=0x0}
4 (549, 841000000) 2 {name='relativeLinearAcceleration.z', type=FLOAT64, size=8, count=1, flags=0x0}
4 (549, 841000000) 3 {name='relativeAngularAcceleration.x', type=FLOAT64, size=8, count=1, flags=0x0}
4 (549, 841000000) 4 {name='relativeAngularAcceleration.y', type=FLOAT64, size=8, count=1, flags=0x0}
4 (549, 841000000) 5 {name='relativeAngularAcceleration.z', type=FLOAT64, size=8, count=1, flags=0x0}
4 (549, 841000000) 6 {name='relativeLinearVelocity.x', type=FLOAT64, size=8, count=1, flags=0x0}
4 (549, 841000000) 7 {name='relativeLinearVelocity.y', type=FLOAT64, size=8, count=1, flags=0x0}
4 (549, 841000000) 8 {name='relativeLinearVelocity.z', type=FLOAT64, size=8, count=1, flags=0x0}
4 (549, 841000000) 9 {name='relativeAngularVelocity.x', type=FLOAT64, size=8, count=1, flags=0x0}
4 (549, 841000000) 10 {name='relativeAngularVelocity.y', type=FLOAT64, size=8, count=1, flags=0x0}
4 (549, 841000000) 11 {name='relativeAngularVelocity.z', type=FLOAT64, size=8, count=1, flags=0x0}
4 (549, 841000000) 12 {name='worldLinearVelocity.x', type=FLOAT64, size=8, count=1, flags=0x0}
4 (549, 841000000) 13 {name='worldLinearVelocity.y', type=FLOAT64, size=8, count=1, flags=0x0}
4 (549, 841000000) 14 {name='worldLinearVelocity.z', type=FLOAT64, size=8, count=1, flags=0x0}
4 (549, 841000000) 15 {name='worldPosition.x', type=FLOAT64, size=8, count=1, flags=0x0}
4 (549, 841000000) 16 {name='worldPosition.y', type=FLOAT64, size=8, count=1, flags=0x0}
4 (549, 841000000) 17 {name='worldPosition.z', type=FLOAT64, size=8, count=1, flags=0x0}
4 (549, 841000000) 18 {name='worldAttitude.x', type=FLOAT64, size=8, count=1, flags=0x0}
4 (549, 841000000) 19 {name='worldAttitude.y', type=FLOAT64, size=8, count=1, flags=0x0}
4 (549, 841000000) 20 {name='worldAttitude.z', type=FLOAT64, size=8, count=1, flags=0x0}
4 (549, 841000000) 21 {name='worldPressure', type=FLOAT64, size=8, count=1, flags=0x0}
4 (549, 841000000) 22 {name='worldTemperature', type=FLOAT64, size=8, count=1, flags=0x0}
4 (549, 841000000) 23 {name='lastCollisionTime', type=FLOAT64, size=8, count=1, flags=0x0}
5 (549, 841000000) 0 {name='GPS_spherical.x', type=FLOAT64, size=8, count=1, flags=0x0}
5 (549, 841000000) 1 {name='GPS_spherical.y', type=FLOAT64, size=8, count=1, flags=0x0}
5 (549, 841000000) 2 {name='GPS_spherical.z', type=FLOAT64, size=8, count=1, flags=0x0}
5 (549, 841000000) 3 {name='GPS_velocity.x', type=FLOAT64, size=8, count=1, flags=0x0}
5 (549, 841000000) 4 {name='GPS_velocity.y', type=FLOAT64, size=8, count=1, flags=0x0}
5 (549, 841000000) 5 {name='GPS_velocity.z', type=FLOAT64, size=8, count=1, flags=0x0}
6 (549, 841000000) 0 {name='current_voltage', type=FLOAT64, size=8, count=1, flags=0x0}
7 (549, 841000000) 0 {name='SysTimestamp_ns', type=UINT64, size=8, count=1, flags=0x0}
7 (549, 841000000) 1 {name='SdyTimestamp_ns', type=UINT64, size=8, count=1, flags=0x0}
7 (549, 841000000) 2 {name='SimTimestamp_ns', type=UINT64, size=8, count=1, flags=0x0}
8 (549, 842000000) 0 {name='relativeLinearAcceleration.x', type=FLOAT64, size=8, count=1, flags=0x0}
8 (549, 842000000) 1 {name='relativeLinearAcceleration.y', type=FLOAT64, size=8, count=1, flags=0x0}
8 (549, 842000000) 2 {name='relativeLinearAcceleration.z', type=FLOAT64, size=8, count=1, flags=0x0}
8 (549, 842000000) 3 {name='relativeAngularAcceleration.x', type=FLOAT64, size=8, count=1, flags=0x0}
8 (549, 842000000) 4 {name='relativeAngularAcceleration.y', type=FLOAT64, size=8, count=1, flags=0x0}
8 (549, 842000000) 5 {name='relativeAngularAcceleration.z', type=FLOAT64, size=8, count=1, flags=0x0}
8 (549, 842000000) 6 {name='relativeLinearVelocity.x', type=FLOAT64, size=8, count=1, flags=0x0}
8 (549, 842000000) 7 {name='relativeLinearVelocity.y', type=FLOAT64, size=8, count=1, flags=0x0}
8 (549, 842000000) 8 {name='relativeLinearVelocity.z', type=FLOAT64, size=8, count=1, flags=0x0}
8 (549, 842000000) 9 {name='relativeAngularVelocity.x', type=FLOAT64, size=8, count=1, flags=0x0}
8 (549, 842000000) 10 {name='relativeAngularVelocity.y', type=FLOAT64, size=8, count=1, flags=0x0}
8 (549, 842000000) 11 {name='relativeAngularVelocity.z', type=FLOAT64, size=8, count=1, flags=0x0}
8 (549, 842000000) 12 {name='worldLinearVelocity.x', type=FLOAT64, size=8, count=1, flags=0x0}
8 (549, 842000000) 13 {name='worldLinearVelocity.y', type=FLOAT64, size=8, count=1, flags=0x0}
8 (549, 842000000) 14 {name='worldLinearVelocity.z', type=FLOAT64, size=8, count=1, flags=0x0}
8 (549, 842000000) 15 {name='worldPosition.x', type=FLOAT64, size=8, count=1, flags=0x0}
8 (549, 842000000) 16 {name='worldPosition.y', type=FLOAT64, size=8, count=1, flags=0x0}
8 (549, 842000000) 17 {name='worldPosition.z', type=FLOAT64, size=8, count=1, flags=0x0}
8 (549, 842000000) 18 {name='worldAttitude.x', type=FLOAT64, size=8, count=1, flags=0x0}
8 (549, 842000000) 19 {name='worldAttitude.y', type=FLOAT64, size=8, count=1, flags=0x0}
8 (549, 842000000) 20 {name='worldAttitude.z', type=FLOAT64, size=8, count=1, flags=0x0}
8 (549, 842000000) 21 {name='worldPressure', type=FLOAT64, size=8, count=1, flags=0x0}
8 (549, 842000000) 22 {name='worldTemperature', type=FLOAT64, size=8, count=1, flags=0x0}
8 (549, 842000000) 23 {name='lastCollisionTime', type=FLOAT64, size=8, count=1, flags=0x0}
1 (550, 840000000) 0 {name='GPS_spherical.x', type=FLOAT64, size=8, count=1, flags=0x0}
1 (550, 840000000) 1 {name='GPS_spherical.y', type=FLOAT64, size=8, count=1, flags=0x0}
1 (550, 840000000) 2 {name='GPS_spherical.z', type=FLOAT64, size=8, count=1, flags=0x0}
1 (550, 840000000) 3 {name='GPS_velocity.x', type=FLOAT64, size=8, count=1, flags=0x0}
1 (550, 840000000) 4 {name='GPS_velocity.y', type=FLOAT64, size=8, count=1, flags=0x0}
1 (550, 840000000) 5 {name='GPS_velocity.z', type=FLOAT64, size=8, count=1, flags=0x0}
2 (550, 840000000) 0 {name='relativeLinearAcceleration.x', type=FLOAT64, size=8, count=1, flags=0x0}
2 (550, 840000000) 1 {name='relativeLinearAcceleration.y', type=FLOAT64, size=8, count=1, flags=0x0}
2 (550, 840000000) 2 {name='relativeLinearAcceleration.z', type=FLOAT64, size=8, count=1, flags=0x0}
2 (550, 840000000) 3 {name='relativeAngularAcceleration.x', type=FLOAT64, size=8, count=1, flags=0x0}
2 (550, 840000000) 4 {name='relativeAngularAcceleration.y', type=FLOAT64, size=8, count=1, flags=0x0}
2 (550, 840000000) 5 {name='relativeAngularAcceleration.z', type=FLOAT64, size=8, count=1, flags=0x0}
2 (550, 840000000) 6 {name='relativeLinearVelocity.x', type=FLOAT64, size=8, count=1, flags=0x0}
2 (550, 840000000) 7 {name='relativeLinearVelocity.y', type=FLOAT64, size=8, count=1, flags=0x0}
2 (550, 840000000) 8 {name='relativeLinearVelocity.z', type=FLOAT64, size=8, count=1, flags=0x0}
2 (550, 840000000) 9 {name='relativeAngularVelocity.x', type=FLOAT64, size=8, count=1, flags=0x0}
2 (550, 840000000) 10 {name='relativeAngularVelocity.y', type=FLOAT64, size=8, count=1, flags=0x0}
2 (550, 840000000) 11 {name='relativeAngularVelocity.z', type=FLOAT64, size=8, count=1, flags=0x0}
2 (550, 840000000) 12 {name='worldLinearVelocity.x', type=FLOAT64, size=8, count=1, flags=0x0}
2 (550, 840000000) 13 {name='worldLinearVelocity.y', type=FLOAT64, size=8, count=1, flags=0x0}
2 (550, 840000000) 14 {name='worldLinearVelocity.z', type=FLOAT64, size=8, count=1, flags=0x0}
2 (550, 840000000) 15 {name='worldPosition.x', type=FLOAT64, size=8, count=1, flags=0x0}
2 (550, 840000000) 16 {name='worldPosition.y', type=FLOAT64, size=8, count=1, flags=0x0}
2 (550, 840000000) 17 {name='worldPosition.z', type=FLOAT64, size=8, count=1, flags=0x0}
2 (550, 840000000) 18 {name='worldAttitude.x', type=FLOAT64, size=8, count=1, flags=0x0}
2 (550, 840000000) 19 {name='worldAttitude.y', type=FLOAT64, size=8, count=1, flags=0x0}
2 (550, 840000000) 20 {name='worldAttitude.z', type=FLOAT64, size=8, count=1, flags=0x0}
2 (550, 840000000) 21 {name='worldPressure', type=FLOAT64, size=8, count=1, flags=0x0}
2 (550, 840000000) 22 {name='worldTemperature', type=FLOAT64, size=8, count=1, flags=0x0}
2 (550, 840000000) 23 {name='lastCollisionTime', type=FLOAT64, size=8, count=1, flags=0x0}
3 (550, 841000000) 0 {name='GPS_spherical.x', type=FLOAT64, size=8, count=1, flags=0x0}
3 (550, 841000000) 1 {name='GPS_spherical.y', type=FLOAT64, size=8, count=1, flags=0x0}
3 (550, 841000000) 2 {name='GPS_spherical.z', type=FLOAT64, size=8, count=1, flags=0x0}
3 (550, 841000000) 3 {name='GPS_velocity.x', type=FLOAT64, size=8, count=1, flags=0x0}
3 (550, 841000000) 4 {name='GPS_velocity.y', type=FLOAT64, size=8, count=1, flags=0x0}
3 (550, 841000000) 5 {name='GPS_velocity.z', type=FLOAT64, size=8, count=1, flags=0x0}
4 (550, 841000000) 0 {name='relativeLinearAcceleration.x', type=FLOAT64, size=8, count=1, flags=0x0}
4 (550, 841000000) 1 {name='relativeLinearAcceleration.y', type=FLOAT64, size=8, count=1, flags=0x0}
4 (550, 841000000) 2 {name='relativeLinearAcceleration.z', type=FLOAT64, size=8, count=1, flags=0x0}
4 (550, 841000000) 3 {name='relativeAngularAcceleration.x', type=FLOAT64, size=8, count=1, flags=0x0}
4 (550, 841000000) 4 {name='relativeAngularAcceleration.y', type=FLOAT64, size=8, count=1, flags=0x0}
4 (550, 841000000) 5 {name='relativeAngularAcceleration.z', type=FLOAT64, size=8, count=1, flags=0x0}
4 (550, 841000000) 6 {name='relativeLinearVelocity.x', type=FLOAT64, size=8, count=1, flags=0x0}
4 (550, 841000000) 7 {name='relativeLinearVelocity.y', type=FLOAT64, size=8, count=1, flags=0x0}
4 (550, 841000000) 8 {name='relativeLinearVelocity.z', type=FLOAT64, size=8, count=1, flags=0x0}
4 (550, 841000000) 9 {name='relativeAngularVelocity.x', type=FLOAT64, size=8, count=1, flags=0x0}
4 (550, 841000000) 10 {name='relativeAngularVelocity.y', type=FLOAT64, size=8, count=1, flags=0x0}
4 (550, 841000000) 11 {name='relativeAngularVelocity.z', type=FLOAT64, size=8, count=1, flags=0x0}
4 (550, 841000000) 12 {name='worldLinearVelocity.x', type=FLOAT64, size=8, count=1, flags=0x0}
4 (550, 841000000) 13 {name='worldLinearVelocity.y', type=FLOAT64, size=8, count=1, flags=0x0}
4 (550, 841000000) 14 {name='worldLinearVelocity.z', type=FLOAT64, size=8, count=1, flags=0x0}
4 (550, 841000000) 15 {name='worldPosition.x', type=FLOAT64, size=8, count=1, flags=0x0}
4 (550, 841000000) 16 {name='worldPosition.y', type=FLOAT64, size=8, count=1, flags=0x0}
4 (550, 841000000) 17 {name='worldPosition.z', type=FLOAT64, size=8, count=1, flags=0x0}
4 (550, 841000000) 18 {name='worldAttitude.x', type=FLOAT64, size=8, count=1, flags=0x0}
4 (550, 841000000) 19 {name='worldAttitude.y', type=FLOAT64, size=8, count=1, flags=0x0}
4 (550, 841000000) 20 {name='worldAttitude.z', type=FLOAT64, size=8, count=1, flags=0x0}
4 (550, 841000000) 21 {name='worldPressure', type=FLOAT64, size=8, count=1, flags=0x0}
4 (550, 841000000) 22 {name='worldTemperature', type=FLOAT64, size=8, count=1, flags=0x0}
4 (550, 841000000) 23 {name='lastCollisionTime', type=FLOAT64, size=8, count=1, flags=0x0}
5 (550, 841000000) 0 {name='GPS_spherical.x', type=FLOAT64, size=8, count=1, flags=0x0}
5 (550, 841000000) 1 {name='GPS_spherical.y', type=FLOAT64, size=8, count=1, flags=0x0}
5 (550, 841000000) 2 {name='GPS_spherical.z', type=FLOAT64, size=8, count=1, flags=0x0}
5 (550, 841000000) 3 {name='GPS_velocity.x', type=FLOAT64, size=8, count=1, flags=0x0}
5 (550, 841000000) 4 {name='GPS_velocity.y', type=FLOAT64, size=8, count=1, flags=0x0}
5 (550, 841000000) 5 {name='GPS_velocity.z', type=FLOAT64, size=8, count=1, flags=0x0}
6 (550, 841000000) 0 {name='current_voltage', type=FLOAT64, size=8, count=1, flags=0x0}
7 (550, 841000000) 0 {name='SysTimestamp_ns', type=UINT64, size=8, count=1, flags=0x0}
7 (550, 841000000) 1 {name='SdyTimestamp_ns', type=UINT64, size=8, count=1, flags=0x0}
7 (550, 841000000) 2 {name='SimTimestamp_ns', type=UINT64, size=8, count=1, flags=0x0}
8 (550, 842000000) 0 {name='relativeLinearAcceleration.x', type=FLOAT64, size=8, count=1, flags=0x0}
8 (550, 842000000) 1 {name='relativeLinearAcceleration.y', type=FLOAT64, size=8, count=1, flags=0x0}
8 (550, 842000000) 2 {name='relativeLinearAcceleration.z', type=FLOAT64, size=8, count=1, flags=0x0}
8 (550, 842000000) 3 {name='relativeAngularAcceleration.x', type=FLOAT64, size=8, count=1, flags=0x0}
8 (550, 842000000) 4 {name='relativeAngularAcceleration.y', type=FLOAT64, size=8, count=1, flags=0x0}
8 (550, 842000000) 5 {name='relativeAngularAcceleration.z', type=FLOAT64, size=8, count=1, flags=0x0}
8 (550, 842000000) 6 {name='relativeLinearVelocity.x', type=FLOAT64, size=8, count=1, flags=0x0}
8 (550, 842000000) 7 {name='relativeLinearVelocity.y', type=FLOAT64, size=8, count=1, flags=0x0}
8 (550, 842000000) 8 {name='relativeLinearVelocity.z', type=FLOAT64, size=8, count=1, flags=0x0}
8 (550, 842000000) 9 {name='relativeAngularVelocity.x', type=FLOAT64, size=8, count=1, flags=0x0}
8 (550, 842000000) 10 {name='relativeAngularVelocity.y', type=FLOAT64, size=8, count=1, flags=0x0}
8 (550, 842000000) 11 {name='relativeAngularVelocity.z', type=FLOAT64, size=8, count=1, flags=0x0}
8 (550, 842000000) 12 {name='worldLinearVelocity.x', type=FLOAT64, size=8, count=1, flags=0x0}
8 (550, 842000000) 13 {name='worldLinearVelocity.y', type=FLOAT64, size=8, count=1, flags=0x0}
8 (550, 842000000) 14 {name='worldLinearVelocity.z', type=FLOAT64, size=8, count=1, flags=0x0}
8 (550, 842000000) 15 {name='worldPosition.x', type=FLOAT64, size=8, count=1, flags=0x0}
8 (550, 842000000) 16 {name='worldPosition.y', type=FLOAT64, size=8, count=1, flags=0x0}
8 (550, 842000000) 17 {name='worldPosition.z', type=FLOAT64, size=8, count=1, flags=0x0}
8 (550, 842000000) 18 {name='worldAttitude.x', type=FLOAT64, size=8, count=1, flags=0x0}
8 (550, 842000000) 19 {name='worldAttitude.y', type=FLOAT64, size=8, count=1, flags=0x0}
8 (550, 842000000) 20 {name='worldAttitude.z', type=FLOAT64, size=8, count=1, flags=0x0}
8 (550, 842000000) 21 {name='worldPressure', type=FLOAT64, size=8, count=1, flags=0x0}
8 (550, 842000000) 22 {name='worldTemperature', type=FLOAT64, size=8, count=1, flags=0x0}
8 (550, 842000000) 23 {name='lastCollisionTime', type=FLOAT64, size=8, count=1, flags=0x0}
1 (551, 840000000) 0 {name='GPS_spherical.x', type=FLOAT64, size=8, count=1, flags=0x0}
1 (551, 840000000) 1 {name='GPS_spherical.y', type=FLOAT64, size=8, count=1, flags=0x0}
1 (551, 840000000) 2 {name='GPS_spherical.z', type=FLOAT64, size=8, count=1, flags=0x0}
1 (551, 840000000) 3 {name='GPS_velocity.x', type=FLOAT64, size=8, count=1, flags=0x0}
1 (551, 840000000) 4 {name='GPS_velocity.y', type=FLOAT64, size=8, count=1, flags=0x0}
1 (551, 840000000) 5 {name='GPS_velocity.z', type=FLOAT64, size=8, count=1, flags=0x0}
2 (551, 840000000) 0 {name='relativeLinearAcceleration.x', type=FLOAT64, size=8, count=1, flags=0x0}
2 (551, 840000000) 1 {name='relativeLinearAcceleration.y', type=FLOAT64, size=8, count=1, flags=0x0}
2 (551, 840000000) 2 {name='relativeLinearAcceleration.z', type=FLOAT64, size=8, count=1, flags=0x0}
2 (551, 840000000) 3 {name='relativeAngularAcceleration.x', type=FLOAT64, size=8, count=1, flags=0x0}
2 (551, 840000000) 4 {name='relativeAngularAcceleration.y', type=FLOAT64, size=8, count=1, flags=0x0}
2 (551, 840000000) 5 {name='relativeAngularAcceleration.z', type=FLOAT64, size=8, count=1, flags=0x0}
2 (551, 840000000) 6 {name='relativeLinearVelocity.x', type=FLOAT64, size=8, count=1, flags=0x0}
2 (551, 840000000) 7 {name='relativeLinearVelocity.y', type=FLOAT64, size=8, count=1, flags=0x0}
2 (551, 840000000) 8 {name='relativeLinearVelocity.z', type=FLOAT64, size=8, count=1, flags=0x0}
2 (551, 840000000) 9 {name='relativeAngularVelocity.x', type=FLOAT64, size=8, count=1, flags=0x0}
2 (551, 840000000) 10 {name='relativeAngularVelocity.y', type=FLOAT64, size=8, count=1, flags=0x0}
2 (551, 840000000) 11 {name='relativeAngularVelocity.z', type=FLOAT64, size=8, count=1, flags=0x0}
2 (551, 840000000) 12 {name='worldLinearVelocity.x', type=FLOAT64, size=8, count=1, flags=0x0}
2 (551, 840000000) 13 {name='worldLinearVelocity.y', type=FLOAT64, size=8, count=1, flags=0x0}
2 (551, 840000000) 14 {name='worldLinearVelocity.z', type=FLOAT64, size=8, count=1, flags=0x0}
2 (551, 840000000) 15 {name='worldPosition.x', type=FLOAT64, size=8, count=1, flags=0x0}
2 (551, 840000000) 16 {name='worldPosition.y', type=FLOAT64, size=8, count=1, flags=0x0}
2 (551, 840000000) 17 {name='worldPosition.z', type=FLOAT64, size=8, count=1, flags=0x0}
2 (551, 840000000) 18 {name='worldAttitude.x', type=FLOAT64, size=8, count=1, flags=0x0}
2 (551, 840000000) 19 {name='worldAttitude.y', type=FLOAT64, size=8, count=1, flags=0x0}
2 (551, 840000000) 20 {name='worldAttitude.z', type=FLOAT64, size=8, count=1, flags=0x0}
2 (551, 840000000) 21 {name='worldPressure', type=FLOAT64, size=8, count=1, flags=0x0}
2 (551, 840000000) 22 {name='worldTemperature', type=FLOAT64, size=8, count=1, flags=0x0}
2 (551, 840000000) 23 {name='lastCollisionTime', type=FLOAT64, size=8, count=1, flags=0x0}
3 (551, 841000000) 0 {name='GPS_spherical.x', type=FLOAT64, size=8, count=1, flags=0x0}
3 (551, 841000000) 1 {name='GPS_spherical.y', type=FLOAT64, size=8, count=1, flags=0x0}
3 (551, 841000000) 2 {name='GPS_spherical.z', type=FLOAT64, size=8, count=1, flags=0x0}
3 (551, 841000000) 3 {name='GPS_velocity.x', type=FLOAT64, size=8, count=1, flags=0x0}
3 (551, 841000000) 4 {name='GPS_velocity.y', type=FLOAT64, size=8, count=1, flags=0x0}
3 (551, 841000000) 5 {name='GPS_velocity.z', type=FLOAT64, size=8, count=1, flags=0x0}
4 (551, 841000000) 0 {name='relativeLinearAcceleration.x', type=FLOAT64, size=8, count=1, flags=0x0}
4 (551, 841000000) 1 {name='relativeLinearAcceleration.y', type=FLOAT64, size=8, count=1, flags=0x0}
4 (551, 841000000) 2 {name='relativeLinearAcceleration.z', type=FLOAT64, size=8, count=1, flags=0x0}
4 (551, 841000000) 3 {name='relativeAngularAcceleration.x', type=FLOAT64, size=8, count=1, flags=0x0}
4 (551, 841000000) 4 {name='relativeAngularAcceleration.y', type=FLOAT64, size=8, count=1, flags=0x0}
4 (551, 841000000) 5 {name='relativeAngularAcceleration.z', type=FLOAT64, size=8, count=1, flags=0x0}
4 (551, 841000000) 6 {name='relativeLinearVelocity.x', type=FLOAT64, size=8, count=1, flags=0x0}
4 (551, 841000000) 7 {name='relativeLinearVelocity.y', type=FLOAT64, size=8, count=1, flags=0x0}
4 (551, 841000000) 8 {name='relativeLinearVelocity.z', type=FLOAT64, size=8, count=1, flags=0x0}
4 (551, 841000000) 9 {name='relativeAngularVelocity.x', type=FLOAT64, size=8, count=1, flags=0x0}
4 (551, 841000000) 10 {name='relativeAngularVelocity.y', type=FLOAT64, size=8, count=1, flags=0x0}
4 (551, 841000000) 11 {name='relativeAngularVelocity.z', type=FLOAT64, size=8, count=1, flags=0x0}
4 (551, 841000000) 12 {name='worldLinearVelocity.x', type=FLOAT64, size=8, count=1, flags=0x0}
4 (551, 841000000) 13 {name='worldLinearVelocity.y', type=FLOAT64, size=8, count=1, flags=0x0}
4 (551, 841000000) 14 {name='worldLinearVelocity.z', type=FLOAT64, size=8, count=1, flags=0x0}
4 (551, 841000000) 15 {name='worldPosition.x', type=FLOAT64, size=8, count=1, flags=0x0}
4 (551, 841000000) 16 {name='worldPosition.y', type=FLOAT64, size=8, count=1, flags=0x0}
4 (551, 841000000) 17 {name='worldPosition.z', type=FLOAT64, size=8, count=1, flags=0x0}
4 (551, 841000000) 18 {name='worldAttitude.x', type=FLOAT64, size=8, count=1, flags=0x0}
4 (551, 841000000) 19 {name='worldAttitude.y', type=FLOAT64, size=8, count=1, flags=0x0}
4 (551, 841000000) 20 {name='worldAttitude.z', type=FLOAT64, size=8, count=1, flags=0x0}
4 (551, 841000000) 21 {name='worldPressure', type=FLOAT64, size=8, count=1, flags=0x0}
4 (551, 841000000) 22 {name='worldTemperature', type=FLOAT64, size=8, count=1, flags=0x0}
4 (551, 841000000) 23 {name='lastCollisionTime', type=FLOAT64, size=8, count=1, flags=0x0}
5 (551, 841000000) 0 {name='GPS_spherical.x', type=FLOAT64, size=8, count=1, flags=0x0}
5 (551, 841000000) 1 {name='GPS_spherical.y', type=FLOAT64, size=8, count=1, flags=0x0}
5 (551, 841000000) 2 {name='GPS_spherical.z', type=FLOAT64, size=8, count=1, flags=0x0}
5 (551, 841000000) 3 {name='GPS_velocity.x', type=FLOAT64, size=8, count=1, flags=0x0}
5 (551, 841000000) 4 {name='GPS_velocity.y', type=FLOAT64, size=8, count=1, flags=0x0}
5 (551, 841000000) 5 {name='GPS_velocity.z', type=FLOAT64, size=8, count=1, flags=0x0}
6 (551, 841000000) 0 {name='current_voltage', type=FLOAT64, size=8, count=1, flags=0x0}
7 (551, 841000000) 0 {name='SysTimestamp_ns', type=UINT64, size=8, count=1, flags=0x0}
7 (551, 841000000) 1 {name='SdyTimestamp_ns', type=UINT64, size=8, count=1, flags=0x0}
7 (551, 841000000) 2 {name='SimTimestamp_ns', type=UINT64, size=8, count=1, flags=0x0}
8 (551, 842000000) 0 {name='relativeLinearAcceleration.x', type=FLOAT64, size=8, count=1, flags=0x0}
8 (551, 842000000) 1 {name='relativeLinearAcceleration.y', type=FLOAT64, size=8, count=1, flags=0x0}
8 (551, 842000000) 2 {name='relativeLinearAcceleration.z', type=FLOAT64, size=8, count=1, flags=0x0}
8 (551, 842000000) 3 {name='relativeAngularAcceleration.x', type=FLOAT64, size=8, count=1, flags=0x0}
8 (551, 842000000) 4 {name='relativeAngularAcceleration.y', type=FLOAT64, size=8, count=1, flags=0x0}
8 (551, 842000000) 5 {name='relativeAngularAcceleration.z', type=FLOAT64, size=8, count=1, flags=0x0}
8 (551, 842000000) 6 {name='relativeLinearVelocity.x', type=FLOAT64, size=8, count=1, flags=0x0}
8 (551, 842000000) 7 {name='relativeLinearVelocity.y', type=FLOAT64, size=8, count=1, flags=0x0}
8 (551, 842000000) 8 {name='relativeLinearVelocity.z', type=FLOAT64, size=8, count=1, flags=0x0}
8 (551, 842000000) 9 {name='relativeAngularVelocity.x', type=FLOAT64, size=8, count=1, flags=0x0}
8 (551, 842000000) 10 {name='relativeAngularVelocity.y', type=FLOAT64, size=8, count=1, flags=0x0}
8 (551, 842000000) 11 {name='relativeAngularVelocity.z', type=FLOAT64, size=8, count=1, flags=0x0}
8 (551, 842000000) 12 {name='worldLinearVelocity.x', type=FLOAT64, size=8, count=1, flags=0x0}
8 (551, 842000000) 13 {name='worldLinearVelocity.y', type=FLOAT64, size=8, count=1, flags=0x0}
8 (551, 842000000) 14 {name='worldLinearVelocity.z', type=FLOAT64, size=8, count=1, flags=0x0}
8 (551, 842000000) 15 {name='worldPosition.x', type=FLOAT64, size=8, count=1, flags=0x0}
8 (551, 842000000) 16 {name='worldPosition.y', type=FLOAT64, size=8, count=1, flags=0x0}
8 (551, 842000000) 17 {name='worldPosition.z', type=FLOAT64, size=8, count=1, flags=0x0}
8 (551, 842000000) 18 {name='worldAttitude.x', type=FLOAT64, size=8, count=1, flags=0x0}
8 (551, 842000000) 19 {name='worldAttitude.y', type=FLOAT64, size=8, count=1, flags=0x0}
8 (551, 842000000) 20 {name='worldAttitude.z', type=FLOAT64, size=8, count=1, flags=0x0}
8 (551, 842000000) 21 {name='worldPressure', type=FLOAT64, size=8, count=1, flags=0x0}
8 (551, 842000000) 22 {name='worldTemperature', type=FLOAT64, size=8, count=1, flags=0x0}
8 (551, 842000000) 23 {name='lastCollisionTime', type=FLOAT64, size=8, count=1, flags=0x0}
