1 (532, 784000000) 0 {name='GPS_spherical.x', type=FLOAT64, size=8, count=1, flags=0x0}
1 (532, 784000000) 1 {name='GPS_spherical.y', type=FLOAT64, size=8, count=1, flags=0x0}
1 (532, 784000000) 2 {name='GPS_spherical.z', type=FLOAT64, size=8, count=1, flags=0x0}
1 (532, 784000000) 3 {name='GPS_velocity.x', type=FLOAT64, size=8, count=1, flags=0x0}
1 (532, 784000000) 4 {name='GPS_velocity.y', type=FLOAT64, size=8, count=1, flags=0x0}
1 (532, 784000000) 5 {name='GPS_velocity.z', type=FLOAT64, size=8, count=1, flags=0x0}
2 (532, 784000000) 0 {name='relativeLinearAcceleration.x', type=FLOAT64, size=8, count=1, flags=0x0}
2 (532, 784000000) 1 {name='relativeLinearAcceleration.y', type=FLOAT64, size=8, count=1, flags=0x0}
2 (532, 784000000) 2 {name='relativeLinearAcceleration.z', type=FLOAT64, size=8, count=1, flags=0x0}
2 (532, 784000000) 3 {name='relativeAngularAcceleration.x', type=FLOAT64, size=8, count=1, flags=0x0}
2 (532, 784000000) 4 {name='relativeAngularAcceleration.y', type=FLOAT64, size=8, count=1, flags=0x0}
2 (532, 784000000) 5 {name='relativeAngularAcceleration.z', type=FLOAT64, size=8, count=1, flags=0x0}
2 (532, 784000000) 6 {name='relativeLinearVelocity.x', type=FLOAT64, size=8, count=1, flags=0x0}
2 (532, 784000000) 7 {name='relativeLinearVelocity.y', type=FLOAT64, size=8, count=1, flags=0x0}
2 (532, 784000000) 8 {name='relativeLinearVelocity.z', type=FLOAT64, size=8, count=1, flags=0x0}
2 (532, 784000000) 9 {name='relativeAngularVelocity.x', type=FLOAT64, size=8, count=1, flags=0x0}
2 (532, 784000000) 10 {name='relativeAngularVelocity.y', type=FLOAT64, size=8, count=1, flags=0x0}
2 (532, 784000000) 11 {name='relativeAngularVelocity.z', type=FLOAT64, size=8, count=1, flags=0x0}
2 (532, 784000000) 12 {name='worldLinearVelocity.x', type=FLOAT64, size=8, count=1, flags=0x0}
2 (532, 784000000) 13 {name='worldLinearVelocity.y', type=FLOAT64, size=8, count=1, flags=0x0}
2 (532, 784000000) 14 {name='worldLinearVelocity.z', type=FLOAT64, size=8, count=1, flags=0x0}
2 (532, 784000000) 15 {name='worldPosition.x', type=FLOAT64, size=8, count=1, flags=0x0}
2 (532, 784000000) 16 {name='worldPosition.y', type=FLOAT64, size=8, count=1, flags=0x0}
2 (532, 784000000) 17 {name='worldPosition.z', type=FLOAT64, size=8, count=1, flags=0x0}
2 (532, 784000000) 18 {name='worldAttitude.x', type=FLOAT64, size=8, count=1, flags=0x0}
2 (532, 784000000) 19 {name='worldAttitude.y', type=FLOAT64, size=8, count=1, flags=0x0}
2 (532, 784000000) 20 {name='worldAttitude.z', type=FLOAT64, size=8, count=1, flags=0x0}
2 (532, 784000000) 21 {name='worldPressure', type=FLOAT64, size=8, count=1, flags=0x0}
2 (532, 784000000) 22 {name='worldTemperature', type=FLOAT64, size=8, count=1, flags=0x0}
2 (532, 784000000) 23 {name='lastCollisionTime', type=FLOAT64, size=8, count=1, flags=0x0}
3 (532, 784000000) 0 {name='GPS_spherical.x', type=FLOAT64, size=8, count=1, flags=0x0}
3 (532, 784000000) 1 {name='GPS_spherical.y', type=FLOAT64, size=8, count=1, flags=0x0}
3 (532, 784000000) 2 {name='GPS_spherical.z', type=FLOAT64, size=8, count=1, flags=0x0}
3 (532, 784000000) 3 {name='GPS_velocity.x', type=FLOAT64, size=8, count=1, flags=0x0}
3 (532, 784000000) 4 {name='GPS_velocity.y', type=FLOAT64, size=8, count=1, flags=0x0}
3 (532, 784000000) 5 {name='GPS_velocity.z', type=FLOAT64, size=8, count=1, flags=0x0}
4 (532, 785000000) 0 {name='relativeLinearAcceleration.x', type=FLOAT64, size=8, count=1, flags=0x0}
4 (532, 785000000) 1 {name='relativeLinearAcceleration.y', type=FLOAT64, size=8, count=1, flags=0x0}
4 (532, 785000000) 2 {name='relativeLinearAcceleration.z', type=FLOAT64, size=8, count=1, flags=0x0}
4 (532, 785000000) 3 {name='relativeAngularAcceleration.x', type=FLOAT64, size=8, count=1, flags=0x0}
4 (532, 785000000) 4 {name='relativeAngularAcceleration.y', type=FLOAT64, size=8, count=1, flags=0x0}
4 (532, 785000000) 5 {name='relativeAngularAcceleration.z', type=FLOAT64, size=8, count=1, flags=0x0}
4 (532, 785000000) 6 {name='relativeLinearVelocity.x', type=FLOAT64, size=8, count=1, flags=0x0}
4 (532, 785000000) 7 {name='relativeLinearVelocity.y', type=FLOAT64, size=8, count=1, flags=0x0}
4 (532, 785000000) 8 {name='relativeLinearVelocity.z', type=FLOAT64, size=8, count=1, flags=0x0}
4 (532, 785000000) 9 {name='relativeAngularVelocity.x', type=FLOAT64, size=8, count=1, flags=0x0}
4 (532, 785000000) 10 {name='relativeAngularVelocity.y', type=FLOAT64, size=8, count=1, flags=0x0}
4 (532, 785000000) 11 {name='relativeAngularVelocity.z', type=FLOAT64, size=8, count=1, flags=0x0}
4 (532, 785000000) 12 {name='worldLinearVelocity.x', type=FLOAT64, size=8, count=1, flags=0x0}
4 (532, 785000000) 13 {name='worldLinearVelocity.y', type=FLOAT64, size=8, count=1, flags=0x0}
4 (532, 785000000) 14 {name='worldLinearVelocity.z', type=FLOAT64, size=8, count=1, flags=0x0}
4 (532, 785000000) 15 {name='worldPosition.x', type=FLOAT64, size=8, count=1, flags=0x0}
4 (532, 785000000) 16 {name='worldPosition.y', type=FLOAT64, size=8, count=1, flags=0x0}
4 (532, 785000000) 17 {name='worldPosition.z', type=FLOAT64, size=8, count=1, flags=0x0}
4 (532, 785000000) 18 {name='worldAttitude.x', type=FLOAT64, size=8, count=1, flags=0x0}
4 (532, 785000000) 19 {name='worldAttitude.y', type=FLOAT64, size=8, count=1, flags=0x0}
4 (532, 785000000) 20 {name='worldAttitude.z', type=FLOAT64, size=8, count=1, flags=0x0}
4 (532, 785000000) 21 {name='worldPressure', type=FLOAT64, size=8, count=1, flags=0x0}
4 (532, 785000000) 22 {name='worldTemperature', type=FLOAT64, size=8, count=1, flags=0x0}
4 (532, 785000000) 23 {name='lastCollisionTime', type=FLOAT64, size=8, count=1, flags=0x0}
5 (532, 785000000) 0 {name='GPS_spherical.x', type=FLOAT64, size=8, count=1, flags=0x0}
5 (532, 785000000) 1 {name='GPS_spherical.y', type=FLOAT64, size=8, count=1, flags=0x0}
5 (532, 785000000) 2 {name='GPS_spherical.z', type=FLOAT64, size=8, count=1, flags=0x0}
5 (532, 785000000) 3 {name='GPS_velocity.x', type=FLOAT64, size=8, count=1, flags=0x0}
5 (532, 785000000) 4 {name='GPS_velocity.y', type=FLOAT64, size=8, count=1, flags=0x0}
5 (532, 785000000) 5 {name='GPS_velocity.z', type=FLOAT64, size=8, count=1, flags=0x0}
6 (532, 785000000) 0 {name='current_voltage', type=FLOAT64, size=8, count=1, flags=0x0}
7 (532, 785000000) 0 {name='SysTimestamp_ns', type=UINT64, size=8, count=1, flags=0x0}
7 (532, 785000000) 1 {name='SdyTimestamp_ns', type=UINT64, size=8, count=1, flags=0x0}
7 (532, 785000000) 2 {name='SimTimestamp_ns', type=UINT64, size=8, count=1, flags=0x0}
8 (532, 785000000) 0 {name='relativeLinearAcceleration.x', type=FLOAT64, size=8, count=1, flags=0x0}
8 (532, 785000000) 1 {name='relativeLinearAcceleration.y', type=FLOAT64, size=8, count=1, flags=0x0}
8 (532, 785000000) 2 {name='relativeLinearAcceleration.z', type=FLOAT64, size=8, count=1, flags=0x0}
8 (532, 785000000) 3 {name='relativeAngularAcceleration.x', type=FLOAT64, size=8, count=1, flags=0x0}
8 (532, 785000000) 4 {name='relativeAngularAcceleration.y', type=FLOAT64, size=8, count=1, flags=0x0}
8 (532, 785000000) 5 {name='relativeAngularAcceleration.z', type=FLOAT64, size=8, count=1, flags=0x0}
8 (532, 785000000) 6 {name='relativeLinearVelocity.x', type=FLOAT64, size=8, count=1, flags=0x0}
8 (532, 785000000) 7 {name='relativeLinearVelocity.y', type=FLOAT64, size=8, count=1, flags=0x0}
8 (532, 785000000) 8 {name='relativeLinearVelocity.z', type=FLOAT64, size=8, count=1, flags=0x0}
8 (532, 785000000) 9 {name='relativeAngularVelocity.x', type=FLOAT64, size=8, count=1, flags=0x0}
8 (532, 785000000) 10 {name='relativeAngularVelocity.y', type=FLOAT64, size=8, count=1, flags=0x0}
8 (532, 785000000) 11 {name='relativeAngularVelocity.z', type=FLOAT64, size=8, count=1, flags=0x0}
8 (532, 785000000) 12 {name='worldLinearVelocity.x', type=FLOAT64, size=8, count=1, flags=0x0}
8 (532, 785000000) 13 {name='worldLinearVelocity.y', type=FLOAT64, size=8, count=1, flags=0x0}
8 (532, 785000000) 14 {name='worldLinearVelocity.z', type=FLOAT64, size=8, count=1, flags=0x0}
8 (532, 785000000) 15 {name='worldPosition.x', type=FLOAT64, size=8, count=1, flags=0x0}
8 (532, 785000000) 16 {name='worldPosition.y', type=FLOAT64, size=8, count=1, flags=0x0}
8 (532, 785000000) 17 {name='worldPosition.z', type=FLOAT64, size=8, count=1, flags=0x0}
8 (532, 785000000) 18 {name='worldAttitude.x', type=FLOAT64, size=8, count=1, flags=0x0}
8 (532, 785000000) 19 {name='worldAttitude.y', type=FLOAT64, size=8, count=1, flags=0x0}
8 (532, 785000000) 20 {name='worldAttitude.z', type=FLOAT64, size=8, count=1, flags=0x0}
8 (532, 785000000) 21 {name='worldPressure', type=FLOAT64, size=8, count=1, flags=0x0}
8 (532, 785000000) 22 {name='worldTemperature', type=FLOAT64, size=8, count=1, flags=0x0}
8 (532, 785000000) 23 {name='lastCollisionTime', type=FLOAT64, size=8, count=1, flags=0x0}
1 (533, 784000000) 0 {name='GPS_spherical.x', type=FLOAT64, size=8, count=1, flags=0x0}
1 (533, 784000000) 1 {name='GPS_spherical.y', type=FLOAT64, size=8, count=1, flags=0x0}
1 (533, 784000000) 2 {name='GPS_spherical.z', type=FLOAT64, size=8, count=1, flags=0x0}
1 (533, 784000000) 3 {name='GPS_velocity.x', type=FLOAT64, size=8, count=1, flags=0x0}
1 (533, 784000000) 4 {name='GPS_velocity.y', type=FLOAT64, size=8, count=1, flags=0x0}
1 (533, 784000000) 5 {name='GPS_velocity.z', type=FLOAT64, size=8, count=1, flags=0x0}
2 (533, 784000000) 0 {name='relativeLinearAcceleration.x', type=FLOAT64, size=8, count=1, flags=0x0}
2 (533, 784000000) 1 {name='relativeLinearAcceleration.y', type=FLOAT64, size=8, count=1, flags=0x0}
2 (533, 784000000) 2 {name='relativeLinearAcceleration.z', type=FLOAT64, size=8, count=1, flags=0x0}
2 (533, 784000000) 3 {name='relativeAngularAcceleration.x', type=FLOAT64, size=8, count=1, flags=0x0}
2 (533, 784000000) 4 {name='relativeAngularAcceleration.y', type=FLOAT64, size=8, count=1, flags=0x0}
2 (533, 784000000) 5 {name='relativeAngularAcceleration.z', type=FLOAT64, size=8, count=1, flags=0x0}
2 (533, 784000000) 6 {name='relativeLinearVelocity.x', type=FLOAT64, size=8, count=1, flags=0x0}
2 (533, 784000000) 7 {name='relativeLinearVelocity.y', type=FLOAT64, size=8, count=1, flags=0x0}
2 (533, 784000000) 8 {name='relativeLinearVelocity.z', type=FLOAT64, size=8, count=1, flags=0x0}
2 (533, 784000000) 9 {name='relativeAngularVelocity.x', type=FLOAT64, size=8, count=1, flags=0x0}
2 (533, 784000000) 10 {name='relativeAngularVelocity.y', type=FLOAT64, size=8, count=1, flags=0x0}
2 (533, 784000000) 11 {name='relativeAngularVelocity.z', type=FLOAT64, size=8, count=1, flags=0x0}
2 (533, 784000000) 12 {name='worldLinearVelocity.x', type=FLOAT64, size=8, count=1, flags=0x0}
2 (533, 784000000) 13 {name='worldLinearVelocity.y', type=FLOAT64, size=8, count=1, flags=0x0}
2 (533, 784000000) 14 {name='worldLinearVelocity.z', type=FLOAT64, size=8, count=1, flags=0x0}
2 (533, 784000000) 15 {name='worldPosition.x', type=FLOAT64, size=8, count=1, flags=0x0}
2 (533, 784000000) 16 {name='worldPosition.y', type=FLOAT64, size=8, count=1, flags=0x0}
2 (533, 784000000) 17 {name='worldPosition.z', type=FLOAT64, size=8, count=1, flags=0x0}
2 (533, 784000000) 18 {name='worldAttitude.x', type=FLOAT64, size=8, count=1, flags=0x0}
2 (533, 784000000) 19 {name='worldAttitude.y', type=FLOAT64, size=8, count=1, flags=0x0}
2 (533, 784000000) 20 {name='worldAttitude.z', type=FLOAT64, size=8, count=1, flags=0x0}
2 (533, 784000000) 21 {name='worldPressure', type=FLOAT64, size=8, count=1, flags=0x0}
2 (533, 784000000) 22 {name='worldTemperature', type=FLOAT64, size=8, count=1, flags=0x0}
2 (533, 784000000) 23 {name='lastCollisionTime', type=FLOAT64, size=8, count=1, flags=0x0}
3 (533, 784000000) 0 {name='GPS_spherical.x', type=FLOAT64, size=8, count=1, flags=0x0}
3 (533, 784000000) 1 {name='GPS_spherical.y', type=FLOAT64, size=8, count=1, flags=0x0}
3 (533, 784000000) 2 {name='GPS_spherical.z', type=FLOAT64, size=8, count=1, flags=0x0}
3 (533, 784000000) 3 {name='GPS_velocity.x', type=FLOAT64, size=8, count=1, flags=0x0}
3 (533, 784000000) 4 {name='GPS_velocity.y', type=FLOAT64, size=8, count=1, flags=0x0}
3 (533, 784000000) 5 {name='GPS_velocity.z', type=FLOAT64, size=8, count=1, flags=0x0}
4 (533, 785000000) 0 {name='relativeLinearAcceleration.x', type=FLOAT64, size=8, count=1, flags=0x0}
4 (533, 785000000) 1 {name='relativeLinearAcceleration.y', type=FLOAT64, size=8, count=1, flags=0x0}
4 (533, 785000000) 2 {name='relativeLinearAcceleration.z', type=FLOAT64, size=8, count=1, flags=0x0}
4 (533, 785000000) 3 {name='relativeAngularAcceleration.x', type=FLOAT64, size=8, count=1, flags=0x0}
4 (533, 785000000) 4 {name='relativeAngularAcceleration.y', type=FLOAT64, size=8, count=1, flags=0x0}
4 (533, 785000000) 5 {name='relativeAngularAcceleration.z', type=FLOAT64, size=8, count=1, flags=0x0}
4 (533, 785000000) 6 {name='relativeLinearVelocity.x', type=FLOAT64, size=8, count=1, flags=0x0}
4 (533, 785000000) 7 {name='relativeLinearVelocity.y', type=FLOAT64, size=8, count=1, flags=0x0}
4 (533, 785000000) 8 {name='relativeLinearVelocity.z', type=FLOAT64, size=8, count=1, flags=0x0}
4 (533, 785000000) 9 {name='relativeAngularVelocity.x', type=FLOAT64, size=8, count=1, flags=0x0}
4 (533, 785000000) 10 {name='relativeAngularVelocity.y', type=FLOAT64, size=8, count=1, flags=0x0}
4 (533, 785000000) 11 {name='relativeAngularVelocity.z', type=FLOAT64, size=8, count=1, flags=0x0}
4 (533, 785000000) 12 {name='worldLinearVelocity.x', type=FLOAT64, size=8, count=1, flags=0x0}
4 (533, 785000000) 13 {name='worldLinearVelocity.y', type=FLOAT64, size=8, count=1, flags=0x0}
4 (533, 785000000) 14 {name='worldLinearVelocity.z', type=FLOAT64, size=8, count=1, flags=0x0}
4 (533, 785000000) 15 {name='worldPosition.x', type=FLOAT64, size=8, count=1, flags=0x0}
4 (533, 785000000) 16 {name='worldPosition.y', type=FLOAT64, size=8, count=1, flags=0x0}
4 (533, 785000000) 17 {name='worldPosition.z', type=FLOAT64, size=8, count=1, flags=0x0}
4 (533, 785000000) 18 {name='worldAttitude.x', type=FLOAT64, size=8, count=1, flags=0x0}
4 (533, 785000000) 19 {name='worldAttitude.y', type=FLOAT64, size=8, count=1, flags=0x0}
4 (533, 785000000) 20 {name='worldAttitude.z', type=FLOAT64, size=8, count=1, flags=0x0}
4 (533, 785000000) 21 {name='worldPressure', type=FLOAT64, size=8, count=1, flags=0x0}
4 (533, 785000000) 22 {name='worldTemperature', type=FLOAT64, size=8, count=1, flags=0x0}
4 (533, 785000000) 23 {name='lastCollisionTime', type=FLOAT64, size=8, count=1, flags=0x0}
5 (533, 785000000) 0 {name='GPS_spherical.x', type=FLOAT64, size=8, count=1, flags=0x0}
5 (533, 785000000) 1 {name='GPS_spherical.y', type=FLOAT64, size=8, count=1, flags=0x0}
5 (533, 785000000) 2 {name='GPS_spherical.z', type=FLOAT64, size=8, count=1, flags=0x0}
5 (533, 785000000) 3 {name='GPS_velocity.x', type=FLOAT64, size=8, count=1, flags=0x0}
5 (533, 785000000) 4 {name='GPS_velocity.y', type=FLOAT64, size=8, count=1, flags=0x0}
5 (533, 785000000) 5 {name='GPS_velocity.z', type=FLOAT64, size=8, count=1, flags=0x0}
6 (533, 785000000) 0 {name='current_voltage', type=FLOAT64, size=8, count=1, flags=0x0}
7 (533, 785000000) 0 {name='SysTimestamp_ns', type=UINT64, size=8, count=1, flags=0x0}
7 (533, 785000000) 1 {name='SdyTimestamp_ns', type=UINT64, size=8, count=1, flags=0x0}
7 (533, 785000000) 2 {name='SimTimestamp_ns', type=UINT64, size=8, count=1, flags=0x0}
8 (533, 785000000) 0 {name='relativeLinearAcceleration.x', type=FLOAT64, size=8, count=1, flags=0x0}
8 (533, 785000000) 1 {name='relativeLinearAcceleration.y', type=FLOAT64, size=8, count=1, flags=0x0}
8 (533, 785000000) 2 {name='relativeLinearAcceleration.z', type=FLOAT64, size=8, count=1, flags=0x0}
8 (533, 785000000) 3 {name='relativeAngularAcceleration.x', type=FLOAT64, size=8, count=1, flags=0x0}
8 (533, 785000000) 4 {name='relativeAngularAcceleration.y', type=FLOAT64, size=8, count=1, flags=0x0}
8 (533, 785000000) 5 {name='relativeAngularAcceleration.z', type=FLOAT64, size=8, count=1, flags=0x0}
8 (533, 785000000) 6 {name='relativeLinearVelocity.x', type=FLOAT64, size=8, count=1, flags=0x0}
8 (533, 785000000) 7 {name='relativeLinearVelocity.y', type=FLOAT64, size=8, count=1, flags=0x0}
8 (533, 785000000) 8 {name='relativeLinearVelocity.z', type=FLOAT64, size=8, count=1, flags=0x0}
8 (533, 785000000) 9 {name='relativeAngularVelocity.x', type=FLOAT64, size=8, count=1, flags=0x0}
8 (533, 785000000) 10 {name='relativeAngularVelocity.y', type=FLOAT64, size=8, count=1, flags=0x0}
8 (533, 785000000) 11 {name='relativeAngularVelocity.z', type=FLOAT64, size=8, count=1, flags=0x0}
8 (533, 785000000) 12 {name='worldLinearVelocity.x', type=FLOAT64, size=8, count=1, flags=0x0}
8 (533, 785000000) 13 {name='worldLinearVelocity.y', type=FLOAT64, size=8, count=1, flags=0x0}
8 (533, 785000000) 14 {name='worldLinearVelocity.z', type=FLOAT64, size=8, count=1, flags=0x0}
8 (533, 785000000) 15 {name='worldPosition.x', type=FLOAT64, size=8, count=1, flags=0x0}
8 (533, 785000000) 16 {name='worldPosition.y', type=FLOAT64, size=8, count=1, flags=0x0}
8 (533, 785000000) 17 {name='worldPosition.z', type=FLOAT64, size=8, count=1, flags=0x0}
8 (533, 785000000) 18 {name='worldAttitude.x', type=FLOAT64, size=8, count=1, flags=0x0}
8 (533, 785000000) 19 {name='worldAttitude.y', type=FLOAT64, size=8, count=1, flags=0x0}
8 (533, 785000000) 20 {name='worldAttitude.z', type=FLOAT64, size=8, count=1, flags=0x0}
8 (533, 785000000) 21 {name='worldPressure', type=FLOAT64, size=8, count=1, flags=0x0}
8 (533, 785000000) 22 {name='worldTemperature', type=FLOAT64, size=8, count=1, flags=0x0}
8 (533, 785000000) 23 {name='lastCollisionTime', type=FLOAT64, size=8, count=1, flags=0x0}
1 (534, 784000000) 0 {name='GPS_spherical.x', type=FLOAT64, size=8, count=1, flags=0x0}
1 (534, 784000000) 1 {name='GPS_spherical.y', type=FLOAT64, size=8, count=1, flags=0x0}
1 (534, 784000000) 2 {name='GPS_spherical.z', type=FLOAT64, size=8, count=1, flags=0x0}
1 (534, 784000000) 3 {name='GPS_velocity.x', type=FLOAT64, size=8, count=1, flags=0x0}
1 (534, 784000000) 4 {name='GPS_velocity.y', type=FLOAT64, size=8, count=1, flags=0x0}
1 (534, 784000000) 5 {name='GPS_velocity.z', type=FLOAT64, size=8, count=1, flags=0x0}
2 (534, 784000000) 0 {name='relativeLinearAcceleration.x', type=FLOAT64, size=8, count=1, flags=0x0}
2 (534, 784000000) 1 {name='relativeLinearAcceleration.y', type=FLOAT64, size=8, count=1, flags=0x0}
2 (534, 784000000) 2 {name='relativeLinearAcceleration.z', type=FLOAT64, size=8, count=1, flags=0x0}
2 (534, 784000000) 3 {name='relativeAngularAcceleration.x', type=FLOAT64, size=8, count=1, flags=0x0}
2 (534, 784000000) 4 {name='relativeAngularAcceleration.y', type=FLOAT64, size=8, count=1, flags=0x0}
2 (534, 784000000) 5 {name='relativeAngularAcceleration.z', type=FLOAT64, size=8, count=1, flags=0x0}
2 (534, 784000000) 6 {name='relativeLinearVelocity.x', type=FLOAT64, size=8, count=1, flags=0x0}
2 (534, 784000000) 7 {name='relativeLinearVelocity.y', type=FLOAT64, size=8, count=1, flags=0x0}
2 (534, 784000000) 8 {name='relativeLinearVelocity.z', type=FLOAT64, size=8, count=1, flags=0x0}
2 (534, 784000000) 9 {name='relativeAngularVelocity.x', type=FLOAT64, size=8, count=1, flags=0x0}
2 (534, 784000000) 10 {name='relativeAngularVelocity.y', type=FLOAT64, size=8, count=1, flags=0x0}
2 (534, 784000000) 11 {name='relativeAngularVelocity.z', type=FLOAT64, size=8, count=1, flags=0x0}
2 (534, 784000000) 12 {name='worldLinearVelocity.x', type=FLOAT64, size=8, count=1, flags=0x0}
2 (534, 784000000) 13 {name='worldLinearVelocity.y', type=FLOAT64, size=8, count=1, flags=0x0}
2 (534, 784000000) 14 {name='worldLinearVelocity.z', type=FLOAT64, size=8, count=1, flags=0x0}
2 (534, 784000000) 15 {name='worldPosition.x', type=FLOAT64, size=8, count=1, flags=0x0}
2 (534, 784000000) 16 {name='worldPosition.y', type=FLOAT64, size=8, count=1, flags=0x0}
2 (534, 784000000) 17 {name='worldPosition.z', type=FLOAT64, size=8, count=1, flags=0x0}
2 (534, 784000000) 18 {name='worldAttitude.x', type=FLOAT64, size=8, count=1, flags=0x0}
2 (534, 784000000) 19 {name='worldAttitude.y', type=FLOAT64, size=8, count=1, flags=0x0}
2 (534, 784000000) 20 {name='worldAttitude.z', type=FLOAT64, size=8, count=1, flags=0x0}
2 (534, 784000000) 21 {name='worldPressure', type=FLOAT64, size=8, count=1, flags=0x0}
2 (534, 784000000) 22 {name='worldTemperature', type=FLOAT64, size=8, count=1, flags=0x0}
2 (534, 784000000) 23 {name='lastCollisionTime', type=FLOAT64, size=8, count=1, flags=0x0}
3 (534, 784000000) 0 {name='GPS_spherical.x', type=FLOAT64, size=8, count=1, flags=0x0}
3 (534, 784000000) 1 {name='GPS_spherical.y', type=FLOAT64, size=8, count=1, flags=0x0}
3 (534, 784000000) 2 {name='GPS_spherical.z', type=FLOAT64, size=8, count=1, flags=0x0}
3 (534, 784000000) 3 {name='GPS_velocity.x', type=FLOAT64, size=8, count=1, flags=0x0}
3 (534, 784000000) 4 {name='GPS_velocity.y', type=FLOAT64, size=8, count=1, flags=0x0}
3 (534, 784000000) 5 {name='GPS_velocity.z', type=FLOAT64, size=8, count=1, flags=0x0}
4 (534, 785000000) 0 {name='relativeLinearAcceleration.x', type=FLOAT64, size=8, count=1, flags=0x0}
4 (534, 785000000) 1 {name='relativeLinearAcceleration.y', type=FLOAT64, size=8, count=1, flags=0x0}
4 (534, 785000000) 2 {name='relativeLinearAcceleration.z', type=FLOAT64, size=8, count=1, flags=0x0}
4 (534, 785000000) 3 {name='relativeAngularAcceleration.x', type=FLOAT64, size=8, count=1, flags=0x0}
4 (534, 785000000) 4 {name='relativeAngularAcceleration.y', type=FLOAT64, size=8, count=1, flags=0x0}
4 (534, 785000000) 5 {name='relativeAngularAcceleration.z', type=FLOAT64, size=8, count=1, flags=0x0}
4 (534, 785000000) 6 {name='relativeLinearVelocity.x', type=FLOAT64, size=8, count=1, flags=0x0}
4 (534, 785000000) 7 {name='relativeLinearVelocity.y', type=FLOAT64, size=8, count=1, flags=0x0}
4 (534, 785000000) 8 {name='relativeLinearVelocity.z', type=FLOAT64, size=8, count=1, flags=0x0}
4 (534, 785000000) 9 {name='relativeAngularVelocity.x', type=FLOAT64, size=8, count=1, flags=0x0}
4 (534, 785000000) 10 {name='relativeAngularVelocity.y', type=FLOAT64, size=8, count=1, flags=0x0}
4 (534, 785000000) 11 {name='relativeAngularVelocity.z', type=FLOAT64, size=8, count=1, flags=0x0}
4 (534, 785000000) 12 {name='worldLinearVelocity.x', type=FLOAT64, size=8, count=1, flags=0x0}
4 (534, 785000000) 13 {name='worldLinearVelocity.y', type=FLOAT64, size=8, count=1, flags=0x0}
4 (534, 785000000) 14 {name='worldLinearVelocity.z', type=FLOAT64, size=8, count=1, flags=0x0}
4 (534, 785000000) 15 {name='worldPosition.x', type=FLOAT64, size=8, count=1, flags=0x0}
4 (534, 785000000) 16 {name='worldPosition.y', type=FLOAT64, size=8, count=1, flags=0x0}
4 (534, 785000000) 17 {name='worldPosition.z', type=FLOAT64, size=8, count=1, flags=0x0}
4 (534, 785000000) 18 {name='worldAttitude.x', type=FLOAT64, size=8, count=1, flags=0x0}
4 (534, 785000000) 19 {name='worldAttitude.y', type=FLOAT64, size=8, count=1, flags=0x0}
4 (534, 785000000) 20 {name='worldAttitude.z', type=FLOAT64, size=8, count=1, flags=0x0}
4 (534, 785000000) 21 {name='worldPressure', type=FLOAT64, size=8, count=1, flags=0x0}
4 (534, 785000000) 22 {name='worldTemperature', type=FLOAT64, size=8, count=1, flags=0x0}
4 (534, 785000000) 23 {name='lastCollisionTime', type=FLOAT64, size=8, count=1, flags=0x0}
5 (534, 785000000) 0 {name='GPS_spherical.x', type=FLOAT64, size=8, count=1, flags=0x0}
5 (534, 785000000) 1 {name='GPS_spherical.y', type=FLOAT64, size=8, count=1, flags=0x0}
5 (534, 785000000) 2 {name='GPS_spherical.z', type=FLOAT64, size=8, count=1, flags=0x0}
5 (534, 785000000) 3 {name='GPS_velocity.x', type=FLOAT64, size=8, count=1, flags=0x0}
5 (534, 785000000) 4 {name='GPS_velocity.y', type=FLOAT64, size=8, count=1, flags=0x0}
5 (534, 785000000) 5 {name='GPS_velocity.z', type=FLOAT64, size=8, count=1, flags=0x0}
6 (534, 785000000) 0 {name='current_voltage', type=FLOAT64, size=8, count=1, flags=0x0}
7 (534, 785000000) 0 {name='SysTimestamp_ns', type=UINT64, size=8, count=1, flags=0x0}
7 (534, 785000000) 1 {name='SdyTimestamp_ns', type=UINT64, size=8, count=1, flags=0x0}
7 (534, 785000000) 2 {name='SimTimestamp_ns', type=UINT64, size=8, count=1, flags=0x0}
8 (534, 785000000) 0 {name='relativeLinearAcceleration.x', type=FLOAT64, size=8, count=1, flags=0x0}
8 (534, 785000000) 1 {name='relativeLinearAcceleration.y', type=FLOAT64, size=8, count=1, flags=0x0}
8 (534, 785000000) 2 {name='relativeLinearAcceleration.z', type=FLOAT64, size=8, count=1, flags=0x0}
8 (534, 785000000) 3 {name='relativeAngularAcceleration.x', type=FLOAT64, size=8, count=1, flags=0x0}
8 (534, 785000000) 4 {name='relativeAngularAcceleration.y', type=FLOAT64, size=8, count=1, flags=0x0}
8 (534, 785000000) 5 {name='relativeAngularAcceleration.z', type=FLOAT64, size=8, count=1, flags=0x0}
8 (534, 785000000) 6 {name='relativeLinearVelocity.x', type=FLOAT64, size=8, count=1, flags=0x0}
8 (534, 785000000) 7 {name='relativeLinearVelocity.y', type=FLOAT64, size=8, count=1, flags=0x0}
8 (534, 785000000) 8 {name='relativeLinearVelocity.z', type=FLOAT64, size=8, count=1, flags=0x0}
8 (534, 785000000) 9 {name='relativeAngularVelocity.x', type=FLOAT64, size=8, count=1, flags=0x0}
8 (534, 785000000) 10 {name='relativeAngularVelocity.y', type=FLOAT64, size=8, count=1, flags=0x0}
8 (534, 785000000) 11 {name='relativeAngularVelocity.z', type=FLOAT64, size=8, count=1, flags=0x0}
8 (534, 785000000) 12 {name='worldLinearVelocity.x', type=FLOAT64, size=8, count=1, flags=0x0}
8 (534, 785000000) 13 {name='worldLinearVelocity.y', type=FLOAT64, size=8, count=1, flags=0x0}
8 (534, 785000000) 14 {name='worldLinearVelocity.z', type=FLOAT64, size=8, count=1, flags=0x0}
8 (534, 785000000) 15 {name='worldPosition.x', type=FLOAT64, size=8, count=1, flags=0x0}
8 (534, 785000000) 16 {name='worldPosition.y', type=FLOAT64, size=8, count=1, flags=0x0}
8 (534, 785000000) 17 {name='worldPosition.z', type=FLOAT64, size=8, count=1, flags=0x0}
8 (534, 785000000) 18 {name='worldAttitude.x', type=FLOAT64, size=8, count=1, flags=0x0}
8 (534, 785000000) 19 {name='worldAttitude.y', type=FLOAT64, size=8, count=1, flags=0x0}
8 (534, 785000000) 20 {name='worldAttitude.z', type=FLOAT64, size=8, count=1, flags=0x0}
8 (534, 785000000) 21 {name='worldPressure', type=FLOAT64, size=8, count=1, flags=0x0}
8 (534, 785000000) 22 {name='worldTemperature', type=FLOAT64, size=8, count=1, flags=0x0}
8 (534, 785000000) 23 {name='lastCollisionTime', type=FLOAT64, size=8, count=1, flags=0x0}
1 (535, 784000000) 0 {name='GPS_spherical.x', type=FLOAT64, size=8, count=1, flags=0x0}
1 (535, 784000000) 1 {name='GPS_spherical.y', type=FLOAT64, size=8, count=1, flags=0x0}
1 (535, 784000000) 2 {name='GPS_spherical.z', type=FLOAT64, size=8, count=1, flags=0x0}
1 (535, 784000000) 3 {name='GPS_velocity.x', type=FLOAT64, size=8, count=1, flags=0x0}
1 (535, 784000000) 4 {name='GPS_velocity.y', type=FLOAT64, size=8, count=1, flags=0x0}
1 (535, 784000000) 5 {name='GPS_velocity.z', type=FLOAT64, size=8, count=1, flags=0x0}
2 (535, 784000000) 0 {name='relativeLinearAcceleration.x', type=FLOAT64, size=8, count=1, flags=0x0}
2 (535, 784000000) 1 {name='relativeLinearAcceleration.y', type=FLOAT64, size=8, count=1, flags=0x0}
2 (535, 784000000) 2 {name='relativeLinearAcceleration.z', type=FLOAT64, size=8, count=1, flags=0x0}
2 (535, 784000000) 3 {name='relativeAngularAcceleration.x', type=FLOAT64, size=8, count=1, flags=0x0}
2 (535, 784000000) 4 {name='relativeAngularAcceleration.y', type=FLOAT64, size=8, count=1, flags=0x0}
2 (535, 784000000) 5 {name='relativeAngularAcceleration.z', type=FLOAT64, size=8, count=1, flags=0x0}
2 (535, 784000000) 6 {name='relativeLinearVelocity.x', type=FLOAT64, size=8, count=1, flags=0x0}
2 (535, 784000000) 7 {name='relativeLinearVelocity.y', type=FLOAT64, size=8, count=1, flags=0x0}
2 (535, 784000000) 8 {name='relativeLinearVelocity.z', type=FLOAT64, size=8, count=1, flags=0x0}
2 (535, 784000000) 9 {name='relativeAngularVelocity.x', type=FLOAT64, size=8, count=1, flags=0x0}
2 (535, 784000000) 10 {name='relativeAngularVelocity.y', type=FLOAT64, size=8, count=1, flags=0x0}
2 (535, 784000000) 11 {name='relativeAngularVelocity.z', type=FLOAT64, size=8, count=1, flags=0x0}
2 (535, 784000000) 12 {name='worldLinearVelocity.x', type=FLOAT64, size=8, count=1, flags=0x0}
2 (535, 784000000) 13 {name='worldLinearVelocity.y', type=FLOAT64, size=8, count=1, flags=0x0}
2 (535, 784000000) 14 {name='worldLinearVelocity.z', type=FLOAT64, size=8, count=1, flags=0x0}
2 (535, 784000000) 15 {name='worldPosition.x', type=FLOAT64, size=8, count=1, flags=0x0}
2 (535, 784000000) 16 {name='worldPosition.y', type=FLOAT64, size=8, count=1, flags=0x0}
2 (535, 784000000) 17 {name='worldPosition.z', type=FLOAT64, size=8, count=1, flags=0x0}
2 (535, 784000000) 18 {name='worldAttitude.x', type=FLOAT64, size=8, count=1, flags=0x0}
2 (535, 784000000) 19 {name='worldAttitude.y', type=FLOAT64, size=8, count=1, flags=0x0}
2 (535, 784000000) 20 {name='worldAttitude.z', type=FLOAT64, size=8, count=1, flags=0x0}
2 (535, 784000000) 21 {name='worldPressure', type=FLOAT64, size=8, count=1, flags=0x0}
2 (535, 784000000) 22 {name='worldTemperature', type=FLOAT64, size=8, count=1, flags=0x0}
2 (535, 784000000) 23 {name='lastCollisionTime', type=FLOAT64, size=8, count=1, flags=0x0}
3 (535, 784000000) 0 {name='GPS_spherical.x', type=FLOAT64, size=8, count=1, flags=0x0}
3 (535, 784000000) 1 {name='GPS_spherical.y', type=FLOAT64, size=8, count=1, flags=0x0}
3 (535, 784000000) 2 {name='GPS_spherical.z', type=FLOAT64, size=8, count=1, flags=0x0}
3 (535, 784000000) 3 {name='GPS_velocity.x', type=FLOAT64, size=8, count=1, flags=0x0}
3 (535, 784000000) 4 {name='GPS_velocity.y', type=FLOAT64, size=8, count=1, flags=0x0}
3 (535, 784000000) 5 {name='GPS_velocity.z', type=FLOAT64, size=8, count=1, flags=0x0}
4 (535, 785000000) 0 {name='relativeLinearAcceleration.x', type=FLOAT64, size=8, count=1, flags=0x0}
4 (535, 785000000) 1 {name='relativeLinearAcceleration.y', type=FLOAT64, size=8, count=1, flags=0x0}
4 (535, 785000000) 2 {name='relativeLinearAcceleration.z', type=FLOAT64, size=8, count=1, flags=0x0}
4 (535, 785000000) 3 {name='relativeAngularAcceleration.x', type=FLOAT64, size=8, count=1, flags=0x0}
4 (535, 785000000) 4 {name='relativeAngularAcceleration.y', type=FLOAT64, size=8, count=1, flags=0x0}
4 (535, 785000000) 5 {name='relativeAngularAcceleration.z', type=FLOAT64, size=8, count=1, flags=0x0}
4 (535, 785000000) 6 {name='relativeLinearVelocity.x', type=FLOAT64, size=8, count=1, flags=0x0}
4 (535, 785000000) 7 {name='relativeLinearVelocity.y', type=FLOAT64, size=8, count=1, flags=0x0}
4 (535, 785000000) 8 {name='relativeLinearVelocity.z', type=FLOAT64, size=8, count=1, flags=0x0}
4 (535, 785000000) 9 {name='relativeAngularVelocity.x', type=FLOAT64, size=8, count=1, flags=0x0}
4 (535, 785000000) 10 {name='relativeAngularVelocity.y', type=FLOAT64, size=8, count=1, flags=0x0}
4 (535, 785000000) 11 {name='relativeAngularVelocity.z', type=FLOAT64, size=8, count=1, flags=0x0}
4 (535, 785000000) 12 {name='worldLinearVelocity.x', type=FLOAT64, size=8, count=1, flags=0x0}
4 (535, 785000000) 13 {name='worldLinearVelocity.y', type=FLOAT64, size=8, count=1, flags=0x0}
4 (535, 785000000) 14 {name='worldLinearVelocity.z', type=FLOAT64, size=8, count=1, flags=0x0}
4 (535, 785000000) 15 {name='worldPosition.x', type=FLOAT64, size=8, count=1, flags=0x0}
4 (535, 785000000) 16 {name='worldPosition.y', type=FLOAT64, size=8, count=1, flags=0x0}
4 (535, 785000000) 17 {name='worldPosition.z', type=FLOAT64, size=8, count=1, flags=0x0}
4 (535, 785000000) 18 {name='worldAttitude.x', type=FLOAT64, size=8, count=1, flags=0x0}
4 (535, 785000000) 19 {name='worldAttitude.y', type=FLOAT64, size=8, count=1, flags=0x0}
4 (535, 785000000) 20 {name='worldAttitude.z', type=FLOAT64, size=8, count=1, flags=0x0}
4 (535, 785000000) 21 {name='worldPressure', type=FLOAT64, size=8, count=1, flags=0x0}
4 (535, 785000000) 22 {name='worldTemperature', type=FLOAT64, size=8, count=1, flags=0x0}
4 (535, 785000000) 23 {name='lastCollisionTime', type=FLOAT64, size=8, count=1, flags=0x0}
5 (535, 785000000) 0 {name='GPS_spherical.x', type=FLOAT64, size=8, count=1, flags=0x0}
5 (535, 785000000) 1 {name='GPS_spherical.y', type=FLOAT64, size=8, count=1, flags=0x0}
5 (535, 785000000) 2 {name='GPS_spherical.z', type=FLOAT64, size=8, count=1, flags=0x0}
5 (535, 785000000) 3 {name='GPS_velocity.x', type=FLOAT64, size=8, count=1, flags=0x0}
5 (535, 785000000) 4 {name='GPS_velocity.y', type=FLOAT64, size=8, count=1, flags=0x0}
5 (535, 785000000) 5 {name='GPS_velocity.z', type=FLOAT64, size=8, count=1, flags=0x0}
6 (535, 785000000) 0 {name='current_voltage', type=FLOAT64, size=8, count=1, flags=0x0}
7 (535, 785000000) 0 {name='SysTimestamp_ns', type=UINT64, size=8, count=1, flags=0x0}
7 (535, 785000000) 1 {name='SdyTimestamp_ns', type=UINT64, size=8, count=1, flags=0x0}
7 (535, 785000000) 2 {name='SimTimestamp_ns', type=UINT64, size=8, count=1, flags=0x0}
8 (535, 785000000) 0 {name='relativeLinearAcceleration.x', type=FLOAT64, size=8, count=1, flags=0x0}
8 (535, 785000000) 1 {name='relativeLinearAcceleration.y', type=FLOAT64, size=8, count=1, flags=0x0}
8 (535, 785000000) 2 {name='relativeLinearAcceleration.z', type=FLOAT64, size=8, count=1, flags=0x0}
8 (535, 785000000) 3 {name='relativeAngularAcceleration.x', type=FLOAT64, size=8, count=1, flags=0x0}
8 (535, 785000000) 4 {name='relativeAngularAcceleration.y', type=FLOAT64, size=8, count=1, flags=0x0}
8 (535, 785000000) 5 {name='relativeAngularAcceleration.z', type=FLOAT64, size=8, count=1, flags=0x0}
8 (535, 785000000) 6 {name='relativeLinearVelocity.x', type=FLOAT64, size=8, count=1, flags=0x0}
8 (535, 785000000) 7 {name='relativeLinearVelocity.y', type=FLOAT64, size=8, count=1, flags=0x0}
8 (535, 785000000) 8 {name='relativeLinearVelocity.z', type=FLOAT64, size=8, count=1, flags=0x0}
8 (535, 785000000) 9 {name='relativeAngularVelocity.x', type=FLOAT64, size=8, count=1, flags=0x0}
8 (535, 785000000) 10 {name='relativeAngularVelocity.y', type=FLOAT64, size=8, count=1, flags=0x0}
8 (535, 785000000) 11 {name='relativeAngularVelocity.z', type=FLOAT64, size=8, count=1, flags=0x0}
8 (535, 785000000) 12 {name='worldLinearVelocity.x', type=FLOAT64, size=8, count=1, flags=0x0}
8 (535, 785000000) 13 {name='worldLinearVelocity.y', type=FLOAT64, size=8, count=1, flags=0x0}
8 (535, 785000000) 14 {name='worldLinearVelocity.z', type=FLOAT64, size=8, count=1, flags=0x0}
8 (535, 785000000) 15 {name='worldPosition.x', type=FLOAT64, size=8, count=1, flags=0x0}
8 (535, 785000000) 16 {name='worldPosition.y', type=FLOAT64, size=8, count=1, flags=0x0}
8 (535, 785000000) 17 {name='worldPosition.z', type=FLOAT64, size=8, count=1, flags=0x0}
8 (535, 785000000) 18 {name='worldAttitude.x', type=FLOAT64, size=8, count=1, flags=0x0}
8 (535, 785000000) 19 {name='worldAttitude.y', type=FLOAT64, size=8, count=1, flags=0x0}
8 (535, 785000000) 20 {name='worldAttitude.z', type=FLOAT64, size=8, count=1, flags=0x0}
8 (535, 785000000) 21 {name='worldPressure', type=FLOAT64, size=8, count=1, flags=0x0}
8 (535, 785000000) 22 {name='worldTemperature', type=FLOAT64, size=8, count=1, flags=0x0}
8 (535, 785000000) 23 {name='lastCollisionTime', type=FLOAT64, size=8, count=1, flags=0x0}
1 (536, 784000000) 0 {name='GPS_spherical.x', type=FLOAT64, size=8, count=1, flags=0x0}
1 (536, 784000000) 1 {name='GPS_spherical.y', type=FLOAT64, size=8, count=1, flags=0x0}
1 (536, 784000000) 2 {name='GPS_spherical.z', type=FLOAT64, size=8, count=1, flags=0x0}
1 (536, 784000000) 3 {name='GPS_velocity.x', type=FLOAT64, size=8, count=1, flags=0x0}
1 (536, 784000000) 4 {name='GPS_velocity.y', type=FLOAT64, size=8, count=1, flags=0x0}
1 (536, 784000000) 5 {name='GPS_velocity.z', type=FLOAT64, size=8, count=1, flags=0x0}
2 (536, 784000000) 0 {name='relativeLinearAcceleration.x', type=FLOAT64, size=8, count=1, flags=0x0}
2 (536, 784000000) 1 {name='relativeLinearAcceleration.y', type=FLOAT64, size=8, count=1, flags=0x0}
2 (536, 784000000) 2 {name='relativeLinearAcceleration.z', type=FLOAT64, size=8, count=1, flags=0x0}
2 (536, 784000000) 3 {name='relativeAngularAcceleration.x', type=FLOAT64, size=8, count=1, flags=0x0}
2 (536, 784000000) 4 {name='relativeAngularAcceleration.y', type=FLOAT64, size=8, count=1, flags=0x0}
2 (536, 784000000) 5 {name='relativeAngularAcceleration.z', type=FLOAT64, size=8, count=1, flags=0x0}
2 (536, 784000000) 6 {name='relativeLinearVelocity.x', type=FLOAT64, size=8, count=1, flags=0x0}
2 (536, 784000000) 7 {name='relativeLinearVelocity.y', type=FLOAT64, size=8, count=1, flags=0x0}
2 (536, 784000000) 8 {name='relativeLinearVelocity.z', type=FLOAT64, size=8, count=1, flags=0x0}
2 (536, 784000000) 9 {name='relativeAngularVelocity.x', type=FLOAT64, size=8, count=1, flags=0x0}
2 (536, 784000000) 10 {name='relativeAngularVelocity.y', type=FLOAT64, size=8, count=1, flags=0x0}
2 (536, 784000000) 11 {name='relativeAngularVelocity.z', type=FLOAT64, size=8, count=1, flags=0x0}
2 (536, 784000000) 12 {name='worldLinearVelocity.x', type=FLOAT64, size=8, count=1, flags=0x0}
2 (536, 784000000) 13 {name='worldLinearVelocity.y', type=FLOAT64, size=8, count=1, flags=0x0}
2 (536, 784000000) 14 {name='worldLinearVelocity.z', type=FLOAT64, size=8, count=1, flags=0x0}
2 (536, 784000000) 15 {name='worldPosition.x', type=FLOAT64, size=8, count=1, flags=0x0}
2 (536, 784000000) 16 {name='worldPosition.y', type=FLOAT64, size=8, count=1, flags=0x0}
2 (536, 784000000) 17 {name='worldPosition.z', type=FLOAT64, size=8, count=1, flags=0x0}
2 (536, 784000000) 18 {name='worldAttitude.x', type=FLOAT64, size=8, count=1, flags=0x0}
2 (536, 784000000) 19 {name='worldAttitude.y', type=FLOAT64, size=8, count=1, flags=0x0}
2 (536, 784000000) 20 {name='worldAttitude.z', type=FLOAT64, size=8, count=1, flags=0x0}
2 (536, 784000000) 21 {name='worldPressure', type=FLOAT64, size=8, count=1, flags=0x0}
2 (536, 784000000) 22 {name='worldTemperature', type=FLOAT64, size=8, count=1, flags=0x0}
2 (536, 784000000) 23 {name='lastCollisionTime', type=FLOAT64, size=8, count=1, flags=0x0}
3 (536, 784000000) 0 {name='GPS_spherical.x', type=FLOAT64, size=8, count=1, flags=0x0}
3 (536, 784000000) 1 {name='GPS_spherical.y', type=FLOAT64, size=8, count=1, flags=0x0}
3 (536, 784000000) 2 {name='GPS_spherical.z', type=FLOAT64, size=8, count=1, flags=0x0}
3 (536, 784000000) 3 {name='GPS_velocity.x', type=FLOAT64, size=8, count=1, flags=0x0}
3 (536, 784000000) 4 {name='GPS_velocity.y', type=FLOAT64, size=8, count=1, flags=0x0}
3 (536, 784000000) 5 {name='GPS_velocity.z', type=FLOAT64, size=8, count=1, flags=0x0}
4 (536, 785000000) 0 {name='relativeLinearAcceleration.x', type=FLOAT64, size=8, count=1, flags=0x0}
4 (536, 785000000) 1 {name='relativeLinearAcceleration.y', type=FLOAT64, size=8, count=1, flags=0x0}
4 (536, 785000000) 2 {name='relativeLinearAcceleration.z', type=FLOAT64, size=8, count=1, flags=0x0}
4 (536, 785000000) 3 {name='relativeAngularAcceleration.x', type=FLOAT64, size=8, count=1, flags=0x0}
4 (536, 785000000) 4 {name='relativeAngularAcceleration.y', type=FLOAT64, size=8, count=1, flags=0x0}
4 (536, 785000000) 5 {name='relativeAngularAcceleration.z', type=FLOAT64, size=8, count=1, flags=0x0}
4 (536, 785000000) 6 {name='relativeLinearVelocity.x', type=FLOAT64, size=8, count=1, flags=0x0}
4 (536, 785000000) 7 {name='relativeLinearVelocity.y', type=FLOAT64, size=8, count=1, flags=0x0}
4 (536, 785000000) 8 {name='relativeLinearVelocity.z', type=FLOAT64, size=8, count=1, flags=0x0}
4 (536, 785000000) 9 {name='relativeAngularVelocity.x', type=FLOAT64, size=8, count=1, flags=0x0}
4 (536, 785000000) 10 {name='relativeAngularVelocity.y', type=FLOAT64, size=8, count=1, flags=0x0}
4 (536, 785000000) 11 {name='relativeAngularVelocity.z', type=FLOAT64, size=8, count=1, flags=0x0}
4 (536, 785000000) 12 {name='worldLinearVelocity.x', type=FLOAT64, size=8, count=1, flags=0x0}
4 (536, 785000000) 13 {name='worldLinearVelocity.y', type=FLOAT64, size=8, count=1, flags=0x0}
4 (536, 785000000) 14 {name='worldLinearVelocity.z', type=FLOAT64, size=8, count=1, flags=0x0}
4 (536, 785000000) 15 {name='worldPosition.x', type=FLOAT64, size=8, count=1, flags=0x0}
4 (536, 785000000) 16 {name='worldPosition.y', type=FLOAT64, size=8, count=1, flags=0x0}
4 (536, 785000000) 17 {name='worldPosition.z', type=FLOAT64, size=8, count=1, flags=0x0}
4 (536, 785000000) 18 {name='worldAttitude.x', type=FLOAT64, size=8, count=1, flags=0x0}
4 (536, 785000000) 19 {name='worldAttitude.y', type=FLOAT64, size=8, count=1, flags=0x0}
4 (536, 785000000) 20 {name='worldAttitude.z', type=FLOAT64, size=8, count=1, flags=0x0}
4 (536, 785000000) 21 {name='worldPressure', type=FLOAT64, size=8, count=1, flags=0x0}
4 (536, 785000000) 22 {name='worldTemperature', type=FLOAT64, size=8, count=1, flags=0x0}
4 (536, 785000000) 23 {name='lastCollisionTime', type=FLOAT64, size=8, count=1, flags=0x0}
5 (536, 785000000) 0 {name='GPS_spherical.x', type=FLOAT64, size=8, count=1, flags=0x0}
5 (536, 785000000) 1 {name='GPS_spherical.y', type=FLOAT64, size=8, count=1, flags=0x0}
5 (536, 785000000) 2 {name='GPS_spherical.z', type=FLOAT64, size=8, count=1, flags=0x0}
5 (536, 785000000) 3 {name='GPS_velocity.x', type=FLOAT64, size=8, count=1, flags=0x0}
5 (536, 785000000) 4 {name='GPS_velocity.y', type=FLOAT64, size=8, count=1, flags=0x0}
5 (536, 785000000) 5 {name='GPS_velocity.z', type=FLOAT64, size=8, count=1, flags=0x0}
6 (536, 785000000) 0 {name='current_voltage', type=FLOAT64, size=8, count=1, flags=0x0}
7 (536, 785000000) 0 {name='SysTimestamp_ns', type=UINT64, size=8, count=1, flags=0x0}
7 (536, 785000000) 1 {name='SdyTimestamp_ns', type=UINT64, size=8, count=1, flags=0x0}
7 (536, 785000000) 2 {name='SimTimestamp_ns', type=UINT64, size=8, count=1, flags=0x0}
8 (536, 785000000) 0 {name='relativeLinearAcceleration.x', type=FLOAT64, size=8, count=1, flags=0x0}
8 (536, 785000000) 1 {name='relativeLinearAcceleration.y', type=FLOAT64, size=8, count=1, flags=0x0}
8 (536, 785000000) 2 {name='relativeLinearAcceleration.z', type=FLOAT64, size=8, count=1, flags=0x0}
8 (536, 785000000) 3 {name='relativeAngularAcceleration.x', type=FLOAT64, size=8, count=1, flags=0x0}
8 (536, 785000000) 4 {name='relativeAngularAcceleration.y', type=FLOAT64, size=8, count=1, flags=0x0}
8 (536, 785000000) 5 {name='relativeAngularAcceleration.z', type=FLOAT64, size=8, count=1, flags=0x0}
8 (536, 785000000) 6 {name='relativeLinearVelocity.x', type=FLOAT64, size=8, count=1, flags=0x0}
8 (536, 785000000) 7 {name='relativeLinearVelocity.y', type=FLOAT64, size=8, count=1, flags=0x0}
8 (536, 785000000) 8 {name='relativeLinearVelocity.z', type=FLOAT64, size=8, count=1, flags=0x0}
8 (536, 785000000) 9 {name='relativeAngularVelocity.x', type=FLOAT64, size=8, count=1, flags=0x0}
8 (536, 785000000) 10 {name='relativeAngularVelocity.y', type=FLOAT64, size=8, count=1, flags=0x0}
8 (536, 785000000) 11 {name='relativeAngularVelocity.z', type=FLOAT64, size=8, count=1, flags=0x0}
8 (536, 785000000) 12 {name='worldLinearVelocity.x', type=FLOAT64, size=8, count=1, flags=0x0}
8 (536, 785000000) 13 {name='worldLinearVelocity.y', type=FLOAT64, size=8, count=1, flags=0x0}
8 (536, 785000000) 14 {name='worldLinearVelocity.z', type=FLOAT64, size=8, count=1, flags=0x0}
8 (536, 785000000) 15 {name='worldPosition.x', type=FLOAT64, size=8, count=1, flags=0x0}
8 (536, 785000000) 16 {name='worldPosition.y', type=FLOAT64, size=8, count=1, flags=0x0}
8 (536, 785000000) 17 {name='worldPosition.z', type=FLOAT64, size=8, count=1, flags=0x0}
8 (536, 785000000) 18 {name='worldAttitude.x', type=FLOAT64, size=8, count=1, flags=0x0}
8 (536, 785000000) 19 {name='worldAttitude.y', type=FLOAT64, size=8, count=1, flags=0x0}
8 (536, 785000000) 20 {name='worldAttitude.z', type=FLOAT64, size=8, count=1, flags=0x0}
8 (536, 785000000) 21 {name='worldPressure', type=FLOAT64, size=8, count=1, flags=0x0}
8 (536, 785000000) 22 {name='worldTemperature', type=FLOAT64, size=8, count=1, flags=0x0}
8 (536, 785000000) 23 {name='lastCollisionTime', type=FLOAT64, size=8, count=1, flags=0x0}
1 (537, 784000000) 0 {name='GPS_spherical.x', type=FLOAT64, size=8, count=1, flags=0x0}
1 (537, 784000000) 1 {name='GPS_spherical.y', type=FLOAT64, size=8, count=1, flags=0x0}
1 (537, 784000000) 2 {name='GPS_spherical.z', type=FLOAT64, size=8, count=1, flags=0x0}
1 (537, 784000000) 3 {name='GPS_velocity.x', type=FLOAT64, size=8, count=1, flags=0x0}
1 (537, 784000000) 4 {name='GPS_velocity.y', type=FLOAT64, size=8, count=1, flags=0x0}
1 (537, 784000000) 5 {name='GPS_velocity.z', type=FLOAT64, size=8, count=1, flags=0x0}
2 (537, 784000000) 0 {name='relativeLinearAcceleration.x', type=FLOAT64, size=8, count=1, flags=0x0}
2 (537, 784000000) 1 {name='relativeLinearAcceleration.y', type=FLOAT64, size=8, count=1, flags=0x0}
2 (537, 784000000) 2 {name='relativeLinearAcceleration.z', type=FLOAT64, size=8, count=1, flags=0x0}
2 (537, 784000000) 3 {name='relativeAngularAcceleration.x', type=FLOAT64, size=8, count=1, flags=0x0}
2 (537, 784000000) 4 {name='relativeAngularAcceleration.y', type=FLOAT64, size=8, count=1, flags=0x0}
2 (537, 784000000) 5 {name='relativeAngularAcceleration.z', type=FLOAT64, size=8, count=1, flags=0x0}
2 (537, 784000000) 6 {name='relativeLinearVelocity.x', type=FLOAT64, size=8, count=1, flags=0x0}
2 (537, 784000000) 7 {name='relativeLinearVelocity.y', type=FLOAT64, size=8, count=1, flags=0x0}
2 (537, 784000000) 8 {name='relativeLinearVelocity.z', type=FLOAT64, size=8, count=1, flags=0x0}
2 (537, 784000000) 9 {name='relativeAngularVelocity.x', type=FLOAT64, size=8, count=1, flags=0x0}
2 (537, 784000000) 10 {name='relativeAngularVelocity.y', type=FLOAT64, size=8, count=1, flags=0x0}
2 (537, 784000000) 11 {name='relativeAngularVelocity.z', type=FLOAT64, size=8, count=1, flags=0x0}
2 (537, 784000000) 12 {name='worldLinearVelocity.x', type=FLOAT64, size=8, count=1, flags=0x0}
2 (537, 784000000) 13 {name='worldLinearVelocity.y', type=FLOAT64, size=8, count=1, flags=0x0}
2 (537, 784000000) 14 {name='worldLinearVelocity.z', type=FLOAT64, size=8, count=1, flags=0x0}
2 (537, 784000000) 15 {name='worldPosition.x', type=FLOAT64, size=8, count=1, flags=0x0}
2 (537, 784000000) 16 {name='worldPosition.y', type=FLOAT64, size=8, count=1, flags=0x0}
2 (537, 784000000) 17 {name='worldPosition.z', type=FLOAT64, size=8, count=1, flags=0x0}
2 (537, 784000000) 18 {name='worldAttitude.x', type=FLOAT64, size=8, count=1, flags=0x0}
2 (537, 784000000) 19 {name='worldAttitude.y', type=FLOAT64, size=8, count=1, flags=0x0}
2 (537, 784000000) 20 {name='worldAttitude.z', type=FLOAT64, size=8, count=1, flags=0x0}
2 (537, 784000000) 21 {name='worldPressure', type=FLOAT64, size=8, count=1, flags=0x0}
2 (537, 784000000) 22 {name='worldTemperature', type=FLOAT64, size=8, count=1, flags=0x0}
2 (537, 784000000) 23 {name='lastCollisionTime', type=FLOAT64, size=8, count=1, flags=0x0}
3 (537, 784000000) 0 {name='GPS_spherical.x', type=FLOAT64, size=8, count=1, flags=0x0}
3 (537, 784000000) 1 {name='GPS_spherical.y', type=FLOAT64, size=8, count=1, flags=0x0}
3 (537, 784000000) 2 {name='GPS_spherical.z', type=FLOAT64, size=8, count=1, flags=0x0}
3 (537, 784000000) 3 {name='GPS_velocity.x', type=FLOAT64, size=8, count=1, flags=0x0}
3 (537, 784000000) 4 {name='GPS_velocity.y', type=FLOAT64, size=8, count=1, flags=0x0}
3 (537, 784000000) 5 {name='GPS_velocity.z', type=FLOAT64, size=8, count=1, flags=0x0}
4 (537, 785000000) 0 {name='relativeLinearAcceleration.x', type=FLOAT64, size=8, count=1, flags=0x0}
4 (537, 785000000) 1 {name='relativeLinearAcceleration.y', type=FLOAT64, size=8, count=1, flags=0x0}
4 (537, 785000000) 2 {name='relativeLinearAcceleration.z', type=FLOAT64, size=8, count=1, flags=0x0}
4 (537, 785000000) 3 {name='relativeAngularAcceleration.x', type=FLOAT64, size=8, count=1, flags=0x0}
4 (537, 785000000) 4 {name='relativeAngularAcceleration.y', type=FLOAT64, size=8, count=1, flags=0x0}
4 (537, 785000000) 5 {name='relativeAngularAcceleration.z', type=FLOAT64, size=8, count=1, flags=0x0}
4 (537, 785000000) 6 {name='relativeLinearVelocity.x', type=FLOAT64, size=8, count=1, flags=0x0}
4 (537, 785000000) 7 {name='relativeLinearVelocity.y', type=FLOAT64, size=8, count=1, flags=0x0}
4 (537, 785000000) 8 {name='relativeLinearVelocity.z', type=FLOAT64, size=8, count=1, flags=0x0}
4 (537, 785000000) 9 {name='relativeAngularVelocity.x', type=FLOAT64, size=8, count=1, flags=0x0}
4 (537, 785000000) 10 {name='relativeAngularVelocity.y', type=FLOAT64, size=8, count=1, flags=0x0}
4 (537, 785000000) 11 {name='relativeAngularVelocity.z', type=FLOAT64, size=8, count=1, flags=0x0}
4 (537, 785000000) 12 {name='worldLinearVelocity.x', type=FLOAT64, size=8, count=1, flags=0x0}
4 (537, 785000000) 13 {name='worldLinearVelocity.y', type=FLOAT64, size=8, count=1, flags=0x0}
4 (537, 785000000) 14 {name='worldLinearVelocity.z', type=FLOAT64, size=8, count=1, flags=0x0}
4 (537, 785000000) 15 {name='worldPosition.x', type=FLOAT64, size=8, count=1, flags=0x0}
4 (537, 785000000) 16 {name='worldPosition.y', type=FLOAT64, size=8, count=1, flags=0x0}
4 (537, 785000000) 17 {name='worldPosition.z', type=FLOAT64, size=8, count=1, flags=0x0}
4 (537, 785000000) 18 {name='worldAttitude.x', type=FLOAT64, size=8, count=1, flags=0x0}
4 (537, 785000000) 19 {name='worldAttitude.y', type=FLOAT64, size=8, count=1, flags=0x0}
4 (537, 785000000) 20 {name='worldAttitude.z', type=FLOAT64, size=8, count=1, flags=0x0}
4 (537, 785000000) 21 {name='worldPressure', type=FLOAT64, size=8, count=1, flags=0x0}
4 (537, 785000000) 22 {name='worldTemperature', type=FLOAT64, size=8, count=1, flags=0x0}
4 (537, 785000000) 23 {name='lastCollisionTime', type=FLOAT64, size=8, count=1, flags=0x0}
5 (537, 785000000) 0 {name='GPS_spherical.x', type=FLOAT64, size=8, count=1, flags=0x0}
5 (537, 785000000) 1 {name='GPS_spherical.y', type=FLOAT64, size=8, count=1, flags=0x0}
5 (537, 785000000) 2 {name='GPS_spherical.z', type=FLOAT64, size=8, count=1, flags=0x0}
5 (537, 785000000) 3 {name='GPS_velocity.x', type=FLOAT64, size=8, count=1, flags=0x0}
5 (537, 785000000) 4 {name='GPS_velocity.y', type=FLOAT64, size=8, count=1, flags=0x0}
5 (537, 785000000) 5 {name='GPS_velocity.z', type=FLOAT64, size=8, count=1, flags=0x0}
6 (537, 785000000) 0 {name='current_voltage', type=FLOAT64, size=8, count=1, flags=0x0}
7 (537, 785000000) 0 {name='SysTimestamp_ns', type=UINT64, size=8, count=1, flags=0x0}
7 (537, 785000000) 1 {name='SdyTimestamp_ns', type=UINT64, size=8, count=1, flags=0x0}
7 (537, 785000000) 2 {name='SimTimestamp_ns', type=UINT64, size=8, count=1, flags=0x0}
8 (537, 785000000) 0 {name='relativeLinearAcceleration.x', type=FLOAT64, size=8, count=1, flags=0x0}
8 (537, 785000000) 1 {name='relativeLinearAcceleration.y', type=FLOAT64, size=8, count=1, flags=0x0}
8 (537, 785000000) 2 {name='relativeLinearAcceleration.z', type=FLOAT64, size=8, count=1, flags=0x0}
8 (537, 785000000) 3 {name='relativeAngularAcceleration.x', type=FLOAT64, size=8, count=1, flags=0x0}
8 (537, 785000000) 4 {name='relativeAngularAcceleration.y', type=FLOAT64, size=8, count=1, flags=0x0}
8 (537, 785000000) 5 {name='relativeAngularAcceleration.z', type=FLOAT64, size=8, count=1, flags=0x0}
8 (537, 785000000) 6 {name='relativeLinearVelocity.x', type=FLOAT64, size=8, count=1, flags=0x0}
8 (537, 785000000) 7 {name='relativeLinearVelocity.y', type=FLOAT64, size=8, count=1, flags=0x0}
8 (537, 785000000) 8 {name='relativeLinearVelocity.z', type=FLOAT64, size=8, count=1, flags=0x0}
8 (537, 785000000) 9 {name='relativeAngularVelocity.x', type=FLOAT64, size=8, count=1, flags=0x0}
8 (537, 785000000) 10 {name='relativeAngularVelocity.y', type=FLOAT64, size=8, count=1, flags=0x0}
8 (537, 785000000) 11 {name='relativeAngularVelocity.z', type=FLOAT64, size=8, count=1, flags=0x0}
8 (537, 785000000) 12 {name='worldLinearVelocity.x', type=FLOAT64, size=8, count=1, flags=0x0}
8 (537, 785000000) 13 {name='worldLinearVelocity.y', type=FLOAT64, size=8, count=1, flags=0x0}
8 (537, 785000000) 14 {name='worldLinearVelocity.z', type=FLOAT64, size=8, count=1, flags=0x0}
8 (537, 785000000) 15 {name='worldPosition.x', type=FLOAT64, size=8, count=1, flags=0x0}
8 (537, 785000000) 16 {name='worldPosition.y', type=FLOAT64, size=8, count=1, flags=0x0}
8 (537, 785000000) 17 {name='worldPosition.z', type=FLOAT64, size=8, count=1, flags=0x0}
8 (537, 785000000) 18 {name='worldAttitude.x', type=FLOAT64, size=8, count=1, flags=0x0}
8 (537, 785000000) 19 {name='worldAttitude.y', type=FLOAT64, size=8, count=1, flags=0x0}
8 (537, 785000000) 20 {name='worldAttitude.z', type=FLOAT64, size=8, count=1, flags=0x0}
8 (537, 785000000) 21 {name='worldPressure', type=FLOAT64, size=8, count=1, flags=0x0}
8 (537, 785000000) 22 {name='worldTemperature', type=FLOAT64, size=8, count=1, flags=0x0}
8 (537, 785000000) 23 {name='lastCollisionTime', type=FLOAT64, size=8, count=1, flags=0x0}
1 (538, 784000000) 0 {name='GPS_spherical.x', type=FLOAT64, size=8, count=1, flags=0x0}
1 (538, 784000000) 1 {name='GPS_spherical.y', type=FLOAT64, size=8, count=1, flags=0x0}
1 (538, 784000000) 2 {name='GPS_spherical.z', type=FLOAT64, size=8, count=1, flags=0x0}
1 (538, 784000000) 3 {name='GPS_velocity.x', type=FLOAT64, size=8, count=1, flags=0x0}
1 (538, 784000000) 4 {name='GPS_velocity.y', type=FLOAT64, size=8, count=1, flags=0x0}
1 (538, 784000000) 5 {name='GPS_velocity.z', type=FLOAT64, size=8, count=1, flags=0x0}
2 (538, 784000000) 0 {name='relativeLinearAcceleration.x', type=FLOAT64, size=8, count=1, flags=0x0}
2 (538, 784000000) 1 {name='relativeLinearAcceleration.y', type=FLOAT64, size=8, count=1, flags=0x0}
2 (538, 784000000) 2 {name='relativeLinearAcceleration.z', type=FLOAT64, size=8, count=1, flags=0x0}
2 (538, 784000000) 3 {name='relativeAngularAcceleration.x', type=FLOAT64, size=8, count=1, flags=0x0}
2 (538, 784000000) 4 {name='relativeAngularAcceleration.y', type=FLOAT64, size=8, count=1, flags=0x0}
2 (538, 784000000) 5 {name='relativeAngularAcceleration.z', type=FLOAT64, size=8, count=1, flags=0x0}
2 (538, 784000000) 6 {name='relativeLinearVelocity.x', type=FLOAT64, size=8, count=1, flags=0x0}
2 (538, 784000000) 7 {name='relativeLinearVelocity.y', type=FLOAT64, size=8, count=1, flags=0x0}
2 (538, 784000000) 8 {name='relativeLinearVelocity.z', type=FLOAT64, size=8, count=1, flags=0x0}
2 (538, 784000000) 9 {name='relativeAngularVelocity.x', type=FLOAT64, size=8, count=1, flags=0x0}
2 (538, 784000000) 10 {name='relativeAngularVelocity.y', type=FLOAT64, size=8, count=1, flags=0x0}
2 (538, 784000000) 11 {name='relativeAngularVelocity.z', type=FLOAT64, size=8, count=1, flags=0x0}
2 (538, 784000000) 12 {name='worldLinearVelocity.x', type=FLOAT64, size=8, count=1, flags=0x0}
2 (538, 784000000) 13 {name='worldLinearVelocity.y', type=FLOAT64, size=8, count=1, flags=0x0}
2 (538, 784000000) 14 {name='worldLinearVelocity.z', type=FLOAT64, size=8, count=1, flags=0x0}
2 (538, 784000000) 15 {name='worldPosition.x', type=FLOAT64, size=8, count=1, flags=0x0}
2 (538, 784000000) 16 {name='worldPosition.y', type=FLOAT64, size=8, count=1, flags=0x0}
2 (538, 784000000) 17 {name='worldPosition.z', type=FLOAT64, size=8, count=1, flags=0x0}
2 (538, 784000000) 18 {name='worldAttitude.x', type=FLOAT64, size=8, count=1, flags=0x0}
2 (538, 784000000) 19 {name='worldAttitude.y', type=FLOAT64, size=8, count=1, flags=0x0}
2 (538, 784000000) 20 {name='worldAttitude.z', type=FLOAT64, size=8, count=1, flags=0x0}
2 (538, 784000000) 21 {name='worldPressure', type=FLOAT64, size=8, count=1, flags=0x0}
2 (538, 784000000) 22 {name='worldTemperature', type=FLOAT64, size=8, count=1, flags=0x0}
2 (538, 784000000) 23 {name='lastCollisionTime', type=FLOAT64, size=8, count=1, flags=0x0}
3 (538, 784000000) 0 {name='GPS_spherical.x', type=FLOAT64, size=8, count=1, flags=0x0}
3 (538, 784000000) 1 {name='GPS_spherical.y', type=FLOAT64, size=8, count=1, flags=0x0}
3 (538, 784000000) 2 {name='GPS_spherical.z', type=FLOAT64, size=8, count=1, flags=0x0}
3 (538, 784000000) 3 {name='GPS_velocity.x', type=FLOAT64, size=8, count=1, flags=0x0}
3 (538, 784000000) 4 {name='GPS_velocity.y', type=FLOAT64, size=8, count=1, flags=0x0}
3 (538, 784000000) 5 {name='GPS_velocity.z', type=FLOAT64, size=8, count=1, flags=0x0}
4 (538, 785000000) 0 {name='relativeLinearAcceleration.x', type=FLOAT64, size=8, count=1, flags=0x0}
4 (538, 785000000) 1 {name='relativeLinearAcceleration.y', type=FLOAT64, size=8, count=1, flags=0x0}
4 (538, 785000000) 2 {name='relativeLinearAcceleration.z', type=FLOAT64, size=8, count=1, flags=0x0}
4 (538, 785000000) 3 {name='relativeAngularAcceleration.x', type=FLOAT64, size=8, count=1, flags=0x0}
4 (538, 785000000) 4 {name='relativeAngularAcceleration.y', type=FLOAT64, size=8, count=1, flags=0x0}
4 (538, 785000000) 5 {name='relativeAngularAcceleration.z', type=FLOAT64, size=8, count=1, flags=0x0}
4 (538, 785000000) 6 {name='relativeLinearVelocity.x', type=FLOAT64, size=8, count=1, flags=0x0}
4 (538, 785000000) 7 {name='relativeLinearVelocity.y', type=FLOAT64, size=8, count=1, flags=0x0}
4 (538, 785000000) 8 {name='relativeLinearVelocity.z', type=FLOAT64, size=8, count=1, flags=0x0}
4 (538, 785000000) 9 {name='relativeAngularVelocity.x', type=FLOAT64, size=8, count=1, flags=0x0}
4 (538, 785000000) 10 {name='relativeAngularVelocity.y', type=FLOAT64, size=8, count=1, flags=0x0}
4 (538, 785000000) 11 {name='relativeAngularVelocity.z', type=FLOAT64, size=8, count=1, flags=0x0}
4 (538, 785000000) 12 {name='worldLinearVelocity.x', type=FLOAT64, size=8, count=1, flags=0x0}
4 (538, 785000000) 13 {name='worldLinearVelocity.y', type=FLOAT64, size=8, count=1, flags=0x0}
4 (538, 785000000) 14 {name='worldLinearVelocity.z', type=FLOAT64, size=8, count=1, flags=0x0}
4 (538, 785000000) 15 {name='worldPosition.x', type=FLOAT64, size=8, count=1, flags=0x0}
4 (538, 785000000) 16 {name='worldPosition.y', type=FLOAT64, size=8, count=1, flags=0x0}
4 (538, 785000000) 17 {name='worldPosition.z', type=FLOAT64, size=8, count=1, flags=0x0}
4 (538, 785000000) 18 {name='worldAttitude.x', type=FLOAT64, size=8, count=1, flags=0x0}
4 (538, 785000000) 19 {name='worldAttitude.y', type=FLOAT64, size=8, count=1, flags=0x0}
4 (538, 785000000) 20 {name='worldAttitude.z', type=FLOAT64, size=8, count=1, flags=0x0}
4 (538, 785000000) 21 {name='worldPressure', type=FLOAT64, size=8, count=1, flags=0x0}
4 (538, 785000000) 22 {name='worldTemperature', type=FLOAT64, size=8, count=1, flags=0x0}
4 (538, 785000000) 23 {name='lastCollisionTime', type=FLOAT64, size=8, count=1, flags=0x0}
5 (538, 785000000) 0 {name='GPS_spherical.x', type=FLOAT64, size=8, count=1, flags=0x0}
5 (538, 785000000) 1 {name='GPS_spherical.y', type=FLOAT64, size=8, count=1, flags=0x0}
5 (538, 785000000) 2 {name='GPS_spherical.z', type=FLOAT64, size=8, count=1, flags=0x0}
5 (538, 785000000) 3 {name='GPS_velocity.x', type=FLOAT64, size=8, count=1, flags=0x0}
5 (538, 785000000) 4 {name='GPS_velocity.y', type=FLOAT64, size=8, count=1, flags=0x0}
5 (538, 785000000) 5 {name='GPS_velocity.z', type=FLOAT64, size=8, count=1, flags=0x0}
6 (538, 785000000) 0 {name='current_voltage', type=FLOAT64, size=8, count=1, flags=0x0}
7 (538, 785000000) 0 {name='SysTimestamp_ns', type=UINT64, size=8, count=1, flags=0x0}
7 (538, 785000000) 1 {name='SdyTimestamp_ns', type=UINT64, size=8, count=1, flags=0x0}
7 (538, 785000000) 2 {name='SimTimestamp_ns', type=UINT64, size=8, count=1, flags=0x0}
8 (538, 785000000) 0 {name='relativeLinearAcceleration.x', type=FLOAT64, size=8, count=1, flags=0x0}
8 (538, 785000000) 1 {name='relativeLinearAcceleration.y', type=FLOAT64, size=8, count=1, flags=0x0}
8 (538, 785000000) 2 {name='relativeLinearAcceleration.z', type=FLOAT64, size=8, count=1, flags=0x0}
8 (538, 785000000) 3 {name='relativeAngularAcceleration.x', type=FLOAT64, size=8, count=1, flags=0x0}
8 (538, 785000000) 4 {name='relativeAngularAcceleration.y', type=FLOAT64, size=8, count=1, flags=0x0}
8 (538, 785000000) 5 {name='relativeAngularAcceleration.z', type=FLOAT64, size=8, count=1, flags=0x0}
8 (538, 785000000) 6 {name='relativeLinearVelocity.x', type=FLOAT64, size=8, count=1, flags=0x0}
8 (538, 785000000) 7 {name='relativeLinearVelocity.y', type=FLOAT64, size=8, count=1, flags=0x0}
8 (538, 785000000) 8 {name='relativeLinearVelocity.z', type=FLOAT64, size=8, count=1, flags=0x0}
8 (538, 785000000) 9 {name='relativeAngularVelocity.x', type=FLOAT64, size=8, count=1, flags=0x0}
8 (538, 785000000) 10 {name='relativeAngularVelocity.y', type=FLOAT64, size=8, count=1, flags=0x0}
8 (538, 785000000) 11 {name='relativeAngularVelocity.z', type=FLOAT64, size=8, count=1, flags=0x0}
8 (538, 785000000) 12 {name='worldLinearVelocity.x', type=FLOAT64, size=8, count=1, flags=0x0}
8 (538, 785000000) 13 {name='worldLinearVelocity.y', type=FLOAT64, size=8, count=1, flags=0x0}
8 (538, 785000000) 14 {name='worldLinearVelocity.z', type=FLOAT64, size=8, count=1, flags=0x0}
8 (538, 785000000) 15 {name='worldPosition.x', type=FLOAT64, size=8, count=1, flags=0x0}
8 (538, 785000000) 16 {name='worldPosition.y', type=FLOAT64, size=8, count=1, flags=0x0}
8 (538, 785000000) 17 {name='worldPosition.z', type=FLOAT64, size=8, count=1, flags=0x0}
8 (538, 785000000) 18 {name='worldAttitude.x', type=FLOAT64, size=8, count=1, flags=0x0}
8 (538, 785000000) 19 {name='worldAttitude.y', type=FLOAT64, size=8, count=1, flags=0x0}
8 (538, 785000000) 20 {name='worldAttitude.z', type=FLOAT64, size=8, count=1, flags=0x0}
8 (538, 785000000) 21 {name='worldPressure', type=FLOAT64, size=8, count=1, flags=0x0}
8 (538, 785000000) 22 {name='worldTemperature', type=FLOAT64, size=8, count=1, flags=0x0}
8 (538, 785000000) 23 {name='lastCollisionTime', type=FLOAT64, size=8, count=1, flags=0x0}
1 (539, 784000000) 0 {name='GPS_spherical.x', type=FLOAT64, size=8, count=1, flags=0x0}
1 (539, 784000000) 1 {name='GPS_spherical.y', type=FLOAT64, size=8, count=1, flags=0x0}
1 (539, 784000000) 2 {name='GPS_spherical.z', type=FLOAT64, size=8, count=1, flags=0x0}
1 (539, 784000000) 3 {name='GPS_velocity.x', type=FLOAT64, size=8, count=1, flags=0x0}
1 (539, 784000000) 4 {name='GPS_velocity.y', type=FLOAT64, size=8, count=1, flags=0x0}
1 (539, 784000000) 5 {name='GPS_velocity.z', type=FLOAT64, size=8, count=1, flags=0x0}
2 (539, 784000000) 0 {name='relativeLinearAcceleration.x', type=FLOAT64, size=8, count=1, flags=0x0}
2 (539, 784000000) 1 {name='relativeLinearAcceleration.y', type=FLOAT64, size=8, count=1, flags=0x0}
2 (539, 784000000) 2 {name='relativeLinearAcceleration.z', type=FLOAT64, size=8, count=1, flags=0x0}
2 (539, 784000000) 3 {name='relativeAngularAcceleration.x', type=FLOAT64, size=8, count=1, flags=0x0}
2 (539, 784000000) 4 {name='relativeAngularAcceleration.y', type=FLOAT64, size=8, count=1, flags=0x0}
2 (539, 784000000) 5 {name='relativeAngularAcceleration.z', type=FLOAT64, size=8, count=1, flags=0x0}
2 (539, 784000000) 6 {name='relativeLinearVelocity.x', type=FLOAT64, size=8, count=1, flags=0x0}
2 (539, 784000000) 7 {name='relativeLinearVelocity.y', type=FLOAT64, size=8, count=1, flags=0x0}
2 (539, 784000000) 8 {name='relativeLinearVelocity.z', type=FLOAT64, size=8, count=1, flags=0x0}
2 (539, 784000000) 9 {name='relativeAngularVelocity.x', type=FLOAT64, size=8, count=1, flags=0x0}
2 (539, 784000000) 10 {name='relativeAngularVelocity.y', type=FLOAT64, size=8, count=1, flags=0x0}
2 (539, 784000000) 11 {name='relativeAngularVelocity.z', type=FLOAT64, size=8, count=1, flags=0x0}
2 (539, 784000000) 12 {name='worldLinearVelocity.x', type=FLOAT64, size=8, count=1, flags=0x0}
2 (539, 784000000) 13 {name='worldLinearVelocity.y', type=FLOAT64, size=8, count=1, flags=0x0}
2 (539, 784000000) 14 {name='worldLinearVelocity.z', type=FLOAT64, size=8, count=1, flags=0x0}
2 (539, 784000000) 15 {name='worldPosition.x', type=FLOAT64, size=8, count=1, flags=0x0}
2 (539, 784000000) 16 {name='worldPosition.y', type=FLOAT64, size=8, count=1, flags=0x0}
2 (539, 784000000) 17 {name='worldPosition.z', type=FLOAT64, size=8, count=1, flags=0x0}
2 (539, 784000000) 18 {name='worldAttitude.x', type=FLOAT64, size=8, count=1, flags=0x0}
2 (539, 784000000) 19 {name='worldAttitude.y', type=FLOAT64, size=8, count=1, flags=0x0}
2 (539, 784000000) 20 {name='worldAttitude.z', type=FLOAT64, size=8, count=1, flags=0x0}
2 (539, 784000000) 21 {name='worldPressure', type=FLOAT64, size=8, count=1, flags=0x0}
2 (539, 784000000) 22 {name='worldTemperature', type=FLOAT64, size=8, count=1, flags=0x0}
2 (539, 784000000) 23 {name='lastCollisionTime', type=FLOAT64, size=8, count=1, flags=0x0}
3 (539, 784000000) 0 {name='GPS_spherical.x', type=FLOAT64, size=8, count=1, flags=0x0}
3 (539, 784000000) 1 {name='GPS_spherical.y', type=FLOAT64, size=8, count=1, flags=0x0}
3 (539, 784000000) 2 {name='GPS_spherical.z', type=FLOAT64, size=8, count=1, flags=0x0}
3 (539, 784000000) 3 {name='GPS_velocity.x', type=FLOAT64, size=8, count=1, flags=0x0}
3 (539, 784000000) 4 {name='GPS_velocity.y', type=FLOAT64, size=8, count=1, flags=0x0}
3 (539, 784000000) 5 {name='GPS_velocity.z', type=FLOAT64, size=8, count=1, flags=0x0}
4 (539, 785000000) 0 {name='relativeLinearAcceleration.x', type=FLOAT64, size=8, count=1, flags=0x0}
4 (539, 785000000) 1 {name='relativeLinearAcceleration.y', type=FLOAT64, size=8, count=1, flags=0x0}
4 (539, 785000000) 2 {name='relativeLinearAcceleration.z', type=FLOAT64, size=8, count=1, flags=0x0}
4 (539, 785000000) 3 {name='relativeAngularAcceleration.x', type=FLOAT64, size=8, count=1, flags=0x0}
4 (539, 785000000) 4 {name='relativeAngularAcceleration.y', type=FLOAT64, size=8, count=1, flags=0x0}
4 (539, 785000000) 5 {name='relativeAngularAcceleration.z', type=FLOAT64, size=8, count=1, flags=0x0}
4 (539, 785000000) 6 {name='relativeLinearVelocity.x', type=FLOAT64, size=8, count=1, flags=0x0}
4 (539, 785000000) 7 {name='relativeLinearVelocity.y', type=FLOAT64, size=8, count=1, flags=0x0}
4 (539, 785000000) 8 {name='relativeLinearVelocity.z', type=FLOAT64, size=8, count=1, flags=0x0}
4 (539, 785000000) 9 {name='relativeAngularVelocity.x', type=FLOAT64, size=8, count=1, flags=0x0}
4 (539, 785000000) 10 {name='relativeAngularVelocity.y', type=FLOAT64, size=8, count=1, flags=0x0}
4 (539, 785000000) 11 {name='relativeAngularVelocity.z', type=FLOAT64, size=8, count=1, flags=0x0}
4 (539, 785000000) 12 {name='worldLinearVelocity.x', type=FLOAT64, size=8, count=1, flags=0x0}
4 (539, 785000000) 13 {name='worldLinearVelocity.y', type=FLOAT64, size=8, count=1, flags=0x0}
4 (539, 785000000) 14 {name='worldLinearVelocity.z', type=FLOAT64, size=8, count=1, flags=0x0}
4 (539, 785000000) 15 {name='worldPosition.x', type=FLOAT64, size=8, count=1, flags=0x0}
4 (539, 785000000) 16 {name='worldPosition.y', type=FLOAT64, size=8, count=1, flags=0x0}
4 (539, 785000000) 17 {name='worldPosition.z', type=FLOAT64, size=8, count=1, flags=0x0}
4 (539, 785000000) 18 {name='worldAttitude.x', type=FLOAT64, size=8, count=1, flags=0x0}
4 (539, 785000000) 19 {name='worldAttitude.y', type=FLOAT64, size=8, count=1, flags=0x0}
4 (539, 785000000) 20 {name='worldAttitude.z', type=FLOAT64, size=8, count=1, flags=0x0}
4 (539, 785000000) 21 {name='worldPressure', type=FLOAT64, size=8, count=1, flags=0x0}
4 (539, 785000000) 22 {name='worldTemperature', type=FLOAT64, size=8, count=1, flags=0x0}
4 (539, 785000000) 23 {name='lastCollisionTime', type=FLOAT64, size=8, count=1, flags=0x0}
5 (539, 785000000) 0 {name='GPS_spherical.x', type=FLOAT64, size=8, count=1, flags=0x0}
5 (539, 785000000) 1 {name='GPS_spherical.y', type=FLOAT64, size=8, count=1, flags=0x0}
5 (539, 785000000) 2 {name='GPS_spherical.z', type=FLOAT64, size=8, count=1, flags=0x0}
5 (539, 785000000) 3 {name='GPS_velocity.x', type=FLOAT64, size=8, count=1, flags=0x0}
5 (539, 785000000) 4 {name='GPS_velocity.y', type=FLOAT64, size=8, count=1, flags=0x0}
5 (539, 785000000) 5 {name='GPS_velocity.z', type=FLOAT64, size=8, count=1, flags=0x0}
6 (539, 785000000) 0 {name='current_voltage', type=FLOAT64, size=8, count=1, flags=0x0}
7 (539, 785000000) 0 {name='SysTimestamp_ns', type=UINT64, size=8, count=1, flags=0x0}
7 (539, 785000000) 1 {name='SdyTimestamp_ns', type=UINT64, size=8, count=1, flags=0x0}
7 (539, 785000000) 2 {name='SimTimestamp_ns', type=UINT64, size=8, count=1, flags=0x0}
8 (539, 785000000) 0 {name='relativeLinearAcceleration.x', type=FLOAT64, size=8, count=1, flags=0x0}
8 (539, 785000000) 1 {name='relativeLinearAcceleration.y', type=FLOAT64, size=8, count=1, flags=0x0}
8 (539, 785000000) 2 {name='relativeLinearAcceleration.z', type=FLOAT64, size=8, count=1, flags=0x0}
8 (539, 785000000) 3 {name='relativeAngularAcceleration.x', type=FLOAT64, size=8, count=1, flags=0x0}
8 (539, 785000000) 4 {name='relativeAngularAcceleration.y', type=FLOAT64, size=8, count=1, flags=0x0}
8 (539, 785000000) 5 {name='relativeAngularAcceleration.z', type=FLOAT64, size=8, count=1, flags=0x0}
8 (539, 785000000) 6 {name='relativeLinearVelocity.x', type=FLOAT64, size=8, count=1, flags=0x0}
8 (539, 785000000) 7 {name='relativeLinearVelocity.y', type=FLOAT64, size=8, count=1, flags=0x0}
8 (539, 785000000) 8 {name='relativeLinearVelocity.z', type=FLOAT64, size=8, count=1, flags=0x0}
8 (539, 785000000) 9 {name='relativeAngularVelocity.x', type=FLOAT64, size=8, count=1, flags=0x0}
8 (539, 785000000) 10 {name='relativeAngularVelocity.y', type=FLOAT64, size=8, count=1, flags=0x0}
8 (539, 785000000) 11 {name='relativeAngularVelocity.z', type=FLOAT64, size=8, count=1, flags=0x0}
8 (539, 785000000) 12 {name='worldLinearVelocity.x', type=FLOAT64, size=8, count=1, flags=0x0}
8 (539, 785000000) 13 {name='worldLinearVelocity.y', type=FLOAT64, size=8, count=1, flags=0x0}
8 (539, 785000000) 14 {name='worldLinearVelocity.z', type=FLOAT64, size=8, count=1, flags=0x0}
8 (539, 785000000) 15 {name='worldPosition.x', type=FLOAT64, size=8, count=1, flags=0x0}
8 (539, 785000000) 16 {name='worldPosition.y', type=FLOAT64, size=8, count=1, flags=0x0}
8 (539, 785000000) 17 {name='worldPosition.z', type=FLOAT64, size=8, count=1, flags=0x0}
8 (539, 785000000) 18 {name='worldAttitude.x', type=FLOAT64, size=8, count=1, flags=0x0}
8 (539, 785000000) 19 {name='worldAttitude.y', type=FLOAT64, size=8, count=1, flags=0x0}
8 (539, 785000000) 20 {name='worldAttitude.z', type=FLOAT64, size=8, count=1, flags=0x0}
8 (539, 785000000) 21 {name='worldPressure', type=FLOAT64, size=8, count=1, flags=0x0}
8 (539, 785000000) 22 {name='worldTemperature', type=FLOAT64, size=8, count=1, flags=0x0}
8 (539, 785000000) 23 {name='lastCollisionTime', type=FLOAT64, size=8, count=1, flags=0x0}
1 (540, 784000000) 0 {name='GPS_spherical.x', type=FLOAT64, size=8, count=1, flags=0x0}
1 (540, 784000000) 1 {name='GPS_spherical.y', type=FLOAT64, size=8, count=1, flags=0x0}
1 (540, 784000000) 2 {name='GPS_spherical.z', type=FLOAT64, size=8, count=1, flags=0x0}
1 (540, 784000000) 3 {name='GPS_velocity.x', type=FLOAT64, size=8, count=1, flags=0x0}
1 (540, 784000000) 4 {name='GPS_velocity.y', type=FLOAT64, size=8, count=1, flags=0x0}
1 (540, 784000000) 5 {name='GPS_velocity.z', type=FLOAT64, size=8, count=1, flags=0x0}
2 (540, 784000000) 0 {name='relativeLinearAcceleration.x', type=FLOAT64, size=8, count=1, flags=0x0}
2 (540, 784000000) 1 {name='relativeLinearAcceleration.y', type=FLOAT64, size=8, count=1, flags=0x0}
2 (540, 784000000) 2 {name='relativeLinearAcceleration.z', type=FLOAT64, size=8, count=1, flags=0x0}
2 (540, 784000000) 3 {name='relativeAngularAcceleration.x', type=FLOAT64, size=8, count=1, flags=0x0}
2 (540, 784000000) 4 {name='relativeAngularAcceleration.y', type=FLOAT64, size=8, count=1, flags=0x0}
2 (540, 784000000) 5 {name='relativeAngularAcceleration.z', type=FLOAT64, size=8, count=1, flags=0x0}
2 (540, 784000000) 6 {name='relativeLinearVelocity.x', type=FLOAT64, size=8, count=1, flags=0x0}
2 (540, 784000000) 7 {name='relativeLinearVelocity.y', type=FLOAT64, size=8, count=1, flags=0x0}
2 (540, 784000000) 8 {name='relativeLinearVelocity.z', type=FLOAT64, size=8, count=1, flags=0x0}
2 (540, 784000000) 9 {name='relativeAngularVelocity.x', type=FLOAT64, size=8, count=1, flags=0x0}
2 (540, 784000000) 10 {name='relativeAngularVelocity.y', type=FLOAT64, size=8, count=1, flags=0x0}
2 (540, 784000000) 11 {name='relativeAngularVelocity.z', type=FLOAT64, size=8, count=1, flags=0x0}
2 (540, 784000000) 12 {name='worldLinearVelocity.x', type=FLOAT64, size=8, count=1, flags=0x0}
2 (540, 784000000) 13 {name='worldLinearVelocity.y', type=FLOAT64, size=8, count=1, flags=0x0}
2 (540, 784000000) 14 {name='worldLinearVelocity.z', type=FLOAT64, size=8, count=1, flags=0x0}
2 (540, 784000000) 15 {name='worldPosition.x', type=FLOAT64, size=8, count=1, flags=0x0}
2 (540, 784000000) 16 {name='worldPosition.y', type=FLOAT64, size=8, count=1, flags=0x0}
2 (540, 784000000) 17 {name='worldPosition.z', type=FLOAT64, size=8, count=1, flags=0x0}
2 (540, 784000000) 18 {name='worldAttitude.x', type=FLOAT64, size=8, count=1, flags=0x0}
2 (540, 784000000) 19 {name='worldAttitude.y', type=FLOAT64, size=8, count=1, flags=0x0}
2 (540, 784000000) 20 {name='worldAttitude.z', type=FLOAT64, size=8, count=1, flags=0x0}
2 (540, 784000000) 21 {name='worldPressure', type=FLOAT64, size=8, count=1, flags=0x0}
2 (540, 784000000) 22 {name='worldTemperature', type=FLOAT64, size=8, count=1, flags=0x0}
2 (540, 784000000) 23 {name='lastCollisionTime', type=FLOAT64, size=8, count=1, flags=0x0}
3 (540, 784000000) 0 {name='GPS_spherical.x', type=FLOAT64, size=8, count=1, flags=0x0}
3 (540, 784000000) 1 {name='GPS_spherical.y', type=FLOAT64, size=8, count=1, flags=0x0}
3 (540, 784000000) 2 {name='GPS_spherical.z', type=FLOAT64, size=8, count=1, flags=0x0}
3 (540, 784000000) 3 {name='GPS_velocity.x', type=FLOAT64, size=8, count=1, flags=0x0}
3 (540, 784000000) 4 {name='GPS_velocity.y', type=FLOAT64, size=8, count=1, flags=0x0}
3 (540, 784000000) 5 {name='GPS_velocity.z', type=FLOAT64, size=8, count=1, flags=0x0}
4 (540, 785000000) 0 {name='relativeLinearAcceleration.x', type=FLOAT64, size=8, count=1, flags=0x0}
4 (540, 785000000) 1 {name='relativeLinearAcceleration.y', type=FLOAT64, size=8, count=1, flags=0x0}
4 (540, 785000000) 2 {name='relativeLinearAcceleration.z', type=FLOAT64, size=8, count=1, flags=0x0}
4 (540, 785000000) 3 {name='relativeAngularAcceleration.x', type=FLOAT64, size=8, count=1, flags=0x0}
4 (540, 785000000) 4 {name='relativeAngularAcceleration.y', type=FLOAT64, size=8, count=1, flags=0x0}
4 (540, 785000000) 5 {name='relativeAngularAcceleration.z', type=FLOAT64, size=8, count=1, flags=0x0}
4 (540, 785000000) 6 {name='relativeLinearVelocity.x', type=FLOAT64, size=8, count=1, flags=0x0}
4 (540, 785000000) 7 {name='relativeLinearVelocity.y', type=FLOAT64, size=8, count=1, flags=0x0}
4 (540, 785000000) 8 {name='relativeLinearVelocity.z', type=FLOAT64, size=8, count=1, flags=0x0}
4 (540, 785000000) 9 {name='relativeAngularVelocity.x', type=FLOAT64, size=8, count=1, flags=0x0}
4 (540, 785000000) 10 {name='relativeAngularVelocity.y', type=FLOAT64, size=8, count=1, flags=0x0}
4 (540, 785000000) 11 {name='relativeAngularVelocity.z', type=FLOAT64, size=8, count=1, flags=0x0}
4 (540, 785000000) 12 {name='worldLinearVelocity.x', type=FLOAT64, size=8, count=1, flags=0x0}
4 (540, 785000000) 13 {name='worldLinearVelocity.y', type=FLOAT64, size=8, count=1, flags=0x0}
4 (540, 785000000) 14 {name='worldLinearVelocity.z', type=FLOAT64, size=8, count=1, flags=0x0}
4 (540, 785000000) 15 {name='worldPosition.x', type=FLOAT64, size=8, count=1, flags=0x0}
4 (540, 785000000) 16 {name='worldPosition.y', type=FLOAT64, size=8, count=1, flags=0x0}
4 (540, 785000000) 17 {name='worldPosition.z', type=FLOAT64, size=8, count=1, flags=0x0}
4 (540, 785000000) 18 {name='worldAttitude.x', type=FLOAT64, size=8, count=1, flags=0x0}
4 (540, 785000000) 19 {name='worldAttitude.y', type=FLOAT64, size=8, count=1, flags=0x0}
4 (540, 785000000) 20 {name='worldAttitude.z', type=FLOAT64, size=8, count=1, flags=0x0}
4 (540, 785000000) 21 {name='worldPressure', type=FLOAT64, size=8, count=1, flags=0x0}
4 (540, 785000000) 22 {name='worldTemperature', type=FLOAT64, size=8, count=1, flags=0x0}
4 (540, 785000000) 23 {name='lastCollisionTime', type=FLOAT64, size=8, count=1, flags=0x0}
5 (540, 785000000) 0 {name='GPS_spherical.x', type=FLOAT64, size=8, count=1, flags=0x0}
5 (540, 785000000) 1 {name='GPS_spherical.y', type=FLOAT64, size=8, count=1, flags=0x0}
5 (540, 785000000) 2 {name='GPS_spherical.z', type=FLOAT64, size=8, count=1, flags=0x0}
5 (540, 785000000) 3 {name='GPS_velocity.x', type=FLOAT64, size=8, count=1, flags=0x0}
5 (540, 785000000) 4 {name='GPS_velocity.y', type=FLOAT64, size=8, count=1, flags=0x0}
5 (540, 785000000) 5 {name='GPS_velocity.z', type=FLOAT64, size=8, count=1, flags=0x0}
6 (540, 785000000) 0 {name='current_voltage', type=FLOAT64, size=8, count=1, flags=0x0}
7 (540, 785000000) 0 {name='SysTimestamp_ns', type=UINT64, size=8, count=1, flags=0x0}
7 (540, 785000000) 1 {name='SdyTimestamp_ns', type=UINT64, size=8, count=1, flags=0x0}
7 (540, 785000000) 2 {name='SimTimestamp_ns', type=UINT64, size=8, count=1, flags=0x0}
8 (540, 785000000) 0 {name='relativeLinearAcceleration.x', type=FLOAT64, size=8, count=1, flags=0x0}
8 (540, 785000000) 1 {name='relativeLinearAcceleration.y', type=FLOAT64, size=8, count=1, flags=0x0}
8 (540, 785000000) 2 {name='relativeLinearAcceleration.z', type=FLOAT64, size=8, count=1, flags=0x0}
8 (540, 785000000) 3 {name='relativeAngularAcceleration.x', type=FLOAT64, size=8, count=1, flags=0x0}
8 (540, 785000000) 4 {name='relativeAngularAcceleration.y', type=FLOAT64, size=8, count=1, flags=0x0}
8 (540, 785000000) 5 {name='relativeAngularAcceleration.z', type=FLOAT64, size=8, count=1, flags=0x0}
8 (540, 785000000) 6 {name='relativeLinearVelocity.x', type=FLOAT64, size=8, count=1, flags=0x0}
8 (540, 785000000) 7 {name='relativeLinearVelocity.y', type=FLOAT64, size=8, count=1, flags=0x0}
8 (540, 785000000) 8 {name='relativeLinearVelocity.z', type=FLOAT64, size=8, count=1, flags=0x0}
8 (540, 785000000) 9 {name='relativeAngularVelocity.x', type=FLOAT64, size=8, count=1, flags=0x0}
8 (540, 785000000) 10 {name='relativeAngularVelocity.y', type=FLOAT64, size=8, count=1, flags=0x0}
8 (540, 785000000) 11 {name='relativeAngularVelocity.z', type=FLOAT64, size=8, count=1, flags=0x0}
8 (540, 785000000) 12 {name='worldLinearVelocity.x', type=FLOAT64, size=8, count=1, flags=0x0}
8 (540, 785000000) 13 {name='worldLinearVelocity.y', type=FLOAT64, size=8, count=1, flags=0x0}
8 (540, 785000000) 14 {name='worldLinearVelocity.z', type=FLOAT64, size=8, count=1, flags=0x0}
8 (540, 785000000) 15 {name='worldPosition.x', type=FLOAT64, size=8, count=1, flags=0x0}
8 (540, 785000000) 16 {name='worldPosition.y', type=FLOAT64, size=8, count=1, flags=0x0}
8 (540, 785000000) 17 {name='worldPosition.z', type=FLOAT64, size=8, count=1, flags=0x0}
8 (540, 785000000) 18 {name='worldAttitude.x', type=FLOAT64, size=8, count=1, flags=0x0}
8 (540, 785000000) 19 {name='worldAttitude.y', type=FLOAT64, size=8, count=1, flags=0x0}
8 (540, 785000000) 20 {name='worldAttitude.z', type=FLOAT64, size=8, count=1, flags=0x0}
8 (540, 785000000) 21 {name='worldPressure', type=FLOAT64, size=8, count=1, flags=0x0}
8 (540, 785000000) 22 {name='worldTemperature', type=FLOAT64, size=8, count=1, flags=0x0}
8 (540, 785000000) 23 {name='lastCollisionTime', type=FLOAT64, size=8, count=1, flags=0x0}
1 (541, 784000000) 0 {name='GPS_spherical.x', type=FLOAT64, size=8, count=1, flags=0x0}
1 (541, 784000000) 1 {name='GPS_spherical.y', type=FLOAT64, size=8, count=1, flags=0x0}
1 (541, 784000000) 2 {name='GPS_spherical.z', type=FLOAT64, size=8, count=1, flags=0x0}
1 (541, 784000000) 3 {name='GPS_velocity.x', type=FLOAT64, size=8, count=1, flags=0x0}
1 (541, 784000000) 4 {name='GPS_velocity.y', type=FLOAT64, size=8, count=1, flags=0x0}
1 (541, 784000000) 5 {name='GPS_velocity.z', type=FLOAT64, size=8, count=1, flags=0x0}
2 (541, 784000000) 0 {name='relativeLinearAcceleration.x', type=FLOAT64, size=8, count=1, flags=0x0}
2 (541, 784000000) 1 {name='relativeLinearAcceleration.y', type=FLOAT64, size=8, count=1, flags=0x0}
2 (541, 784000000) 2 {name='relativeLinearAcceleration.z', type=FLOAT64, size=8, count=1, flags=0x0}
2 (541, 784000000) 3 {name='relativeAngularAcceleration.x', type=FLOAT64, size=8, count=1, flags=0x0}
2 (541, 784000000) 4 {name='relativeAngularAcceleration.y', type=FLOAT64, size=8, count=1, flags=0x0}
2 (541, 784000000) 5 {name='relativeAngularAcceleration.z', type=FLOAT64, size=8, count=1, flags=0x0}
2 (541, 784000000) 6 {name='relativeLinearVelocity.x', type=FLOAT64, size=8, count=1, flags=0x0}
2 (541, 784000000) 7 {name='relativeLinearVelocity.y', type=FLOAT64, size=8, count=1, flags=0x0}
2 (541, 784000000) 8 {name='relativeLinearVelocity.z', type=FLOAT64, size=8, count=1, flags=0x0}
2 (541, 784000000) 9 {name='relativeAngularVelocity.x', type=FLOAT64, size=8, count=1, flags=0x0}
2 (541, 784000000) 10 {name='relativeAngularVelocity.y', type=FLOAT64, size=8, count=1, flags=0x0}
2 (541, 784000000) 11 {name='relativeAngularVelocity.z', type=FLOAT64, size=8, count=1, flags=0x0}
2 (541, 784000000) 12 {name='worldLinearVelocity.x', type=FLOAT64, size=8, count=1, flags=0x0}
2 (541, 784000000) 13 {name='worldLinearVelocity.y', type=FLOAT64, size=8, count=1, flags=0x0}
2 (541, 784000000) 14 {name='worldLinearVelocity.z', type=FLOAT64, size=8, count=1, flags=0x0}
2 (541, 784000000) 15 {name='worldPosition.x', type=FLOAT64, size=8, count=1, flags=0x0}
2 (541, 784000000) 16 {name='worldPosition.y', type=FLOAT64, size=8, count=1, flags=0x0}
2 (541, 784000000) 17 {name='worldPosition.z', type=FLOAT64, size=8, count=1, flags=0x0}
2 (541, 784000000) 18 {name='worldAttitude.x', type=FLOAT64, size=8, count=1, flags=0x0}
2 (541, 784000000) 19 {name='worldAttitude.y', type=FLOAT64, size=8, count=1, flags=0x0}
2 (541, 784000000) 20 {name='worldAttitude.z', type=FLOAT64, size=8, count=1, flags=0x0}
2 (541, 784000000) 21 {name='worldPressure', type=FLOAT64, size=8, count=1, flags=0x0}
2 (541, 784000000) 22 {name='worldTemperature', type=FLOAT64, size=8, count=1, flags=0x0}
2 (541, 784000000) 23 {name='lastCollisionTime', type=FLOAT64, size=8, count=1, flags=0x0}
3 (541, 784000000) 0 {name='GPS_spherical.x', type=FLOAT64, size=8, count=1, flags=0x0}
3 (541, 784000000) 1 {name='GPS_spherical.y', type=FLOAT64, size=8, count=1, flags=0x0}
3 (541, 784000000) 2 {name='GPS_spherical.z', type=FLOAT64, size=8, count=1, flags=0x0}
3 (541, 784000000) 3 {name='GPS_velocity.x', type=FLOAT64, size=8, count=1, flags=0x0}
3 (541, 784000000) 4 {name='GPS_velocity.y', type=FLOAT64, size=8, count=1, flags=0x0}
3 (541, 784000000) 5 {name='GPS_velocity.z', type=FLOAT64, size=8, count=1, flags=0x0}
4 (541, 785000000) 0 {name='relativeLinearAcceleration.x', type=FLOAT64, size=8, count=1, flags=0x0}
4 (541, 785000000) 1 {name='relativeLinearAcceleration.y', type=FLOAT64, size=8, count=1, flags=0x0}
4 (541, 785000000) 2 {name='relativeLinearAcceleration.z', type=FLOAT64, size=8, count=1, flags=0x0}
4 (541, 785000000) 3 {name='relativeAngularAcceleration.x', type=FLOAT64, size=8, count=1, flags=0x0}
4 (541, 785000000) 4 {name='relativeAngularAcceleration.y', type=FLOAT64, size=8, count=1, flags=0x0}
4 (541, 785000000) 5 {name='relativeAngularAcceleration.z', type=FLOAT64, size=8, count=1, flags=0x0}
4 (541, 785000000) 6 {name='relativeLinearVelocity.x', type=FLOAT64, size=8, count=1, flags=0x0}
4 (541, 785000000) 7 {name='relativeLinearVelocity.y', type=FLOAT64, size=8, count=1, flags=0x0}
4 (541, 785000000) 8 {name='relativeLinearVelocity.z', type=FLOAT64, size=8, count=1, flags=0x0}
4 (541, 785000000) 9 {name='relativeAngularVelocity.x', type=FLOAT64, size=8, count=1, flags=0x0}
4 (541, 785000000) 10 {name='relativeAngularVelocity.y', type=FLOAT64, size=8, count=1, flags=0x0}
4 (541, 785000000) 11 {name='relativeAngularVelocity.z', type=FLOAT64, size=8, count=1, flags=0x0}
4 (541, 785000000) 12 {name='worldLinearVelocity.x', type=FLOAT64, size=8, count=1, flags=0x0}
4 (541, 785000000) 13 {name='worldLinearVelocity.y', type=FLOAT64, size=8, count=1, flags=0x0}
4 (541, 785000000) 14 {name='worldLinearVelocity.z', type=FLOAT64, size=8, count=1, flags=0x0}
4 (541, 785000000) 15 {name='worldPosition.x', type=FLOAT64, size=8, count=1, flags=0x0}
4 (541, 785000000) 16 {name='worldPosition.y', type=FLOAT64, size=8, count=1, flags=0x0}
4 (541, 785000000) 17 {name='worldPosition.z', type=FLOAT64, size=8, count=1, flags=0x0}
4 (541, 785000000) 18 {name='worldAttitude.x', type=FLOAT64, size=8, count=1, flags=0x0}
4 (541, 785000000) 19 {name='worldAttitude.y', type=FLOAT64, size=8, count=1, flags=0x0}
4 (541, 785000000) 20 {name='worldAttitude.z', type=FLOAT64, size=8, count=1, flags=0x0}
4 (541, 785000000) 21 {name='worldPressure', type=FLOAT64, size=8, count=1, flags=0x0}
4 (541, 785000000) 22 {name='worldTemperature', type=FLOAT64, size=8, count=1, flags=0x0}
4 (541, 785000000) 23 {name='lastCollisionTime', type=FLOAT64, size=8, count=1, flags=0x0}
5 (541, 785000000) 0 {name='GPS_spherical.x', type=FLOAT64, size=8, count=1, flags=0x0}
5 (541, 785000000) 1 {name='GPS_spherical.y', type=FLOAT64, size=8, count=1, flags=0x0}
5 (541, 785000000) 2 {name='GPS_spherical.z', type=FLOAT64, size=8, count=1, flags=0x0}
5 (541, 785000000) 3 {name='GPS_velocity.x', type=FLOAT64, size=8, count=1, flags=0x0}
5 (541, 785000000) 4 {name='GPS_velocity.y', type=FLOAT64, size=8, count=1, flags=0x0}
5 (541, 785000000) 5 {name='GPS_velocity.z', type=FLOAT64, size=8, count=1, flags=0x0}
6 (541, 785000000) 0 {name='current_voltage', type=FLOAT64, size=8, count=1, flags=0x0}
7 (541, 785000000) 0 {name='SysTimestamp_ns', type=UINT64, size=8, count=1, flags=0x0}
7 (541, 785000000) 1 {name='SdyTimestamp_ns', type=UINT64, size=8, count=1, flags=0x0}
7 (541, 785000000) 2 {name='SimTimestamp_ns', type=UINT64, size=8, count=1, flags=0x0}
8 (541, 785000000) 0 {name='relativeLinearAcceleration.x', type=FLOAT64, size=8, count=1, flags=0x0}
8 (541, 785000000) 1 {name='relativeLinearAcceleration.y', type=FLOAT64, size=8, count=1, flags=0x0}
8 (541, 785000000) 2 {name='relativeLinearAcceleration.z', type=FLOAT64, size=8, count=1, flags=0x0}
8 (541, 785000000) 3 {name='relativeAngularAcceleration.x', type=FLOAT64, size=8, count=1, flags=0x0}
8 (541, 785000000) 4 {name='relativeAngularAcceleration.y', type=FLOAT64, size=8, count=1, flags=0x0}
8 (541, 785000000) 5 {name='relativeAngularAcceleration.z', type=FLOAT64, size=8, count=1, flags=0x0}
8 (541, 785000000) 6 {name='relativeLinearVelocity.x', type=FLOAT64, size=8, count=1, flags=0x0}
8 (541, 785000000) 7 {name='relativeLinearVelocity.y', type=FLOAT64, size=8, count=1, flags=0x0}
8 (541, 785000000) 8 {name='relativeLinearVelocity.z', type=FLOAT64, size=8, count=1, flags=0x0}
8 (541, 785000000) 9 {name='relativeAngularVelocity.x', type=FLOAT64, size=8, count=1, flags=0x0}
8 (541, 785000000) 10 {name='relativeAngularVelocity.y', type=FLOAT64, size=8, count=1, flags=0x0}
8 (541, 785000000) 11 {name='relativeAngularVelocity.z', type=FLOAT64, size=8, count=1, flags=0x0}
8 (541, 785000000) 12 {name='worldLinearVelocity.x', type=FLOAT64, size=8, count=1, flags=0x0}
8 (541, 785000000) 13 {name='worldLinearVelocity.y', type=FLOAT64, size=8, count=1, flags=0x0}
8 (541, 785000000) 14 {name='worldLinearVelocity.z', type=FLOAT64, size=8, count=1, flags=0x0}
8 (541, 785000000) 15 {name='worldPosition.x', type=FLOAT64, size=8, count=1, flags=0x0}
8 (541, 785000000) 16 {name='worldPosition.y', type=FLOAT64, size=8, count=1, flags=0x0}
8 (541, 785000000) 17 {name='worldPosition.z', type=FLOAT64, size=8, count=1, flags=0x0}
8 (541, 785000000) 18 {name='worldAttitude.x', type=FLOAT64, size=8, count=1, flags=0x0}
8 (541, 785000000) 19 {name='worldAttitude.y', type=FLOAT64, size=8, count=1, flags=0x0}
8 (541, 785000000) 20 {name='worldAttitude.z', type=FLOAT64, size=8, count=1, flags=0x0}
8 (541, 785000000) 21 {name='worldPressure', type=FLOAT64, size=8, count=1, flags=0x0}
8 (541, 785000000) 22 {name='worldTemperature', type=FLOAT64, size=8, count=1, flags=0x0}
8 (541, 785000000) 23 {name='lastCollisionTime', type=FLOAT64, size=8, count=1, flags=0x0}
