1 (553, 748000000) 0 {name='GPS_spherical.x', type=FLOAT64, size=8, count=1, flags=0x0}
1 (553, 748000000) 1 {name='GPS_spherical.y', type=FLOAT64, size=8, count=1, flags=0x0}
1 (553, 748000000) 2 {name='GPS_spherical.z', type=FLOAT64, size=8, count=1, flags=0x0}
1 (553, 748000000) 3 {name='GPS_velocity.x', type=FLOAT64, size=8, count=1, flags=0x0}
1 (553, 748000000) 4 {name='GPS_velocity.y', type=FLOAT64, size=8, count=1, flags=0x0}
1 (553, 748000000) 5 {name='GPS_velocity.z', type=FLOAT64, size=8, count=1, flags=0x0}
2 (553, 748000000) 0 {name='relativeLinearAcceleration.x', type=FLOAT64, size=8, count=1, flags=0x0}
2 (553, 748000000) 1 {name='relativeLinearAcceleration.y', type=FLOAT64, size=8, count=1, flags=0x0}
2 (553, 748000000) 2 {name='relativeLinearAcceleration.z', type=FLOAT64, size=8, count=1, flags=0x0}
2 (553, 748000000) 3 {name='relativeAngularAcceleration.x', type=FLOAT64, size=8, count=1, flags=0x0}
2 (553, 748000000) 4 {name='relativeAngularAcceleration.y', type=FLOAT64, size=8, count=1, flags=0x0}
2 (553, 748000000) 5 {name='relativeAngularAcceleration.z', type=FLOAT64, size=8, count=1, flags=0x0}
2 (553, 748000000) 6 {name='relativeLinearVelocity.x', type=FLOAT64, size=8, count=1, flags=0x0}
2 (553, 748000000) 7 {name='relativeLinearVelocity.y', type=FLOAT64, size=8, count=1, flags=0x0}
2 (553, 748000000) 8 {name='relativeLinearVelocity.z', type=FLOAT64, size=8, count=1, flags=0x0}
2 (553, 748000000) 9 {name='relativeAngularVelocity.x', type=FLOAT64, size=8, count=1, flags=0x0}
2 (553, 748000000) 10 {name='relativeAngularVelocity.y', type=FLOAT64, size=8, count=1, flags=0x0}
2 (553, 748000000) 11 {name='relativeAngularVelocity.z', type=FLOAT64, size=8, count=1, flags=0x0}
2 (553, 748000000) 12 {name='worldLinearVelocity.x', type=FLOAT64, size=8, count=1, flags=0x0}
2 (553, 748000000) 13 {name='worldLinearVelocity.y', type=FLOAT64, size=8, count=1, flags=0x0}
2 (553, 748000000) 14 {name='worldLinearVelocity.z', type=FLOAT64, size=8, count=1, flags=0x0}
2 (553, 748000000) 15 {name='worldPosition.x', type=FLOAT64, size=8, count=1, flags=0x0}
2 (553, 748000000) 16 {name='worldPosition.y', type=FLOAT64, size=8, count=1, flags=0x0}
2 (553, 748000000) 17 {name='worldPosition.z', type=FLOAT64, size=8, count=1, flags=0x0}
2 (553, 748000000) 18 {name='worldAttitude.x', type=FLOAT64, size=8, count=1, flags=0x0}
2 (553, 748000000) 19 {name='worldAttitude.y', type=FLOAT64, size=8, count=1, flags=0x0}
2 (553, 748000000) 20 {name='worldAttitude.z', type=FLOAT64, size=8, count=1, flags=0x0}
2 (553, 748000000) 21 {name='worldPressure', type=FLOAT64, size=8, count=1, flags=0x0}
2 (553, 748000000) 22 {name='worldTemperature', type=FLOAT64, size=8, count=1, flags=0x0}
2 (553, 748000000) 23 {name='lastCollisionTime', type=FLOAT64, size=8, count=1, flags=0x0}
3 (553, 748000000) 0 {name='GPS_spherical.x', type=FLOAT64, size=8, count=1, flags=0x0}
3 (553, 748000000) 1 {name='GPS_spherical.y', type=FLOAT64, size=8, count=1, flags=0x0}
3 (553, 748000000) 2 {name='GPS_spherical.z', type=FLOAT64, size=8, count=1, flags=0x0}
3 (553, 748000000) 3 {name='GPS_velocity.x', type=FLOAT64, size=8, count=1, flags=0x0}
3 (553, 748000000) 4 {name='GPS_velocity.y', type=FLOAT64, size=8, count=1, flags=0x0}
3 (553, 748000000) 5 {name='GPS_velocity.z', type=FLOAT64, size=8, count=1, flags=0x0}
4 (553, 748000000) 0 {name='relativeLinearAcceleration.x', type=FLOAT64, size=8, count=1, flags=0x0}
4 (553, 748000000) 1 {name='relativeLinearAcceleration.y', type=FLOAT64, size=8, count=1, flags=0x0}
4 (553, 748000000) 2 {name='relativeLinearAcceleration.z', type=FLOAT64, size=8, count=1, flags=0x0}
4 (553, 748000000) 3 {name='relativeAngularAcceleration.x', type=FLOAT64, size=8, count=1, flags=0x0}
4 (553, 748000000) 4 {name='relativeAngularAcceleration.y', type=FLOAT64, size=8, count=1, flags=0x0}
4 (553, 748000000) 5 {name='relativeAngularAcceleration.z', type=FLOAT64, size=8, count=1, flags=0x0}
4 (553, 748000000) 6 {name='relativeLinearVelocity.x', type=FLOAT64, size=8, count=1, flags=0x0}
4 (553, 748000000) 7 {name='relativeLinearVelocity.y', type=FLOAT64, size=8, count=1, flags=0x0}
4 (553, 748000000) 8 {name='relativeLinearVelocity.z', type=FLOAT64, size=8, count=1, flags=0x0}
4 (553, 748000000) 9 {name='relativeAngularVelocity.x', type=FLOAT64, size=8, count=1, flags=0x0}
4 (553, 748000000) 10 {name='relativeAngularVelocity.y', type=FLOAT64, size=8, count=1, flags=0x0}
4 (553, 748000000) 11 {name='relativeAngularVelocity.z', type=FLOAT64, size=8, count=1, flags=0x0}
4 (553, 748000000) 12 {name='worldLinearVelocity.x', type=FLOAT64, size=8, count=1, flags=0x0}
4 (553, 748000000) 13 {name='worldLinearVelocity.y', type=FLOAT64, size=8, count=1, flags=0x0}
4 (553, 748000000) 14 {name='worldLinearVelocity.z', type=FLOAT64, size=8, count=1, flags=0x0}
4 (553, 748000000) 15 {name='worldPosition.x', type=FLOAT64, size=8, count=1, flags=0x0}
4 (553, 748000000) 16 {name='worldPosition.y', type=FLOAT64, size=8, count=1, flags=0x0}
4 (553, 748000000) 17 {name='worldPosition.z', type=FLOAT64, size=8, count=1, flags=0x0}
4 (553, 748000000) 18 {name='worldAttitude.x', type=FLOAT64, size=8, count=1, flags=0x0}
4 (553, 748000000) 19 {name='worldAttitude.y', type=FLOAT64, size=8, count=1, flags=0x0}
4 (553, 748000000) 20 {name='worldAttitude.z', type=FLOAT64, size=8, count=1, flags=0x0}
4 (553, 748000000) 21 {name='worldPressure', type=FLOAT64, size=8, count=1, flags=0x0}
4 (553, 748000000) 22 {name='worldTemperature', type=FLOAT64, size=8, count=1, flags=0x0}
4 (553, 748000000) 23 {name='lastCollisionTime', type=FLOAT64, size=8, count=1, flags=0x0}
5 (553, 748000000) 0 {name='GPS_spherical.x', type=FLOAT64, size=8, count=1, flags=0x0}
5 (553, 748000000) 1 {name='GPS_spherical.y', type=FLOAT64, size=8, count=1, flags=0x0}
5 (553, 748000000) 2 {name='GPS_spherical.z', type=FLOAT64, size=8, count=1, flags=0x0}
5 (553, 748000000) 3 {name='GPS_velocity.x', type=FLOAT64, size=8, count=1, flags=0x0}
5 (553, 748000000) 4 {name='GPS_velocity.y', type=FLOAT64, size=8, count=1, flags=0x0}
5 (553, 748000000) 5 {name='GPS_velocity.z', type=FLOAT64, size=8, count=1, flags=0x0}
6 (553, 748000000) 0 {name='current_voltage', type=FLOAT64, size=8, count=1, flags=0x0}
7 (553, 748000000) 0 {name='SysTimestamp_ns', type=UINT64, size=8, count=1, flags=0x0}
7 (553, 748000000) 1 {name='SdyTimestamp_ns', type=UINT64, size=8, count=1, flags=0x0}
7 (553, 748000000) 2 {name='SimTimestamp_ns', type=UINT64, size=8, count=1, flags=0x0}
8 (553, 749000000) 0 {name='relativeLinearAcceleration.x', type=FLOAT64, size=8, count=1, flags=0x0}
8 (553, 749000000) 1 {name='relativeLinearAcceleration.y', type=FLOAT64, size=8, count=1, flags=0x0}
8 (553, 749000000) 2 {name='relativeLinearAcceleration.z', type=FLOAT64, size=8, count=1, flags=0x0}
8 (553, 749000000) 3 {name='relativeAngularAcceleration.x', type=FLOAT64, size=8, count=1, flags=0x0}
8 (553, 749000000) 4 {name='relativeAngularAcceleration.y', type=FLOAT64, size=8, count=1, flags=0x0}
8 (553, 749000000) 5 {name='relativeAngularAcceleration.z', type=FLOAT64, size=8, count=1, flags=0x0}
8 (553, 749000000) 6 {name='relativeLinearVelocity.x', type=FLOAT64, size=8, count=1, flags=0x0}
8 (553, 749000000) 7 {name='relativeLinearVelocity.y', type=FLOAT64, size=8, count=1, flags=0x0}
8 (553, 749000000) 8 {name='relativeLinearVelocity.z', type=FLOAT64, size=8, count=1, flags=0x0}
8 (553, 749000000) 9 {name='relativeAngularVelocity.x', type=FLOAT64, size=8, count=1, flags=0x0}
8 (553, 749000000) 10 {name='relativeAngularVelocity.y', type=FLOAT64, size=8, count=1, flags=0x0}
8 (553, 749000000) 11 {name='relativeAngularVelocity.z', type=FLOAT64, size=8, count=1, flags=0x0}
8 (553, 749000000) 12 {name='worldLinearVelocity.x', type=FLOAT64, size=8, count=1, flags=0x0}
8 (553, 749000000) 13 {name='worldLinearVelocity.y', type=FLOAT64, size=8, count=1, flags=0x0}
8 (553, 749000000) 14 {name='worldLinearVelocity.z', type=FLOAT64, size=8, count=1, flags=0x0}
8 (553, 749000000) 15 {name='worldPosition.x', type=FLOAT64, size=8, count=1, flags=0x0}
8 (553, 749000000) 16 {name='worldPosition.y', type=FLOAT64, size=8, count=1, flags=0x0}
8 (553, 749000000) 17 {name='worldPosition.z', type=FLOAT64, size=8, count=1, flags=0x0}
8 (553, 749000000) 18 {name='worldAttitude.x', type=FLOAT64, size=8, count=1, flags=0x0}
8 (553, 749000000) 19 {name='worldAttitude.y', type=FLOAT64, size=8, count=1, flags=0x0}
8 (553, 749000000) 20 {name='worldAttitude.z', type=FLOAT64, size=8, count=1, flags=0x0}
8 (553, 749000000) 21 {name='worldPressure', type=FLOAT64, size=8, count=1, flags=0x0}
8 (553, 749000000) 22 {name='worldTemperature', type=FLOAT64, size=8, count=1, flags=0x0}
8 (553, 749000000) 23 {name='lastCollisionTime', type=FLOAT64, size=8, count=1, flags=0x0}
1 (554, 748000000) 0 {name='GPS_spherical.x', type=FLOAT64, size=8, count=1, flags=0x0}
1 (554, 748000000) 1 {name='GPS_spherical.y', type=FLOAT64, size=8, count=1, flags=0x0}
1 (554, 748000000) 2 {name='GPS_spherical.z', type=FLOAT64, size=8, count=1, flags=0x0}
1 (554, 748000000) 3 {name='GPS_velocity.x', type=FLOAT64, size=8, count=1, flags=0x0}
1 (554, 748000000) 4 {name='GPS_velocity.y', type=FLOAT64, size=8, count=1, flags=0x0}
1 (554, 748000000) 5 {name='GPS_velocity.z', type=FLOAT64, size=8, count=1, flags=0x0}
2 (554, 748000000) 0 {name='relativeLinearAcceleration.x', type=FLOAT64, size=8, count=1, flags=0x0}
2 (554, 748000000) 1 {name='relativeLinearAcceleration.y', type=FLOAT64, size=8, count=1, flags=0x0}
2 (554, 748000000) 2 {name='relativeLinearAcceleration.z', type=FLOAT64, size=8, count=1, flags=0x0}
2 (554, 748000000) 3 {name='relativeAngularAcceleration.x', type=FLOAT64, size=8, count=1, flags=0x0}
2 (554, 748000000) 4 {name='relativeAngularAcceleration.y', type=FLOAT64, size=8, count=1, flags=0x0}
2 (554, 748000000) 5 {name='relativeAngularAcceleration.z', type=FLOAT64, size=8, count=1, flags=0x0}
2 (554, 748000000) 6 {name='relativeLinearVelocity.x', type=FLOAT64, size=8, count=1, flags=0x0}
2 (554, 748000000) 7 {name='relativeLinearVelocity.y', type=FLOAT64, size=8, count=1, flags=0x0}
2 (554, 748000000) 8 {name='relativeLinearVelocity.z', type=FLOAT64, size=8, count=1, flags=0x0}
2 (554, 748000000) 9 {name='relativeAngularVelocity.x', type=FLOAT64, size=8, count=1, flags=0x0}
2 (554, 748000000) 10 {name='relativeAngularVelocity.y', type=FLOAT64, size=8, count=1, flags=0x0}
2 (554, 748000000) 11 {name='relativeAngularVelocity.z', type=FLOAT64, size=8, count=1, flags=0x0}
2 (554, 748000000) 12 {name='worldLinearVelocity.x', type=FLOAT64, size=8, count=1, flags=0x0}
2 (554, 748000000) 13 {name='worldLinearVelocity.y', type=FLOAT64, size=8, count=1, flags=0x0}
2 (554, 748000000) 14 {name='worldLinearVelocity.z', type=FLOAT64, size=8, count=1, flags=0x0}
2 (554, 748000000) 15 {name='worldPosition.x', type=FLOAT64, size=8, count=1, flags=0x0}
2 (554, 748000000) 16 {name='worldPosition.y', type=FLOAT64, size=8, count=1, flags=0x0}
2 (554, 748000000) 17 {name='worldPosition.z', type=FLOAT64, size=8, count=1, flags=0x0}
2 (554, 748000000) 18 {name='worldAttitude.x', type=FLOAT64, size=8, count=1, flags=0x0}
2 (554, 748000000) 19 {name='worldAttitude.y', type=FLOAT64, size=8, count=1, flags=0x0}
2 (554, 748000000) 20 {name='worldAttitude.z', type=FLOAT64, size=8, count=1, flags=0x0}
2 (554, 748000000) 21 {name='worldPressure', type=FLOAT64, size=8, count=1, flags=0x0}
2 (554, 748000000) 22 {name='worldTemperature', type=FLOAT64, size=8, count=1, flags=0x0}
2 (554, 748000000) 23 {name='lastCollisionTime', type=FLOAT64, size=8, count=1, flags=0x0}
3 (554, 748000000) 0 {name='GPS_spherical.x', type=FLOAT64, size=8, count=1, flags=0x0}
3 (554, 748000000) 1 {name='GPS_spherical.y', type=FLOAT64, size=8, count=1, flags=0x0}
3 (554, 748000000) 2 {name='GPS_spherical.z', type=FLOAT64, size=8, count=1, flags=0x0}
3 (554, 748000000) 3 {name='GPS_velocity.x', type=FLOAT64, size=8, count=1, flags=0x0}
3 (554, 748000000) 4 {name='GPS_velocity.y', type=FLOAT64, size=8, count=1, flags=0x0}
3 (554, 748000000) 5 {name='GPS_velocity.z', type=FLOAT64, size=8, count=1, flags=0x0}
4 (554, 748000000) 0 {name='relativeLinearAcceleration.x', type=FLOAT64, size=8, count=1, flags=0x0}
4 (554, 748000000) 1 {name='relativeLinearAcceleration.y', type=FLOAT64, size=8, count=1, flags=0x0}
4 (554, 748000000) 2 {name='relativeLinearAcceleration.z', type=FLOAT64, size=8, count=1, flags=0x0}
4 (554, 748000000) 3 {name='relativeAngularAcceleration.x', type=FLOAT64, size=8, count=1, flags=0x0}
4 (554, 748000000) 4 {name='relativeAngularAcceleration.y', type=FLOAT64, size=8, count=1, flags=0x0}
4 (554, 748000000) 5 {name='relativeAngularAcceleration.z', type=FLOAT64, size=8, count=1, flags=0x0}
4 (554, 748000000) 6 {name='relativeLinearVelocity.x', type=FLOAT64, size=8, count=1, flags=0x0}
4 (554, 748000000) 7 {name='relativeLinearVelocity.y', type=FLOAT64, size=8, count=1, flags=0x0}
4 (554, 748000000) 8 {name='relativeLinearVelocity.z', type=FLOAT64, size=8, count=1, flags=0x0}
4 (554, 748000000) 9 {name='relativeAngularVelocity.x', type=FLOAT64, size=8, count=1, flags=0x0}
4 (554, 748000000) 10 {name='relativeAngularVelocity.y', type=FLOAT64, size=8, count=1, flags=0x0}
4 (554, 748000000) 11 {name='relativeAngularVelocity.z', type=FLOAT64, size=8, count=1, flags=0x0}
4 (554, 748000000) 12 {name='worldLinearVelocity.x', type=FLOAT64, size=8, count=1, flags=0x0}
4 (554, 748000000) 13 {name='worldLinearVelocity.y', type=FLOAT64, size=8, count=1, flags=0x0}
4 (554, 748000000) 14 {name='worldLinearVelocity.z', type=FLOAT64, size=8, count=1, flags=0x0}
4 (554, 748000000) 15 {name='worldPosition.x', type=FLOAT64, size=8, count=1, flags=0x0}
4 (554, 748000000) 16 {name='worldPosition.y', type=FLOAT64, size=8, count=1, flags=0x0}
4 (554, 748000000) 17 {name='worldPosition.z', type=FLOAT64, size=8, count=1, flags=0x0}
4 (554, 748000000) 18 {name='worldAttitude.x', type=FLOAT64, size=8, count=1, flags=0x0}
4 (554, 748000000) 19 {name='worldAttitude.y', type=FLOAT64, size=8, count=1, flags=0x0}
4 (554, 748000000) 20 {name='worldAttitude.z', type=FLOAT64, size=8, count=1, flags=0x0}
4 (554, 748000000) 21 {name='worldPressure', type=FLOAT64, size=8, count=1, flags=0x0}
4 (554, 748000000) 22 {name='worldTemperature', type=FLOAT64, size=8, count=1, flags=0x0}
4 (554, 748000000) 23 {name='lastCollisionTime', type=FLOAT64, size=8, count=1, flags=0x0}
5 (554, 748000000) 0 {name='GPS_spherical.x', type=FLOAT64, size=8, count=1, flags=0x0}
5 (554, 748000000) 1 {name='GPS_spherical.y', type=FLOAT64, size=8, count=1, flags=0x0}
5 (554, 748000000) 2 {name='GPS_spherical.z', type=FLOAT64, size=8, count=1, flags=0x0}
5 (554, 748000000) 3 {name='GPS_velocity.x', type=FLOAT64, size=8, count=1, flags=0x0}
5 (554, 748000000) 4 {name='GPS_velocity.y', type=FLOAT64, size=8, count=1, flags=0x0}
5 (554, 748000000) 5 {name='GPS_velocity.z', type=FLOAT64, size=8, count=1, flags=0x0}
6 (554, 748000000) 0 {name='current_voltage', type=FLOAT64, size=8, count=1, flags=0x0}
7 (554, 748000000) 0 {name='SysTimestamp_ns', type=UINT64, size=8, count=1, flags=0x0}
7 (554, 748000000) 1 {name='SdyTimestamp_ns', type=UINT64, size=8, count=1, flags=0x0}
7 (554, 748000000) 2 {name='SimTimestamp_ns', type=UINT64, size=8, count=1, flags=0x0}
8 (554, 749000000) 0 {name='relativeLinearAcceleration.x', type=FLOAT64, size=8, count=1, flags=0x0}
8 (554, 749000000) 1 {name='relativeLinearAcceleration.y', type=FLOAT64, size=8, count=1, flags=0x0}
8 (554, 749000000) 2 {name='relativeLinearAcceleration.z', type=FLOAT64, size=8, count=1, flags=0x0}
8 (554, 749000000) 3 {name='relativeAngularAcceleration.x', type=FLOAT64, size=8, count=1, flags=0x0}
8 (554, 749000000) 4 {name='relativeAngularAcceleration.y', type=FLOAT64, size=8, count=1, flags=0x0}
8 (554, 749000000) 5 {name='relativeAngularAcceleration.z', type=FLOAT64, size=8, count=1, flags=0x0}
8 (554, 749000000) 6 {name='relativeLinearVelocity.x', type=FLOAT64, size=8, count=1, flags=0x0}
8 (554, 749000000) 7 {name='relativeLinearVelocity.y', type=FLOAT64, size=8, count=1, flags=0x0}
8 (554, 749000000) 8 {name='relativeLinearVelocity.z', type=FLOAT64, size=8, count=1, flags=0x0}
8 (554, 749000000) 9 {name='relativeAngularVelocity.x', type=FLOAT64, size=8, count=1, flags=0x0}
8 (554, 749000000) 10 {name='relativeAngularVelocity.y', type=FLOAT64, size=8, count=1, flags=0x0}
8 (554, 749000000) 11 {name='relativeAngularVelocity.z', type=FLOAT64, size=8, count=1, flags=0x0}
8 (554, 749000000) 12 {name='worldLinearVelocity.x', type=FLOAT64, size=8, count=1, flags=0x0}
8 (554, 749000000) 13 {name='worldLinearVelocity.y', type=FLOAT64, size=8, count=1, flags=0x0}
8 (554, 749000000) 14 {name='worldLinearVelocity.z', type=FLOAT64, size=8, count=1, flags=0x0}
8 (554, 749000000) 15 {name='worldPosition.x', type=FLOAT64, size=8, count=1, flags=0x0}
8 (554, 749000000) 16 {name='worldPosition.y', type=FLOAT64, size=8, count=1, flags=0x0}
8 (554, 749000000) 17 {name='worldPosition.z', type=FLOAT64, size=8, count=1, flags=0x0}
8 (554, 749000000) 18 {name='worldAttitude.x', type=FLOAT64, size=8, count=1, flags=0x0}
8 (554, 749000000) 19 {name='worldAttitude.y', type=FLOAT64, size=8, count=1, flags=0x0}
8 (554, 749000000) 20 {name='worldAttitude.z', type=FLOAT64, size=8, count=1, flags=0x0}
8 (554, 749000000) 21 {name='worldPressure', type=FLOAT64, size=8, count=1, flags=0x0}
8 (554, 749000000) 22 {name='worldTemperature', type=FLOAT64, size=8, count=1, flags=0x0}
8 (554, 749000000) 23 {name='lastCollisionTime', type=FLOAT64, size=8, count=1, flags=0x0}
1 (555, 748000000) 0 {name='GPS_spherical.x', type=FLOAT64, size=8, count=1, flags=0x0}
1 (555, 748000000) 1 {name='GPS_spherical.y', type=FLOAT64, size=8, count=1, flags=0x0}
1 (555, 748000000) 2 {name='GPS_spherical.z', type=FLOAT64, size=8, count=1, flags=0x0}
1 (555, 748000000) 3 {name='GPS_velocity.x', type=FLOAT64, size=8, count=1, flags=0x0}
1 (555, 748000000) 4 {name='GPS_velocity.y', type=FLOAT64, size=8, count=1, flags=0x0}
1 (555, 748000000) 5 {name='GPS_velocity.z', type=FLOAT64, size=8, count=1, flags=0x0}
2 (555, 748000000) 0 {name='relativeLinearAcceleration.x', type=FLOAT64, size=8, count=1, flags=0x0}
2 (555, 748000000) 1 {name='relativeLinearAcceleration.y', type=FLOAT64, size=8, count=1, flags=0x0}
2 (555, 748000000) 2 {name='relativeLinearAcceleration.z', type=FLOAT64, size=8, count=1, flags=0x0}
2 (555, 748000000) 3 {name='relativeAngularAcceleration.x', type=FLOAT64, size=8, count=1, flags=0x0}
2 (555, 748000000) 4 {name='relativeAngularAcceleration.y', type=FLOAT64, size=8, count=1, flags=0x0}
2 (555, 748000000) 5 {name='relativeAngularAcceleration.z', type=FLOAT64, size=8, count=1, flags=0x0}
2 (555, 748000000) 6 {name='relativeLinearVelocity.x', type=FLOAT64, size=8, count=1, flags=0x0}
2 (555, 748000000) 7 {name='relativeLinearVelocity.y', type=FLOAT64, size=8, count=1, flags=0x0}
2 (555, 748000000) 8 {name='relativeLinearVelocity.z', type=FLOAT64, size=8, count=1, flags=0x0}
2 (555, 748000000) 9 {name='relativeAngularVelocity.x', type=FLOAT64, size=8, count=1, flags=0x0}
2 (555, 748000000) 10 {name='relativeAngularVelocity.y', type=FLOAT64, size=8, count=1, flags=0x0}
2 (555, 748000000) 11 {name='relativeAngularVelocity.z', type=FLOAT64, size=8, count=1, flags=0x0}
2 (555, 748000000) 12 {name='worldLinearVelocity.x', type=FLOAT64, size=8, count=1, flags=0x0}
2 (555, 748000000) 13 {name='worldLinearVelocity.y', type=FLOAT64, size=8, count=1, flags=0x0}
2 (555, 748000000) 14 {name='worldLinearVelocity.z', type=FLOAT64, size=8, count=1, flags=0x0}
2 (555, 748000000) 15 {name='worldPosition.x', type=FLOAT64, size=8, count=1, flags=0x0}
2 (555, 748000000) 16 {name='worldPosition.y', type=FLOAT64, size=8, count=1, flags=0x0}
2 (555, 748000000) 17 {name='worldPosition.z', type=FLOAT64, size=8, count=1, flags=0x0}
2 (555, 748000000) 18 {name='worldAttitude.x', type=FLOAT64, size=8, count=1, flags=0x0}
2 (555, 748000000) 19 {name='worldAttitude.y', type=FLOAT64, size=8, count=1, flags=0x0}
2 (555, 748000000) 20 {name='worldAttitude.z', type=FLOAT64, size=8, count=1, flags=0x0}
2 (555, 748000000) 21 {name='worldPressure', type=FLOAT64, size=8, count=1, flags=0x0}
2 (555, 748000000) 22 {name='worldTemperature', type=FLOAT64, size=8, count=1, flags=0x0}
2 (555, 748000000) 23 {name='lastCollisionTime', type=FLOAT64, size=8, count=1, flags=0x0}
3 (555, 748000000) 0 {name='GPS_spherical.x', type=FLOAT64, size=8, count=1, flags=0x0}
3 (555, 748000000) 1 {name='GPS_spherical.y', type=FLOAT64, size=8, count=1, flags=0x0}
3 (555, 748000000) 2 {name='GPS_spherical.z', type=FLOAT64, size=8, count=1, flags=0x0}
3 (555, 748000000) 3 {name='GPS_velocity.x', type=FLOAT64, size=8, count=1, flags=0x0}
3 (555, 748000000) 4 {name='GPS_velocity.y', type=FLOAT64, size=8, count=1, flags=0x0}
3 (555, 748000000) 5 {name='GPS_velocity.z', type=FLOAT64, size=8, count=1, flags=0x0}
4 (555, 748000000) 0 {name='relativeLinearAcceleration.x', type=FLOAT64, size=8, count=1, flags=0x0}
4 (555, 748000000) 1 {name='relativeLinearAcceleration.y', type=FLOAT64, size=8, count=1, flags=0x0}
4 (555, 748000000) 2 {name='relativeLinearAcceleration.z', type=FLOAT64, size=8, count=1, flags=0x0}
4 (555, 748000000) 3 {name='relativeAngularAcceleration.x', type=FLOAT64, size=8, count=1, flags=0x0}
4 (555, 748000000) 4 {name='relativeAngularAcceleration.y', type=FLOAT64, size=8, count=1, flags=0x0}
4 (555, 748000000) 5 {name='relativeAngularAcceleration.z', type=FLOAT64, size=8, count=1, flags=0x0}
4 (555, 748000000) 6 {name='relativeLinearVelocity.x', type=FLOAT64, size=8, count=1, flags=0x0}
4 (555, 748000000) 7 {name='relativeLinearVelocity.y', type=FLOAT64, size=8, count=1, flags=0x0}
4 (555, 748000000) 8 {name='relativeLinearVelocity.z', type=FLOAT64, size=8, count=1, flags=0x0}
4 (555, 748000000) 9 {name='relativeAngularVelocity.x', type=FLOAT64, size=8, count=1, flags=0x0}
4 (555, 748000000) 10 {name='relativeAngularVelocity.y', type=FLOAT64, size=8, count=1, flags=0x0}
4 (555, 748000000) 11 {name='relativeAngularVelocity.z', type=FLOAT64, size=8, count=1, flags=0x0}
4 (555, 748000000) 12 {name='worldLinearVelocity.x', type=FLOAT64, size=8, count=1, flags=0x0}
4 (555, 748000000) 13 {name='worldLinearVelocity.y', type=FLOAT64, size=8, count=1, flags=0x0}
4 (555, 748000000) 14 {name='worldLinearVelocity.z', type=FLOAT64, size=8, count=1, flags=0x0}
4 (555, 748000000) 15 {name='worldPosition.x', type=FLOAT64, size=8, count=1, flags=0x0}
4 (555, 748000000) 16 {name='worldPosition.y', type=FLOAT64, size=8, count=1, flags=0x0}
4 (555, 748000000) 17 {name='worldPosition.z', type=FLOAT64, size=8, count=1, flags=0x0}
4 (555, 748000000) 18 {name='worldAttitude.x', type=FLOAT64, size=8, count=1, flags=0x0}
4 (555, 748000000) 19 {name='worldAttitude.y', type=FLOAT64, size=8, count=1, flags=0x0}
4 (555, 748000000) 20 {name='worldAttitude.z', type=FLOAT64, size=8, count=1, flags=0x0}
4 (555, 748000000) 21 {name='worldPressure', type=FLOAT64, size=8, count=1, flags=0x0}
4 (555, 748000000) 22 {name='worldTemperature', type=FLOAT64, size=8, count=1, flags=0x0}
4 (555, 748000000) 23 {name='lastCollisionTime', type=FLOAT64, size=8, count=1, flags=0x0}
5 (555, 748000000) 0 {name='GPS_spherical.x', type=FLOAT64, size=8, count=1, flags=0x0}
5 (555, 748000000) 1 {name='GPS_spherical.y', type=FLOAT64, size=8, count=1, flags=0x0}
5 (555, 748000000) 2 {name='GPS_spherical.z', type=FLOAT64, size=8, count=1, flags=0x0}
5 (555, 748000000) 3 {name='GPS_velocity.x', type=FLOAT64, size=8, count=1, flags=0x0}
5 (555, 748000000) 4 {name='GPS_velocity.y', type=FLOAT64, size=8, count=1, flags=0x0}
5 (555, 748000000) 5 {name='GPS_velocity.z', type=FLOAT64, size=8, count=1, flags=0x0}
6 (555, 748000000) 0 {name='current_voltage', type=FLOAT64, size=8, count=1, flags=0x0}
7 (555, 748000000) 0 {name='SysTimestamp_ns', type=UINT64, size=8, count=1, flags=0x0}
7 (555, 748000000) 1 {name='SdyTimestamp_ns', type=UINT64, size=8, count=1, flags=0x0}
7 (555, 748000000) 2 {name='SimTimestamp_ns', type=UINT64, size=8, count=1, flags=0x0}
8 (555, 749000000) 0 {name='relativeLinearAcceleration.x', type=FLOAT64, size=8, count=1, flags=0x0}
8 (555, 749000000) 1 {name='relativeLinearAcceleration.y', type=FLOAT64, size=8, count=1, flags=0x0}
8 (555, 749000000) 2 {name='relativeLinearAcceleration.z', type=FLOAT64, size=8, count=1, flags=0x0}
8 (555, 749000000) 3 {name='relativeAngularAcceleration.x', type=FLOAT64, size=8, count=1, flags=0x0}
8 (555, 749000000) 4 {name='relativeAngularAcceleration.y', type=FLOAT64, size=8, count=1, flags=0x0}
8 (555, 749000000) 5 {name='relativeAngularAcceleration.z', type=FLOAT64, size=8, count=1, flags=0x0}
8 (555, 749000000) 6 {name='relativeLinearVelocity.x', type=FLOAT64, size=8, count=1, flags=0x0}
8 (555, 749000000) 7 {name='relativeLinearVelocity.y', type=FLOAT64, size=8, count=1, flags=0x0}
8 (555, 749000000) 8 {name='relativeLinearVelocity.z', type=FLOAT64, size=8, count=1, flags=0x0}
8 (555, 749000000) 9 {name='relativeAngularVelocity.x', type=FLOAT64, size=8, count=1, flags=0x0}
8 (555, 749000000) 10 {name='relativeAngularVelocity.y', type=FLOAT64, size=8, count=1, flags=0x0}
8 (555, 749000000) 11 {name='relativeAngularVelocity.z', type=FLOAT64, size=8, count=1, flags=0x0}
8 (555, 749000000) 12 {name='worldLinearVelocity.x', type=FLOAT64, size=8, count=1, flags=0x0}
8 (555, 749000000) 13 {name='worldLinearVelocity.y', type=FLOAT64, size=8, count=1, flags=0x0}
8 (555, 749000000) 14 {name='worldLinearVelocity.z', type=FLOAT64, size=8, count=1, flags=0x0}
8 (555, 749000000) 15 {name='worldPosition.x', type=FLOAT64, size=8, count=1, flags=0x0}
8 (555, 749000000) 16 {name='worldPosition.y', type=FLOAT64, size=8, count=1, flags=0x0}
8 (555, 749000000) 17 {name='worldPosition.z', type=FLOAT64, size=8, count=1, flags=0x0}
8 (555, 749000000) 18 {name='worldAttitude.x', type=FLOAT64, size=8, count=1, flags=0x0}
8 (555, 749000000) 19 {name='worldAttitude.y', type=FLOAT64, size=8, count=1, flags=0x0}
8 (555, 749000000) 20 {name='worldAttitude.z', type=FLOAT64, size=8, count=1, flags=0x0}
8 (555, 749000000) 21 {name='worldPressure', type=FLOAT64, size=8, count=1, flags=0x0}
8 (555, 749000000) 22 {name='worldTemperature', type=FLOAT64, size=8, count=1, flags=0x0}
8 (555, 749000000) 23 {name='lastCollisionTime', type=FLOAT64, size=8, count=1, flags=0x0}
1 (556, 748000000) 0 {name='GPS_spherical.x', type=FLOAT64, size=8, count=1, flags=0x0}
1 (556, 748000000) 1 {name='GPS_spherical.y', type=FLOAT64, size=8, count=1, flags=0x0}
1 (556, 748000000) 2 {name='GPS_spherical.z', type=FLOAT64, size=8, count=1, flags=0x0}
1 (556, 748000000) 3 {name='GPS_velocity.x', type=FLOAT64, size=8, count=1, flags=0x0}
1 (556, 748000000) 4 {name='GPS_velocity.y', type=FLOAT64, size=8, count=1, flags=0x0}
1 (556, 748000000) 5 {name='GPS_velocity.z', type=FLOAT64, size=8, count=1, flags=0x0}
2 (556, 748000000) 0 {name='relativeLinearAcceleration.x', type=FLOAT64, size=8, count=1, flags=0x0}
2 (556, 748000000) 1 {name='relativeLinearAcceleration.y', type=FLOAT64, size=8, count=1, flags=0x0}
2 (556, 748000000) 2 {name='relativeLinearAcceleration.z', type=FLOAT64, size=8, count=1, flags=0x0}
2 (556, 748000000) 3 {name='relativeAngularAcceleration.x', type=FLOAT64, size=8, count=1, flags=0x0}
2 (556, 748000000) 4 {name='relativeAngularAcceleration.y', type=FLOAT64, size=8, count=1, flags=0x0}
2 (556, 748000000) 5 {name='relativeAngularAcceleration.z', type=FLOAT64, size=8, count=1, flags=0x0}
2 (556, 748000000) 6 {name='relativeLinearVelocity.x', type=FLOAT64, size=8, count=1, flags=0x0}
2 (556, 748000000) 7 {name='relativeLinearVelocity.y', type=FLOAT64, size=8, count=1, flags=0x0}
2 (556, 748000000) 8 {name='relativeLinearVelocity.z', type=FLOAT64, size=8, count=1, flags=0x0}
2 (556, 748000000) 9 {name='relativeAngularVelocity.x', type=FLOAT64, size=8, count=1, flags=0x0}
2 (556, 748000000) 10 {name='relativeAngularVelocity.y', type=FLOAT64, size=8, count=1, flags=0x0}
2 (556, 748000000) 11 {name='relativeAngularVelocity.z', type=FLOAT64, size=8, count=1, flags=0x0}
2 (556, 748000000) 12 {name='worldLinearVelocity.x', type=FLOAT64, size=8, count=1, flags=0x0}
2 (556, 748000000) 13 {name='worldLinearVelocity.y', type=FLOAT64, size=8, count=1, flags=0x0}
2 (556, 748000000) 14 {name='worldLinearVelocity.z', type=FLOAT64, size=8, count=1, flags=0x0}
2 (556, 748000000) 15 {name='worldPosition.x', type=FLOAT64, size=8, count=1, flags=0x0}
2 (556, 748000000) 16 {name='worldPosition.y', type=FLOAT64, size=8, count=1, flags=0x0}
2 (556, 748000000) 17 {name='worldPosition.z', type=FLOAT64, size=8, count=1, flags=0x0}
2 (556, 748000000) 18 {name='worldAttitude.x', type=FLOAT64, size=8, count=1, flags=0x0}
2 (556, 748000000) 19 {name='worldAttitude.y', type=FLOAT64, size=8, count=1, flags=0x0}
2 (556, 748000000) 20 {name='worldAttitude.z', type=FLOAT64, size=8, count=1, flags=0x0}
2 (556, 748000000) 21 {name='worldPressure', type=FLOAT64, size=8, count=1, flags=0x0}
2 (556, 748000000) 22 {name='worldTemperature', type=FLOAT64, size=8, count=1, flags=0x0}
2 (556, 748000000) 23 {name='lastCollisionTime', type=FLOAT64, size=8, count=1, flags=0x0}
3 (556, 748000000) 0 {name='GPS_spherical.x', type=FLOAT64, size=8, count=1, flags=0x0}
3 (556, 748000000) 1 {name='GPS_spherical.y', type=FLOAT64, size=8, count=1, flags=0x0}
3 (556, 748000000) 2 {name='GPS_spherical.z', type=FLOAT64, size=8, count=1, flags=0x0}
3 (556, 748000000) 3 {name='GPS_velocity.x', type=FLOAT64, size=8, count=1, flags=0x0}
3 (556, 748000000) 4 {name='GPS_velocity.y', type=FLOAT64, size=8, count=1, flags=0x0}
3 (556, 748000000) 5 {name='GPS_velocity.z', type=FLOAT64, size=8, count=1, flags=0x0}
4 (556, 748000000) 0 {name='relativeLinearAcceleration.x', type=FLOAT64, size=8, count=1, flags=0x0}
4 (556, 748000000) 1 {name='relativeLinearAcceleration.y', type=FLOAT64, size=8, count=1, flags=0x0}
4 (556, 748000000) 2 {name='relativeLinearAcceleration.z', type=FLOAT64, size=8, count=1, flags=0x0}
4 (556, 748000000) 3 {name='relativeAngularAcceleration.x', type=FLOAT64, size=8, count=1, flags=0x0}
4 (556, 748000000) 4 {name='relativeAngularAcceleration.y', type=FLOAT64, size=8, count=1, flags=0x0}
4 (556, 748000000) 5 {name='relativeAngularAcceleration.z', type=FLOAT64, size=8, count=1, flags=0x0}
4 (556, 748000000) 6 {name='relativeLinearVelocity.x', type=FLOAT64, size=8, count=1, flags=0x0}
4 (556, 748000000) 7 {name='relativeLinearVelocity.y', type=FLOAT64, size=8, count=1, flags=0x0}
4 (556, 748000000) 8 {name='relativeLinearVelocity.z', type=FLOAT64, size=8, count=1, flags=0x0}
4 (556, 748000000) 9 {name='relativeAngularVelocity.x', type=FLOAT64, size=8, count=1, flags=0x0}
4 (556, 748000000) 10 {name='relativeAngularVelocity.y', type=FLOAT64, size=8, count=1, flags=0x0}
4 (556, 748000000) 11 {name='relativeAngularVelocity.z', type=FLOAT64, size=8, count=1, flags=0x0}
4 (556, 748000000) 12 {name='worldLinearVelocity.x', type=FLOAT64, size=8, count=1, flags=0x0}
4 (556, 748000000) 13 {name='worldLinearVelocity.y', type=FLOAT64, size=8, count=1, flags=0x0}
4 (556, 748000000) 14 {name='worldLinearVelocity.z', type=FLOAT64, size=8, count=1, flags=0x0}
4 (556, 748000000) 15 {name='worldPosition.x', type=FLOAT64, size=8, count=1, flags=0x0}
4 (556, 748000000) 16 {name='worldPosition.y', type=FLOAT64, size=8, count=1, flags=0x0}
4 (556, 748000000) 17 {name='worldPosition.z', type=FLOAT64, size=8, count=1, flags=0x0}
4 (556, 748000000) 18 {name='worldAttitude.x', type=FLOAT64, size=8, count=1, flags=0x0}
4 (556, 748000000) 19 {name='worldAttitude.y', type=FLOAT64, size=8, count=1, flags=0x0}
4 (556, 748000000) 20 {name='worldAttitude.z', type=FLOAT64, size=8, count=1, flags=0x0}
4 (556, 748000000) 21 {name='worldPressure', type=FLOAT64, size=8, count=1, flags=0x0}
4 (556, 748000000) 22 {name='worldTemperature', type=FLOAT64, size=8, count=1, flags=0x0}
4 (556, 748000000) 23 {name='lastCollisionTime', type=FLOAT64, size=8, count=1, flags=0x0}
5 (556, 748000000) 0 {name='GPS_spherical.x', type=FLOAT64, size=8, count=1, flags=0x0}
5 (556, 748000000) 1 {name='GPS_spherical.y', type=FLOAT64, size=8, count=1, flags=0x0}
5 (556, 748000000) 2 {name='GPS_spherical.z', type=FLOAT64, size=8, count=1, flags=0x0}
5 (556, 748000000) 3 {name='GPS_velocity.x', type=FLOAT64, size=8, count=1, flags=0x0}
5 (556, 748000000) 4 {name='GPS_velocity.y', type=FLOAT64, size=8, count=1, flags=0x0}
5 (556, 748000000) 5 {name='GPS_velocity.z', type=FLOAT64, size=8, count=1, flags=0x0}
6 (556, 748000000) 0 {name='current_voltage', type=FLOAT64, size=8, count=1, flags=0x0}
7 (556, 748000000) 0 {name='SysTimestamp_ns', type=UINT64, size=8, count=1, flags=0x0}
7 (556, 748000000) 1 {name='SdyTimestamp_ns', type=UINT64, size=8, count=1, flags=0x0}
7 (556, 748000000) 2 {name='SimTimestamp_ns', type=UINT64, size=8, count=1, flags=0x0}
8 (556, 749000000) 0 {name='relativeLinearAcceleration.x', type=FLOAT64, size=8, count=1, flags=0x0}
8 (556, 749000000) 1 {name='relativeLinearAcceleration.y', type=FLOAT64, size=8, count=1, flags=0x0}
8 (556, 749000000) 2 {name='relativeLinearAcceleration.z', type=FLOAT64, size=8, count=1, flags=0x0}
8 (556, 749000000) 3 {name='relativeAngularAcceleration.x', type=FLOAT64, size=8, count=1, flags=0x0}
8 (556, 749000000) 4 {name='relativeAngularAcceleration.y', type=FLOAT64, size=8, count=1, flags=0x0}
8 (556, 749000000) 5 {name='relativeAngularAcceleration.z', type=FLOAT64, size=8, count=1, flags=0x0}
8 (556, 749000000) 6 {name='relativeLinearVelocity.x', type=FLOAT64, size=8, count=1, flags=0x0}
8 (556, 749000000) 7 {name='relativeLinearVelocity.y', type=FLOAT64, size=8, count=1, flags=0x0}
8 (556, 749000000) 8 {name='relativeLinearVelocity.z', type=FLOAT64, size=8, count=1, flags=0x0}
8 (556, 749000000) 9 {name='relativeAngularVelocity.x', type=FLOAT64, size=8, count=1, flags=0x0}
8 (556, 749000000) 10 {name='relativeAngularVelocity.y', type=FLOAT64, size=8, count=1, flags=0x0}
8 (556, 749000000) 11 {name='relativeAngularVelocity.z', type=FLOAT64, size=8, count=1, flags=0x0}
8 (556, 749000000) 12 {name='worldLinearVelocity.x', type=FLOAT64, size=8, count=1, flags=0x0}
8 (556, 749000000) 13 {name='worldLinearVelocity.y', type=FLOAT64, size=8, count=1, flags=0x0}
8 (556, 749000000) 14 {name='worldLinearVelocity.z', type=FLOAT64, size=8, count=1, flags=0x0}
8 (556, 749000000) 15 {name='worldPosition.x', type=FLOAT64, size=8, count=1, flags=0x0}
8 (556, 749000000) 16 {name='worldPosition.y', type=FLOAT64, size=8, count=1, flags=0x0}
8 (556, 749000000) 17 {name='worldPosition.z', type=FLOAT64, size=8, count=1, flags=0x0}
8 (556, 749000000) 18 {name='worldAttitude.x', type=FLOAT64, size=8, count=1, flags=0x0}
8 (556, 749000000) 19 {name='worldAttitude.y', type=FLOAT64, size=8, count=1, flags=0x0}
8 (556, 749000000) 20 {name='worldAttitude.z', type=FLOAT64, size=8, count=1, flags=0x0}
8 (556, 749000000) 21 {name='worldPressure', type=FLOAT64, size=8, count=1, flags=0x0}
8 (556, 749000000) 22 {name='worldTemperature', type=FLOAT64, size=8, count=1, flags=0x0}
8 (556, 749000000) 23 {name='lastCollisionTime', type=FLOAT64, size=8, count=1, flags=0x0}
1 (557, 748000000) 0 {name='GPS_spherical.x', type=FLOAT64, size=8, count=1, flags=0x0}
1 (557, 748000000) 1 {name='GPS_spherical.y', type=FLOAT64, size=8, count=1, flags=0x0}
1 (557, 748000000) 2 {name='GPS_spherical.z', type=FLOAT64, size=8, count=1, flags=0x0}
1 (557, 748000000) 3 {name='GPS_velocity.x', type=FLOAT64, size=8, count=1, flags=0x0}
1 (557, 748000000) 4 {name='GPS_velocity.y', type=FLOAT64, size=8, count=1, flags=0x0}
1 (557, 748000000) 5 {name='GPS_velocity.z', type=FLOAT64, size=8, count=1, flags=0x0}
2 (557, 748000000) 0 {name='relativeLinearAcceleration.x', type=FLOAT64, size=8, count=1, flags=0x0}
2 (557, 748000000) 1 {name='relativeLinearAcceleration.y', type=FLOAT64, size=8, count=1, flags=0x0}
2 (557, 748000000) 2 {name='relativeLinearAcceleration.z', type=FLOAT64, size=8, count=1, flags=0x0}
2 (557, 748000000) 3 {name='relativeAngularAcceleration.x', type=FLOAT64, size=8, count=1, flags=0x0}
2 (557, 748000000) 4 {name='relativeAngularAcceleration.y', type=FLOAT64, size=8, count=1, flags=0x0}
2 (557, 748000000) 5 {name='relativeAngularAcceleration.z', type=FLOAT64, size=8, count=1, flags=0x0}
2 (557, 748000000) 6 {name='relativeLinearVelocity.x', type=FLOAT64, size=8, count=1, flags=0x0}
2 (557, 748000000) 7 {name='relativeLinearVelocity.y', type=FLOAT64, size=8, count=1, flags=0x0}
2 (557, 748000000) 8 {name='relativeLinearVelocity.z', type=FLOAT64, size=8, count=1, flags=0x0}
2 (557, 748000000) 9 {name='relativeAngularVelocity.x', type=FLOAT64, size=8, count=1, flags=0x0}
2 (557, 748000000) 10 {name='relativeAngularVelocity.y', type=FLOAT64, size=8, count=1, flags=0x0}
2 (557, 748000000) 11 {name='relativeAngularVelocity.z', type=FLOAT64, size=8, count=1, flags=0x0}
2 (557, 748000000) 12 {name='worldLinearVelocity.x', type=FLOAT64, size=8, count=1, flags=0x0}
2 (557, 748000000) 13 {name='worldLinearVelocity.y', type=FLOAT64, size=8, count=1, flags=0x0}
2 (557, 748000000) 14 {name='worldLinearVelocity.z', type=FLOAT64, size=8, count=1, flags=0x0}
2 (557, 748000000) 15 {name='worldPosition.x', type=FLOAT64, size=8, count=1, flags=0x0}
2 (557, 748000000) 16 {name='worldPosition.y', type=FLOAT64, size=8, count=1, flags=0x0}
2 (557, 748000000) 17 {name='worldPosition.z', type=FLOAT64, size=8, count=1, flags=0x0}
2 (557, 748000000) 18 {name='worldAttitude.x', type=FLOAT64, size=8, count=1, flags=0x0}
2 (557, 748000000) 19 {name='worldAttitude.y', type=FLOAT64, size=8, count=1, flags=0x0}
2 (557, 748000000) 20 {name='worldAttitude.z', type=FLOAT64, size=8, count=1, flags=0x0}
2 (557, 748000000) 21 {name='worldPressure', type=FLOAT64, size=8, count=1, flags=0x0}
2 (557, 748000000) 22 {name='worldTemperature', type=FLOAT64, size=8, count=1, flags=0x0}
2 (557, 748000000) 23 {name='lastCollisionTime', type=FLOAT64, size=8, count=1, flags=0x0}
3 (557, 748000000) 0 {name='GPS_spherical.x', type=FLOAT64, size=8, count=1, flags=0x0}
3 (557, 748000000) 1 {name='GPS_spherical.y', type=FLOAT64, size=8, count=1, flags=0x0}
3 (557, 748000000) 2 {name='GPS_spherical.z', type=FLOAT64, size=8, count=1, flags=0x0}
3 (557, 748000000) 3 {name='GPS_velocity.x', type=FLOAT64, size=8, count=1, flags=0x0}
3 (557, 748000000) 4 {name='GPS_velocity.y', type=FLOAT64, size=8, count=1, flags=0x0}
3 (557, 748000000) 5 {name='GPS_velocity.z', type=FLOAT64, size=8, count=1, flags=0x0}
4 (557, 748000000) 0 {name='relativeLinearAcceleration.x', type=FLOAT64, size=8, count=1, flags=0x0}
4 (557, 748000000) 1 {name='relativeLinearAcceleration.y', type=FLOAT64, size=8, count=1, flags=0x0}
4 (557, 748000000) 2 {name='relativeLinearAcceleration.z', type=FLOAT64, size=8, count=1, flags=0x0}
4 (557, 748000000) 3 {name='relativeAngularAcceleration.x', type=FLOAT64, size=8, count=1, flags=0x0}
4 (557, 748000000) 4 {name='relativeAngularAcceleration.y', type=FLOAT64, size=8, count=1, flags=0x0}
4 (557, 748000000) 5 {name='relativeAngularAcceleration.z', type=FLOAT64, size=8, count=1, flags=0x0}
4 (557, 748000000) 6 {name='relativeLinearVelocity.x', type=FLOAT64, size=8, count=1, flags=0x0}
4 (557, 748000000) 7 {name='relativeLinearVelocity.y', type=FLOAT64, size=8, count=1, flags=0x0}
4 (557, 748000000) 8 {name='relativeLinearVelocity.z', type=FLOAT64, size=8, count=1, flags=0x0}
4 (557, 748000000) 9 {name='relativeAngularVelocity.x', type=FLOAT64, size=8, count=1, flags=0x0}
4 (557, 748000000) 10 {name='relativeAngularVelocity.y', type=FLOAT64, size=8, count=1, flags=0x0}
4 (557, 748000000) 11 {name='relativeAngularVelocity.z', type=FLOAT64, size=8, count=1, flags=0x0}
4 (557, 748000000) 12 {name='worldLinearVelocity.x', type=FLOAT64, size=8, count=1, flags=0x0}
4 (557, 748000000) 13 {name='worldLinearVelocity.y', type=FLOAT64, size=8, count=1, flags=0x0}
4 (557, 748000000) 14 {name='worldLinearVelocity.z', type=FLOAT64, size=8, count=1, flags=0x0}
4 (557, 748000000) 15 {name='worldPosition.x', type=FLOAT64, size=8, count=1, flags=0x0}
4 (557, 748000000) 16 {name='worldPosition.y', type=FLOAT64, size=8, count=1, flags=0x0}
4 (557, 748000000) 17 {name='worldPosition.z', type=FLOAT64, size=8, count=1, flags=0x0}
4 (557, 748000000) 18 {name='worldAttitude.x', type=FLOAT64, size=8, count=1, flags=0x0}
4 (557, 748000000) 19 {name='worldAttitude.y', type=FLOAT64, size=8, count=1, flags=0x0}
4 (557, 748000000) 20 {name='worldAttitude.z', type=FLOAT64, size=8, count=1, flags=0x0}
4 (557, 748000000) 21 {name='worldPressure', type=FLOAT64, size=8, count=1, flags=0x0}
4 (557, 748000000) 22 {name='worldTemperature', type=FLOAT64, size=8, count=1, flags=0x0}
4 (557, 748000000) 23 {name='lastCollisionTime', type=FLOAT64, size=8, count=1, flags=0x0}
5 (557, 748000000) 0 {name='GPS_spherical.x', type=FLOAT64, size=8, count=1, flags=0x0}
5 (557, 748000000) 1 {name='GPS_spherical.y', type=FLOAT64, size=8, count=1, flags=0x0}
5 (557, 748000000) 2 {name='GPS_spherical.z', type=FLOAT64, size=8, count=1, flags=0x0}
5 (557, 748000000) 3 {name='GPS_velocity.x', type=FLOAT64, size=8, count=1, flags=0x0}
5 (557, 748000000) 4 {name='GPS_velocity.y', type=FLOAT64, size=8, count=1, flags=0x0}
5 (557, 748000000) 5 {name='GPS_velocity.z', type=FLOAT64, size=8, count=1, flags=0x0}
6 (557, 748000000) 0 {name='current_voltage', type=FLOAT64, size=8, count=1, flags=0x0}
7 (557, 748000000) 0 {name='SysTimestamp_ns', type=UINT64, size=8, count=1, flags=0x0}
7 (557, 748000000) 1 {name='SdyTimestamp_ns', type=UINT64, size=8, count=1, flags=0x0}
7 (557, 748000000) 2 {name='SimTimestamp_ns', type=UINT64, size=8, count=1, flags=0x0}
8 (557, 749000000) 0 {name='relativeLinearAcceleration.x', type=FLOAT64, size=8, count=1, flags=0x0}
8 (557, 749000000) 1 {name='relativeLinearAcceleration.y', type=FLOAT64, size=8, count=1, flags=0x0}
8 (557, 749000000) 2 {name='relativeLinearAcceleration.z', type=FLOAT64, size=8, count=1, flags=0x0}
8 (557, 749000000) 3 {name='relativeAngularAcceleration.x', type=FLOAT64, size=8, count=1, flags=0x0}
8 (557, 749000000) 4 {name='relativeAngularAcceleration.y', type=FLOAT64, size=8, count=1, flags=0x0}
8 (557, 749000000) 5 {name='relativeAngularAcceleration.z', type=FLOAT64, size=8, count=1, flags=0x0}
8 (557, 749000000) 6 {name='relativeLinearVelocity.x', type=FLOAT64, size=8, count=1, flags=0x0}
8 (557, 749000000) 7 {name='relativeLinearVelocity.y', type=FLOAT64, size=8, count=1, flags=0x0}
8 (557, 749000000) 8 {name='relativeLinearVelocity.z', type=FLOAT64, size=8, count=1, flags=0x0}
8 (557, 749000000) 9 {name='relativeAngularVelocity.x', type=FLOAT64, size=8, count=1, flags=0x0}
8 (557, 749000000) 10 {name='relativeAngularVelocity.y', type=FLOAT64, size=8, count=1, flags=0x0}
8 (557, 749000000) 11 {name='relativeAngularVelocity.z', type=FLOAT64, size=8, count=1, flags=0x0}
8 (557, 749000000) 12 {name='worldLinearVelocity.x', type=FLOAT64, size=8, count=1, flags=0x0}
8 (557, 749000000) 13 {name='worldLinearVelocity.y', type=FLOAT64, size=8, count=1, flags=0x0}
8 (557, 749000000) 14 {name='worldLinearVelocity.z', type=FLOAT64, size=8, count=1, flags=0x0}
8 (557, 749000000) 15 {name='worldPosition.x', type=FLOAT64, size=8, count=1, flags=0x0}
8 (557, 749000000) 16 {name='worldPosition.y', type=FLOAT64, size=8, count=1, flags=0x0}
8 (557, 749000000) 17 {name='worldPosition.z', type=FLOAT64, size=8, count=1, flags=0x0}
8 (557, 749000000) 18 {name='worldAttitude.x', type=FLOAT64, size=8, count=1, flags=0x0}
8 (557, 749000000) 19 {name='worldAttitude.y', type=FLOAT64, size=8, count=1, flags=0x0}
8 (557, 749000000) 20 {name='worldAttitude.z', type=FLOAT64, size=8, count=1, flags=0x0}
8 (557, 749000000) 21 {name='worldPressure', type=FLOAT64, size=8, count=1, flags=0x0}
8 (557, 749000000) 22 {name='worldTemperature', type=FLOAT64, size=8, count=1, flags=0x0}
8 (557, 749000000) 23 {name='lastCollisionTime', type=FLOAT64, size=8, count=1, flags=0x0}
1 (558, 748000000) 0 {name='GPS_spherical.x', type=FLOAT64, size=8, count=1, flags=0x0}
1 (558, 748000000) 1 {name='GPS_spherical.y', type=FLOAT64, size=8, count=1, flags=0x0}
1 (558, 748000000) 2 {name='GPS_spherical.z', type=FLOAT64, size=8, count=1, flags=0x0}
1 (558, 748000000) 3 {name='GPS_velocity.x', type=FLOAT64, size=8, count=1, flags=0x0}
1 (558, 748000000) 4 {name='GPS_velocity.y', type=FLOAT64, size=8, count=1, flags=0x0}
1 (558, 748000000) 5 {name='GPS_velocity.z', type=FLOAT64, size=8, count=1, flags=0x0}
2 (558, 748000000) 0 {name='relativeLinearAcceleration.x', type=FLOAT64, size=8, count=1, flags=0x0}
2 (558, 748000000) 1 {name='relativeLinearAcceleration.y', type=FLOAT64, size=8, count=1, flags=0x0}
2 (558, 748000000) 2 {name='relativeLinearAcceleration.z', type=FLOAT64, size=8, count=1, flags=0x0}
2 (558, 748000000) 3 {name='relativeAngularAcceleration.x', type=FLOAT64, size=8, count=1, flags=0x0}
2 (558, 748000000) 4 {name='relativeAngularAcceleration.y', type=FLOAT64, size=8, count=1, flags=0x0}
2 (558, 748000000) 5 {name='relativeAngularAcceleration.z', type=FLOAT64, size=8, count=1, flags=0x0}
2 (558, 748000000) 6 {name='relativeLinearVelocity.x', type=FLOAT64, size=8, count=1, flags=0x0}
2 (558, 748000000) 7 {name='relativeLinearVelocity.y', type=FLOAT64, size=8, count=1, flags=0x0}
2 (558, 748000000) 8 {name='relativeLinearVelocity.z', type=FLOAT64, size=8, count=1, flags=0x0}
2 (558, 748000000) 9 {name='relativeAngularVelocity.x', type=FLOAT64, size=8, count=1, flags=0x0}
2 (558, 748000000) 10 {name='relativeAngularVelocity.y', type=FLOAT64, size=8, count=1, flags=0x0}
2 (558, 748000000) 11 {name='relativeAngularVelocity.z', type=FLOAT64, size=8, count=1, flags=0x0}
2 (558, 748000000) 12 {name='worldLinearVelocity.x', type=FLOAT64, size=8, count=1, flags=0x0}
2 (558, 748000000) 13 {name='worldLinearVelocity.y', type=FLOAT64, size=8, count=1, flags=0x0}
2 (558, 748000000) 14 {name='worldLinearVelocity.z', type=FLOAT64, size=8, count=1, flags=0x0}
2 (558, 748000000) 15 {name='worldPosition.x', type=FLOAT64, size=8, count=1, flags=0x0}
2 (558, 748000000) 16 {name='worldPosition.y', type=FLOAT64, size=8, count=1, flags=0x0}
2 (558, 748000000) 17 {name='worldPosition.z', type=FLOAT64, size=8, count=1, flags=0x0}
2 (558, 748000000) 18 {name='worldAttitude.x', type=FLOAT64, size=8, count=1, flags=0x0}
2 (558, 748000000) 19 {name='worldAttitude.y', type=FLOAT64, size=8, count=1, flags=0x0}
2 (558, 748000000) 20 {name='worldAttitude.z', type=FLOAT64, size=8, count=1, flags=0x0}
2 (558, 748000000) 21 {name='worldPressure', type=FLOAT64, size=8, count=1, flags=0x0}
2 (558, 748000000) 22 {name='worldTemperature', type=FLOAT64, size=8, count=1, flags=0x0}
2 (558, 748000000) 23 {name='lastCollisionTime', type=FLOAT64, size=8, count=1, flags=0x0}
3 (558, 748000000) 0 {name='GPS_spherical.x', type=FLOAT64, size=8, count=1, flags=0x0}
3 (558, 748000000) 1 {name='GPS_spherical.y', type=FLOAT64, size=8, count=1, flags=0x0}
3 (558, 748000000) 2 {name='GPS_spherical.z', type=FLOAT64, size=8, count=1, flags=0x0}
3 (558, 748000000) 3 {name='GPS_velocity.x', type=FLOAT64, size=8, count=1, flags=0x0}
3 (558, 748000000) 4 {name='GPS_velocity.y', type=FLOAT64, size=8, count=1, flags=0x0}
3 (558, 748000000) 5 {name='GPS_velocity.z', type=FLOAT64, size=8, count=1, flags=0x0}
4 (558, 748000000) 0 {name='relativeLinearAcceleration.x', type=FLOAT64, size=8, count=1, flags=0x0}
4 (558, 748000000) 1 {name='relativeLinearAcceleration.y', type=FLOAT64, size=8, count=1, flags=0x0}
4 (558, 748000000) 2 {name='relativeLinearAcceleration.z', type=FLOAT64, size=8, count=1, flags=0x0}
4 (558, 748000000) 3 {name='relativeAngularAcceleration.x', type=FLOAT64, size=8, count=1, flags=0x0}
4 (558, 748000000) 4 {name='relativeAngularAcceleration.y', type=FLOAT64, size=8, count=1, flags=0x0}
4 (558, 748000000) 5 {name='relativeAngularAcceleration.z', type=FLOAT64, size=8, count=1, flags=0x0}
4 (558, 748000000) 6 {name='relativeLinearVelocity.x', type=FLOAT64, size=8, count=1, flags=0x0}
4 (558, 748000000) 7 {name='relativeLinearVelocity.y', type=FLOAT64, size=8, count=1, flags=0x0}
4 (558, 748000000) 8 {name='relativeLinearVelocity.z', type=FLOAT64, size=8, count=1, flags=0x0}
4 (558, 748000000) 9 {name='relativeAngularVelocity.x', type=FLOAT64, size=8, count=1, flags=0x0}
4 (558, 748000000) 10 {name='relativeAngularVelocity.y', type=FLOAT64, size=8, count=1, flags=0x0}
4 (558, 748000000) 11 {name='relativeAngularVelocity.z', type=FLOAT64, size=8, count=1, flags=0x0}
4 (558, 748000000) 12 {name='worldLinearVelocity.x', type=FLOAT64, size=8, count=1, flags=0x0}
4 (558, 748000000) 13 {name='worldLinearVelocity.y', type=FLOAT64, size=8, count=1, flags=0x0}
4 (558, 748000000) 14 {name='worldLinearVelocity.z', type=FLOAT64, size=8, count=1, flags=0x0}
4 (558, 748000000) 15 {name='worldPosition.x', type=FLOAT64, size=8, count=1, flags=0x0}
4 (558, 748000000) 16 {name='worldPosition.y', type=FLOAT64, size=8, count=1, flags=0x0}
4 (558, 748000000) 17 {name='worldPosition.z', type=FLOAT64, size=8, count=1, flags=0x0}
4 (558, 748000000) 18 {name='worldAttitude.x', type=FLOAT64, size=8, count=1, flags=0x0}
4 (558, 748000000) 19 {name='worldAttitude.y', type=FLOAT64, size=8, count=1, flags=0x0}
4 (558, 748000000) 20 {name='worldAttitude.z', type=FLOAT64, size=8, count=1, flags=0x0}
4 (558, 748000000) 21 {name='worldPressure', type=FLOAT64, size=8, count=1, flags=0x0}
4 (558, 748000000) 22 {name='worldTemperature', type=FLOAT64, size=8, count=1, flags=0x0}
4 (558, 748000000) 23 {name='lastCollisionTime', type=FLOAT64, size=8, count=1, flags=0x0}
5 (558, 748000000) 0 {name='GPS_spherical.x', type=FLOAT64, size=8, count=1, flags=0x0}
5 (558, 748000000) 1 {name='GPS_spherical.y', type=FLOAT64, size=8, count=1, flags=0x0}
5 (558, 748000000) 2 {name='GPS_spherical.z', type=FLOAT64, size=8, count=1, flags=0x0}
5 (558, 748000000) 3 {name='GPS_velocity.x', type=FLOAT64, size=8, count=1, flags=0x0}
5 (558, 748000000) 4 {name='GPS_velocity.y', type=FLOAT64, size=8, count=1, flags=0x0}
5 (558, 748000000) 5 {name='GPS_velocity.z', type=FLOAT64, size=8, count=1, flags=0x0}
6 (558, 748000000) 0 {name='current_voltage', type=FLOAT64, size=8, count=1, flags=0x0}
7 (558, 748000000) 0 {name='SysTimestamp_ns', type=UINT64, size=8, count=1, flags=0x0}
7 (558, 748000000) 1 {name='SdyTimestamp_ns', type=UINT64, size=8, count=1, flags=0x0}
7 (558, 748000000) 2 {name='SimTimestamp_ns', type=UINT64, size=8, count=1, flags=0x0}
8 (558, 749000000) 0 {name='relativeLinearAcceleration.x', type=FLOAT64, size=8, count=1, flags=0x0}
8 (558, 749000000) 1 {name='relativeLinearAcceleration.y', type=FLOAT64, size=8, count=1, flags=0x0}
8 (558, 749000000) 2 {name='relativeLinearAcceleration.z', type=FLOAT64, size=8, count=1, flags=0x0}
8 (558, 749000000) 3 {name='relativeAngularAcceleration.x', type=FLOAT64, size=8, count=1, flags=0x0}
8 (558, 749000000) 4 {name='relativeAngularAcceleration.y', type=FLOAT64, size=8, count=1, flags=0x0}
8 (558, 749000000) 5 {name='relativeAngularAcceleration.z', type=FLOAT64, size=8, count=1, flags=0x0}
8 (558, 749000000) 6 {name='relativeLinearVelocity.x', type=FLOAT64, size=8, count=1, flags=0x0}
8 (558, 749000000) 7 {name='relativeLinearVelocity.y', type=FLOAT64, size=8, count=1, flags=0x0}
8 (558, 749000000) 8 {name='relativeLinearVelocity.z', type=FLOAT64, size=8, count=1, flags=0x0}
8 (558, 749000000) 9 {name='relativeAngularVelocity.x', type=FLOAT64, size=8, count=1, flags=0x0}
8 (558, 749000000) 10 {name='relativeAngularVelocity.y', type=FLOAT64, size=8, count=1, flags=0x0}
8 (558, 749000000) 11 {name='relativeAngularVelocity.z', type=FLOAT64, size=8, count=1, flags=0x0}
8 (558, 749000000) 12 {name='worldLinearVelocity.x', type=FLOAT64, size=8, count=1, flags=0x0}
8 (558, 749000000) 13 {name='worldLinearVelocity.y', type=FLOAT64, size=8, count=1, flags=0x0}
8 (558, 749000000) 14 {name='worldLinearVelocity.z', type=FLOAT64, size=8, count=1, flags=0x0}
8 (558, 749000000) 15 {name='worldPosition.x', type=FLOAT64, size=8, count=1, flags=0x0}
8 (558, 749000000) 16 {name='worldPosition.y', type=FLOAT64, size=8, count=1, flags=0x0}
8 (558, 749000000) 17 {name='worldPosition.z', type=FLOAT64, size=8, count=1, flags=0x0}
8 (558, 749000000) 18 {name='worldAttitude.x', type=FLOAT64, size=8, count=1, flags=0x0}
8 (558, 749000000) 19 {name='worldAttitude.y', type=FLOAT64, size=8, count=1, flags=0x0}
8 (558, 749000000) 20 {name='worldAttitude.z', type=FLOAT64, size=8, count=1, flags=0x0}
8 (558, 749000000) 21 {name='worldPressure', type=FLOAT64, size=8, count=1, flags=0x0}
8 (558, 749000000) 22 {name='worldTemperature', type=FLOAT64, size=8, count=1, flags=0x0}
8 (558, 749000000) 23 {name='lastCollisionTime', type=FLOAT64, size=8, count=1, flags=0x0}
1 (559, 748000000) 0 {name='GPS_spherical.x', type=FLOAT64, size=8, count=1, flags=0x0}
1 (559, 748000000) 1 {name='GPS_spherical.y', type=FLOAT64, size=8, count=1, flags=0x0}
1 (559, 748000000) 2 {name='GPS_spherical.z', type=FLOAT64, size=8, count=1, flags=0x0}
1 (559, 748000000) 3 {name='GPS_velocity.x', type=FLOAT64, size=8, count=1, flags=0x0}
1 (559, 748000000) 4 {name='GPS_velocity.y', type=FLOAT64, size=8, count=1, flags=0x0}
1 (559, 748000000) 5 {name='GPS_velocity.z', type=FLOAT64, size=8, count=1, flags=0x0}
2 (559, 748000000) 0 {name='relativeLinearAcceleration.x', type=FLOAT64, size=8, count=1, flags=0x0}
2 (559, 748000000) 1 {name='relativeLinearAcceleration.y', type=FLOAT64, size=8, count=1, flags=0x0}
2 (559, 748000000) 2 {name='relativeLinearAcceleration.z', type=FLOAT64, size=8, count=1, flags=0x0}
2 (559, 748000000) 3 {name='relativeAngularAcceleration.x', type=FLOAT64, size=8, count=1, flags=0x0}
2 (559, 748000000) 4 {name='relativeAngularAcceleration.y', type=FLOAT64, size=8, count=1, flags=0x0}
2 (559, 748000000) 5 {name='relativeAngularAcceleration.z', type=FLOAT64, size=8, count=1, flags=0x0}
2 (559, 748000000) 6 {name='relativeLinearVelocity.x', type=FLOAT64, size=8, count=1, flags=0x0}
2 (559, 748000000) 7 {name='relativeLinearVelocity.y', type=FLOAT64, size=8, count=1, flags=0x0}
2 (559, 748000000) 8 {name='relativeLinearVelocity.z', type=FLOAT64, size=8, count=1, flags=0x0}
2 (559, 748000000) 9 {name='relativeAngularVelocity.x', type=FLOAT64, size=8, count=1, flags=0x0}
2 (559, 748000000) 10 {name='relativeAngularVelocity.y', type=FLOAT64, size=8, count=1, flags=0x0}
2 (559, 748000000) 11 {name='relativeAngularVelocity.z', type=FLOAT64, size=8, count=1, flags=0x0}
2 (559, 748000000) 12 {name='worldLinearVelocity.x', type=FLOAT64, size=8, count=1, flags=0x0}
2 (559, 748000000) 13 {name='worldLinearVelocity.y', type=FLOAT64, size=8, count=1, flags=0x0}
2 (559, 748000000) 14 {name='worldLinearVelocity.z', type=FLOAT64, size=8, count=1, flags=0x0}
2 (559, 748000000) 15 {name='worldPosition.x', type=FLOAT64, size=8, count=1, flags=0x0}
2 (559, 748000000) 16 {name='worldPosition.y', type=FLOAT64, size=8, count=1, flags=0x0}
2 (559, 748000000) 17 {name='worldPosition.z', type=FLOAT64, size=8, count=1, flags=0x0}
2 (559, 748000000) 18 {name='worldAttitude.x', type=FLOAT64, size=8, count=1, flags=0x0}
2 (559, 748000000) 19 {name='worldAttitude.y', type=FLOAT64, size=8, count=1, flags=0x0}
2 (559, 748000000) 20 {name='worldAttitude.z', type=FLOAT64, size=8, count=1, flags=0x0}
2 (559, 748000000) 21 {name='worldPressure', type=FLOAT64, size=8, count=1, flags=0x0}
2 (559, 748000000) 22 {name='worldTemperature', type=FLOAT64, size=8, count=1, flags=0x0}
2 (559, 748000000) 23 {name='lastCollisionTime', type=FLOAT64, size=8, count=1, flags=0x0}
3 (559, 748000000) 0 {name='GPS_spherical.x', type=FLOAT64, size=8, count=1, flags=0x0}
3 (559, 748000000) 1 {name='GPS_spherical.y', type=FLOAT64, size=8, count=1, flags=0x0}
3 (559, 748000000) 2 {name='GPS_spherical.z', type=FLOAT64, size=8, count=1, flags=0x0}
3 (559, 748000000) 3 {name='GPS_velocity.x', type=FLOAT64, size=8, count=1, flags=0x0}
3 (559, 748000000) 4 {name='GPS_velocity.y', type=FLOAT64, size=8, count=1, flags=0x0}
3 (559, 748000000) 5 {name='GPS_velocity.z', type=FLOAT64, size=8, count=1, flags=0x0}
4 (559, 748000000) 0 {name='relativeLinearAcceleration.x', type=FLOAT64, size=8, count=1, flags=0x0}
4 (559, 748000000) 1 {name='relativeLinearAcceleration.y', type=FLOAT64, size=8, count=1, flags=0x0}
4 (559, 748000000) 2 {name='relativeLinearAcceleration.z', type=FLOAT64, size=8, count=1, flags=0x0}
4 (559, 748000000) 3 {name='relativeAngularAcceleration.x', type=FLOAT64, size=8, count=1, flags=0x0}
4 (559, 748000000) 4 {name='relativeAngularAcceleration.y', type=FLOAT64, size=8, count=1, flags=0x0}
4 (559, 748000000) 5 {name='relativeAngularAcceleration.z', type=FLOAT64, size=8, count=1, flags=0x0}
4 (559, 748000000) 6 {name='relativeLinearVelocity.x', type=FLOAT64, size=8, count=1, flags=0x0}
4 (559, 748000000) 7 {name='relativeLinearVelocity.y', type=FLOAT64, size=8, count=1, flags=0x0}
4 (559, 748000000) 8 {name='relativeLinearVelocity.z', type=FLOAT64, size=8, count=1, flags=0x0}
4 (559, 748000000) 9 {name='relativeAngularVelocity.x', type=FLOAT64, size=8, count=1, flags=0x0}
4 (559, 748000000) 10 {name='relativeAngularVelocity.y', type=FLOAT64, size=8, count=1, flags=0x0}
4 (559, 748000000) 11 {name='relativeAngularVelocity.z', type=FLOAT64, size=8, count=1, flags=0x0}
4 (559, 748000000) 12 {name='worldLinearVelocity.x', type=FLOAT64, size=8, count=1, flags=0x0}
4 (559, 748000000) 13 {name='worldLinearVelocity.y', type=FLOAT64, size=8, count=1, flags=0x0}
4 (559, 748000000) 14 {name='worldLinearVelocity.z', type=FLOAT64, size=8, count=1, flags=0x0}
4 (559, 748000000) 15 {name='worldPosition.x', type=FLOAT64, size=8, count=1, flags=0x0}
4 (559, 748000000) 16 {name='worldPosition.y', type=FLOAT64, size=8, count=1, flags=0x0}
4 (559, 748000000) 17 {name='worldPosition.z', type=FLOAT64, size=8, count=1, flags=0x0}
4 (559, 748000000) 18 {name='worldAttitude.x', type=FLOAT64, size=8, count=1, flags=0x0}
4 (559, 748000000) 19 {name='worldAttitude.y', type=FLOAT64, size=8, count=1, flags=0x0}
4 (559, 748000000) 20 {name='worldAttitude.z', type=FLOAT64, size=8, count=1, flags=0x0}
4 (559, 748000000) 21 {name='worldPressure', type=FLOAT64, size=8, count=1, flags=0x0}
4 (559, 748000000) 22 {name='worldTemperature', type=FLOAT64, size=8, count=1, flags=0x0}
4 (559, 748000000) 23 {name='lastCollisionTime', type=FLOAT64, size=8, count=1, flags=0x0}
5 (559, 748000000) 0 {name='GPS_spherical.x', type=FLOAT64, size=8, count=1, flags=0x0}
5 (559, 748000000) 1 {name='GPS_spherical.y', type=FLOAT64, size=8, count=1, flags=0x0}
5 (559, 748000000) 2 {name='GPS_spherical.z', type=FLOAT64, size=8, count=1, flags=0x0}
5 (559, 748000000) 3 {name='GPS_velocity.x', type=FLOAT64, size=8, count=1, flags=0x0}
5 (559, 748000000) 4 {name='GPS_velocity.y', type=FLOAT64, size=8, count=1, flags=0x0}
5 (559, 748000000) 5 {name='GPS_velocity.z', type=FLOAT64, size=8, count=1, flags=0x0}
6 (559, 748000000) 0 {name='current_voltage', type=FLOAT64, size=8, count=1, flags=0x0}
7 (559, 748000000) 0 {name='SysTimestamp_ns', type=UINT64, size=8, count=1, flags=0x0}
7 (559, 748000000) 1 {name='SdyTimestamp_ns', type=UINT64, size=8, count=1, flags=0x0}
7 (559, 748000000) 2 {name='SimTimestamp_ns', type=UINT64, size=8, count=1, flags=0x0}
8 (559, 749000000) 0 {name='relativeLinearAcceleration.x', type=FLOAT64, size=8, count=1, flags=0x0}
8 (559, 749000000) 1 {name='relativeLinearAcceleration.y', type=FLOAT64, size=8, count=1, flags=0x0}
8 (559, 749000000) 2 {name='relativeLinearAcceleration.z', type=FLOAT64, size=8, count=1, flags=0x0}
8 (559, 749000000) 3 {name='relativeAngularAcceleration.x', type=FLOAT64, size=8, count=1, flags=0x0}
8 (559, 749000000) 4 {name='relativeAngularAcceleration.y', type=FLOAT64, size=8, count=1, flags=0x0}
8 (559, 749000000) 5 {name='relativeAngularAcceleration.z', type=FLOAT64, size=8, count=1, flags=0x0}
8 (559, 749000000) 6 {name='relativeLinearVelocity.x', type=FLOAT64, size=8, count=1, flags=0x0}
8 (559, 749000000) 7 {name='relativeLinearVelocity.y', type=FLOAT64, size=8, count=1, flags=0x0}
8 (559, 749000000) 8 {name='relativeLinearVelocity.z', type=FLOAT64, size=8, count=1, flags=0x0}
8 (559, 749000000) 9 {name='relativeAngularVelocity.x', type=FLOAT64, size=8, count=1, flags=0x0}
8 (559, 749000000) 10 {name='relativeAngularVelocity.y', type=FLOAT64, size=8, count=1, flags=0x0}
8 (559, 749000000) 11 {name='relativeAngularVelocity.z', type=FLOAT64, size=8, count=1, flags=0x0}
8 (559, 749000000) 12 {name='worldLinearVelocity.x', type=FLOAT64, size=8, count=1, flags=0x0}
8 (559, 749000000) 13 {name='worldLinearVelocity.y', type=FLOAT64, size=8, count=1, flags=0x0}
8 (559, 749000000) 14 {name='worldLinearVelocity.z', type=FLOAT64, size=8, count=1, flags=0x0}
8 (559, 749000000) 15 {name='worldPosition.x', type=FLOAT64, size=8, count=1, flags=0x0}
8 (559, 749000000) 16 {name='worldPosition.y', type=FLOAT64, size=8, count=1, flags=0x0}
8 (559, 749000000) 17 {name='worldPosition.z', type=FLOAT64, size=8, count=1, flags=0x0}
8 (559, 749000000) 18 {name='worldAttitude.x', type=FLOAT64, size=8, count=1, flags=0x0}
8 (559, 749000000) 19 {name='worldAttitude.y', type=FLOAT64, size=8, count=1, flags=0x0}
8 (559, 749000000) 20 {name='worldAttitude.z', type=FLOAT64, size=8, count=1, flags=0x0}
8 (559, 749000000) 21 {name='worldPressure', type=FLOAT64, size=8, count=1, flags=0x0}
8 (559, 749000000) 22 {name='worldTemperature', type=FLOAT64, size=8, count=1, flags=0x0}
8 (559, 749000000) 23 {name='lastCollisionTime', type=FLOAT64, size=8, count=1, flags=0x0}
1 (560, 748000000) 0 {name='GPS_spherical.x', type=FLOAT64, size=8, count=1, flags=0x0}
1 (560, 748000000) 1 {name='GPS_spherical.y', type=FLOAT64, size=8, count=1, flags=0x0}
1 (560, 748000000) 2 {name='GPS_spherical.z', type=FLOAT64, size=8, count=1, flags=0x0}
1 (560, 748000000) 3 {name='GPS_velocity.x', type=FLOAT64, size=8, count=1, flags=0x0}
1 (560, 748000000) 4 {name='GPS_velocity.y', type=FLOAT64, size=8, count=1, flags=0x0}
1 (560, 748000000) 5 {name='GPS_velocity.z', type=FLOAT64, size=8, count=1, flags=0x0}
2 (560, 748000000) 0 {name='relativeLinearAcceleration.x', type=FLOAT64, size=8, count=1, flags=0x0}
2 (560, 748000000) 1 {name='relativeLinearAcceleration.y', type=FLOAT64, size=8, count=1, flags=0x0}
2 (560, 748000000) 2 {name='relativeLinearAcceleration.z', type=FLOAT64, size=8, count=1, flags=0x0}
2 (560, 748000000) 3 {name='relativeAngularAcceleration.x', type=FLOAT64, size=8, count=1, flags=0x0}
2 (560, 748000000) 4 {name='relativeAngularAcceleration.y', type=FLOAT64, size=8, count=1, flags=0x0}
2 (560, 748000000) 5 {name='relativeAngularAcceleration.z', type=FLOAT64, size=8, count=1, flags=0x0}
2 (560, 748000000) 6 {name='relativeLinearVelocity.x', type=FLOAT64, size=8, count=1, flags=0x0}
2 (560, 748000000) 7 {name='relativeLinearVelocity.y', type=FLOAT64, size=8, count=1, flags=0x0}
2 (560, 748000000) 8 {name='relativeLinearVelocity.z', type=FLOAT64, size=8, count=1, flags=0x0}
2 (560, 748000000) 9 {name='relativeAngularVelocity.x', type=FLOAT64, size=8, count=1, flags=0x0}
2 (560, 748000000) 10 {name='relativeAngularVelocity.y', type=FLOAT64, size=8, count=1, flags=0x0}
2 (560, 748000000) 11 {name='relativeAngularVelocity.z', type=FLOAT64, size=8, count=1, flags=0x0}
2 (560, 748000000) 12 {name='worldLinearVelocity.x', type=FLOAT64, size=8, count=1, flags=0x0}
2 (560, 748000000) 13 {name='worldLinearVelocity.y', type=FLOAT64, size=8, count=1, flags=0x0}
2 (560, 748000000) 14 {name='worldLinearVelocity.z', type=FLOAT64, size=8, count=1, flags=0x0}
2 (560, 748000000) 15 {name='worldPosition.x', type=FLOAT64, size=8, count=1, flags=0x0}
2 (560, 748000000) 16 {name='worldPosition.y', type=FLOAT64, size=8, count=1, flags=0x0}
2 (560, 748000000) 17 {name='worldPosition.z', type=FLOAT64, size=8, count=1, flags=0x0}
2 (560, 748000000) 18 {name='worldAttitude.x', type=FLOAT64, size=8, count=1, flags=0x0}
2 (560, 748000000) 19 {name='worldAttitude.y', type=FLOAT64, size=8, count=1, flags=0x0}
2 (560, 748000000) 20 {name='worldAttitude.z', type=FLOAT64, size=8, count=1, flags=0x0}
2 (560, 748000000) 21 {name='worldPressure', type=FLOAT64, size=8, count=1, flags=0x0}
2 (560, 748000000) 22 {name='worldTemperature', type=FLOAT64, size=8, count=1, flags=0x0}
2 (560, 748000000) 23 {name='lastCollisionTime', type=FLOAT64, size=8, count=1, flags=0x0}
3 (560, 748000000) 0 {name='GPS_spherical.x', type=FLOAT64, size=8, count=1, flags=0x0}
3 (560, 748000000) 1 {name='GPS_spherical.y', type=FLOAT64, size=8, count=1, flags=0x0}
3 (560, 748000000) 2 {name='GPS_spherical.z', type=FLOAT64, size=8, count=1, flags=0x0}
3 (560, 748000000) 3 {name='GPS_velocity.x', type=FLOAT64, size=8, count=1, flags=0x0}
3 (560, 748000000) 4 {name='GPS_velocity.y', type=FLOAT64, size=8, count=1, flags=0x0}
3 (560, 748000000) 5 {name='GPS_velocity.z', type=FLOAT64, size=8, count=1, flags=0x0}
4 (560, 748000000) 0 {name='relativeLinearAcceleration.x', type=FLOAT64, size=8, count=1, flags=0x0}
4 (560, 748000000) 1 {name='relativeLinearAcceleration.y', type=FLOAT64, size=8, count=1, flags=0x0}
4 (560, 748000000) 2 {name='relativeLinearAcceleration.z', type=FLOAT64, size=8, count=1, flags=0x0}
4 (560, 748000000) 3 {name='relativeAngularAcceleration.x', type=FLOAT64, size=8, count=1, flags=0x0}
4 (560, 748000000) 4 {name='relativeAngularAcceleration.y', type=FLOAT64, size=8, count=1, flags=0x0}
4 (560, 748000000) 5 {name='relativeAngularAcceleration.z', type=FLOAT64, size=8, count=1, flags=0x0}
4 (560, 748000000) 6 {name='relativeLinearVelocity.x', type=FLOAT64, size=8, count=1, flags=0x0}
4 (560, 748000000) 7 {name='relativeLinearVelocity.y', type=FLOAT64, size=8, count=1, flags=0x0}
4 (560, 748000000) 8 {name='relativeLinearVelocity.z', type=FLOAT64, size=8, count=1, flags=0x0}
4 (560, 748000000) 9 {name='relativeAngularVelocity.x', type=FLOAT64, size=8, count=1, flags=0x0}
4 (560, 748000000) 10 {name='relativeAngularVelocity.y', type=FLOAT64, size=8, count=1, flags=0x0}
4 (560, 748000000) 11 {name='relativeAngularVelocity.z', type=FLOAT64, size=8, count=1, flags=0x0}
4 (560, 748000000) 12 {name='worldLinearVelocity.x', type=FLOAT64, size=8, count=1, flags=0x0}
4 (560, 748000000) 13 {name='worldLinearVelocity.y', type=FLOAT64, size=8, count=1, flags=0x0}
4 (560, 748000000) 14 {name='worldLinearVelocity.z', type=FLOAT64, size=8, count=1, flags=0x0}
4 (560, 748000000) 15 {name='worldPosition.x', type=FLOAT64, size=8, count=1, flags=0x0}
4 (560, 748000000) 16 {name='worldPosition.y', type=FLOAT64, size=8, count=1, flags=0x0}
4 (560, 748000000) 17 {name='worldPosition.z', type=FLOAT64, size=8, count=1, flags=0x0}
4 (560, 748000000) 18 {name='worldAttitude.x', type=FLOAT64, size=8, count=1, flags=0x0}
4 (560, 748000000) 19 {name='worldAttitude.y', type=FLOAT64, size=8, count=1, flags=0x0}
4 (560, 748000000) 20 {name='worldAttitude.z', type=FLOAT64, size=8, count=1, flags=0x0}
4 (560, 748000000) 21 {name='worldPressure', type=FLOAT64, size=8, count=1, flags=0x0}
4 (560, 748000000) 22 {name='worldTemperature', type=FLOAT64, size=8, count=1, flags=0x0}
4 (560, 748000000) 23 {name='lastCollisionTime', type=FLOAT64, size=8, count=1, flags=0x0}
5 (560, 748000000) 0 {name='GPS_spherical.x', type=FLOAT64, size=8, count=1, flags=0x0}
5 (560, 748000000) 1 {name='GPS_spherical.y', type=FLOAT64, size=8, count=1, flags=0x0}
5 (560, 748000000) 2 {name='GPS_spherical.z', type=FLOAT64, size=8, count=1, flags=0x0}
5 (560, 748000000) 3 {name='GPS_velocity.x', type=FLOAT64, size=8, count=1, flags=0x0}
5 (560, 748000000) 4 {name='GPS_velocity.y', type=FLOAT64, size=8, count=1, flags=0x0}
5 (560, 748000000) 5 {name='GPS_velocity.z', type=FLOAT64, size=8, count=1, flags=0x0}
6 (560, 748000000) 0 {name='current_voltage', type=FLOAT64, size=8, count=1, flags=0x0}
7 (560, 748000000) 0 {name='SysTimestamp_ns', type=UINT64, size=8, count=1, flags=0x0}
7 (560, 748000000) 1 {name='SdyTimestamp_ns', type=UINT64, size=8, count=1, flags=0x0}
7 (560, 748000000) 2 {name='SimTimestamp_ns', type=UINT64, size=8, count=1, flags=0x0}
8 (560, 749000000) 0 {name='relativeLinearAcceleration.x', type=FLOAT64, size=8, count=1, flags=0x0}
8 (560, 749000000) 1 {name='relativeLinearAcceleration.y', type=FLOAT64, size=8, count=1, flags=0x0}
8 (560, 749000000) 2 {name='relativeLinearAcceleration.z', type=FLOAT64, size=8, count=1, flags=0x0}
8 (560, 749000000) 3 {name='relativeAngularAcceleration.x', type=FLOAT64, size=8, count=1, flags=0x0}
8 (560, 749000000) 4 {name='relativeAngularAcceleration.y', type=FLOAT64, size=8, count=1, flags=0x0}
8 (560, 749000000) 5 {name='relativeAngularAcceleration.z', type=FLOAT64, size=8, count=1, flags=0x0}
8 (560, 749000000) 6 {name='relativeLinearVelocity.x', type=FLOAT64, size=8, count=1, flags=0x0}
8 (560, 749000000) 7 {name='relativeLinearVelocity.y', type=FLOAT64, size=8, count=1, flags=0x0}
8 (560, 749000000) 8 {name='relativeLinearVelocity.z', type=FLOAT64, size=8, count=1, flags=0x0}
8 (560, 749000000) 9 {name='relativeAngularVelocity.x', type=FLOAT64, size=8, count=1, flags=0x0}
8 (560, 749000000) 10 {name='relativeAngularVelocity.y', type=FLOAT64, size=8, count=1, flags=0x0}
8 (560, 749000000) 11 {name='relativeAngularVelocity.z', type=FLOAT64, size=8, count=1, flags=0x0}
8 (560, 749000000) 12 {name='worldLinearVelocity.x', type=FLOAT64, size=8, count=1, flags=0x0}
8 (560, 749000000) 13 {name='worldLinearVelocity.y', type=FLOAT64, size=8, count=1, flags=0x0}
8 (560, 749000000) 14 {name='worldLinearVelocity.z', type=FLOAT64, size=8, count=1, flags=0x0}
8 (560, 749000000) 15 {name='worldPosition.x', type=FLOAT64, size=8, count=1, flags=0x0}
8 (560, 749000000) 16 {name='worldPosition.y', type=FLOAT64, size=8, count=1, flags=0x0}
8 (560, 749000000) 17 {name='worldPosition.z', type=FLOAT64, size=8, count=1, flags=0x0}
8 (560, 749000000) 18 {name='worldAttitude.x', type=FLOAT64, size=8, count=1, flags=0x0}
8 (560, 749000000) 19 {name='worldAttitude.y', type=FLOAT64, size=8, count=1, flags=0x0}
8 (560, 749000000) 20 {name='worldAttitude.z', type=FLOAT64, size=8, count=1, flags=0x0}
8 (560, 749000000) 21 {name='worldPressure', type=FLOAT64, size=8, count=1, flags=0x0}
8 (560, 749000000) 22 {name='worldTemperature', type=FLOAT64, size=8, count=1, flags=0x0}
8 (560, 749000000) 23 {name='lastCollisionTime', type=FLOAT64, size=8, count=1, flags=0x0}
1 (561, 748000000) 0 {name='GPS_spherical.x', type=FLOAT64, size=8, count=1, flags=0x0}
1 (561, 748000000) 1 {name='GPS_spherical.y', type=FLOAT64, size=8, count=1, flags=0x0}
1 (561, 748000000) 2 {name='GPS_spherical.z', type=FLOAT64, size=8, count=1, flags=0x0}
1 (561, 748000000) 3 {name='GPS_velocity.x', type=FLOAT64, size=8, count=1, flags=0x0}
1 (561, 748000000) 4 {name='GPS_velocity.y', type=FLOAT64, size=8, count=1, flags=0x0}
1 (561, 748000000) 5 {name='GPS_velocity.z', type=FLOAT64, size=8, count=1, flags=0x0}
2 (561, 748000000) 0 {name='relativeLinearAcceleration.x', type=FLOAT64, size=8, count=1, flags=0x0}
2 (561, 748000000) 1 {name='relativeLinearAcceleration.y', type=FLOAT64, size=8, count=1, flags=0x0}
2 (561, 748000000) 2 {name='relativeLinearAcceleration.z', type=FLOAT64, size=8, count=1, flags=0x0}
2 (561, 748000000) 3 {name='relativeAngularAcceleration.x', type=FLOAT64, size=8, count=1, flags=0x0}
2 (561, 748000000) 4 {name='relativeAngularAcceleration.y', type=FLOAT64, size=8, count=1, flags=0x0}
2 (561, 748000000) 5 {name='relativeAngularAcceleration.z', type=FLOAT64, size=8, count=1, flags=0x0}
2 (561, 748000000) 6 {name='relativeLinearVelocity.x', type=FLOAT64, size=8, count=1, flags=0x0}
2 (561, 748000000) 7 {name='relativeLinearVelocity.y', type=FLOAT64, size=8, count=1, flags=0x0}
2 (561, 748000000) 8 {name='relativeLinearVelocity.z', type=FLOAT64, size=8, count=1, flags=0x0}
2 (561, 748000000) 9 {name='relativeAngularVelocity.x', type=FLOAT64, size=8, count=1, flags=0x0}
2 (561, 748000000) 10 {name='relativeAngularVelocity.y', type=FLOAT64, size=8, count=1, flags=0x0}
2 (561, 748000000) 11 {name='relativeAngularVelocity.z', type=FLOAT64, size=8, count=1, flags=0x0}
2 (561, 748000000) 12 {name='worldLinearVelocity.x', type=FLOAT64, size=8, count=1, flags=0x0}
2 (561, 748000000) 13 {name='worldLinearVelocity.y', type=FLOAT64, size=8, count=1, flags=0x0}
2 (561, 748000000) 14 {name='worldLinearVelocity.z', type=FLOAT64, size=8, count=1, flags=0x0}
2 (561, 748000000) 15 {name='worldPosition.x', type=FLOAT64, size=8, count=1, flags=0x0}
2 (561, 748000000) 16 {name='worldPosition.y', type=FLOAT64, size=8, count=1, flags=0x0}
2 (561, 748000000) 17 {name='worldPosition.z', type=FLOAT64, size=8, count=1, flags=0x0}
2 (561, 748000000) 18 {name='worldAttitude.x', type=FLOAT64, size=8, count=1, flags=0x0}
2 (561, 748000000) 19 {name='worldAttitude.y', type=FLOAT64, size=8, count=1, flags=0x0}
2 (561, 748000000) 20 {name='worldAttitude.z', type=FLOAT64, size=8, count=1, flags=0x0}
2 (561, 748000000) 21 {name='worldPressure', type=FLOAT64, size=8, count=1, flags=0x0}
2 (561, 748000000) 22 {name='worldTemperature', type=FLOAT64, size=8, count=1, flags=0x0}
2 (561, 748000000) 23 {name='lastCollisionTime', type=FLOAT64, size=8, count=1, flags=0x0}
3 (561, 748000000) 0 {name='GPS_spherical.x', type=FLOAT64, size=8, count=1, flags=0x0}
3 (561, 748000000) 1 {name='GPS_spherical.y', type=FLOAT64, size=8, count=1, flags=0x0}
3 (561, 748000000) 2 {name='GPS_spherical.z', type=FLOAT64, size=8, count=1, flags=0x0}
3 (561, 748000000) 3 {name='GPS_velocity.x', type=FLOAT64, size=8, count=1, flags=0x0}
3 (561, 748000000) 4 {name='GPS_velocity.y', type=FLOAT64, size=8, count=1, flags=0x0}
3 (561, 748000000) 5 {name='GPS_velocity.z', type=FLOAT64, size=8, count=1, flags=0x0}
4 (561, 748000000) 0 {name='relativeLinearAcceleration.x', type=FLOAT64, size=8, count=1, flags=0x0}
4 (561, 748000000) 1 {name='relativeLinearAcceleration.y', type=FLOAT64, size=8, count=1, flags=0x0}
4 (561, 748000000) 2 {name='relativeLinearAcceleration.z', type=FLOAT64, size=8, count=1, flags=0x0}
4 (561, 748000000) 3 {name='relativeAngularAcceleration.x', type=FLOAT64, size=8, count=1, flags=0x0}
4 (561, 748000000) 4 {name='relativeAngularAcceleration.y', type=FLOAT64, size=8, count=1, flags=0x0}
4 (561, 748000000) 5 {name='relativeAngularAcceleration.z', type=FLOAT64, size=8, count=1, flags=0x0}
4 (561, 748000000) 6 {name='relativeLinearVelocity.x', type=FLOAT64, size=8, count=1, flags=0x0}
4 (561, 748000000) 7 {name='relativeLinearVelocity.y', type=FLOAT64, size=8, count=1, flags=0x0}
4 (561, 748000000) 8 {name='relativeLinearVelocity.z', type=FLOAT64, size=8, count=1, flags=0x0}
4 (561, 748000000) 9 {name='relativeAngularVelocity.x', type=FLOAT64, size=8, count=1, flags=0x0}
4 (561, 748000000) 10 {name='relativeAngularVelocity.y', type=FLOAT64, size=8, count=1, flags=0x0}
4 (561, 748000000) 11 {name='relativeAngularVelocity.z', type=FLOAT64, size=8, count=1, flags=0x0}
4 (561, 748000000) 12 {name='worldLinearVelocity.x', type=FLOAT64, size=8, count=1, flags=0x0}
4 (561, 748000000) 13 {name='worldLinearVelocity.y', type=FLOAT64, size=8, count=1, flags=0x0}
4 (561, 748000000) 14 {name='worldLinearVelocity.z', type=FLOAT64, size=8, count=1, flags=0x0}
4 (561, 748000000) 15 {name='worldPosition.x', type=FLOAT64, size=8, count=1, flags=0x0}
4 (561, 748000000) 16 {name='worldPosition.y', type=FLOAT64, size=8, count=1, flags=0x0}
4 (561, 748000000) 17 {name='worldPosition.z', type=FLOAT64, size=8, count=1, flags=0x0}
4 (561, 748000000) 18 {name='worldAttitude.x', type=FLOAT64, size=8, count=1, flags=0x0}
4 (561, 748000000) 19 {name='worldAttitude.y', type=FLOAT64, size=8, count=1, flags=0x0}
4 (561, 748000000) 20 {name='worldAttitude.z', type=FLOAT64, size=8, count=1, flags=0x0}
4 (561, 748000000) 21 {name='worldPressure', type=FLOAT64, size=8, count=1, flags=0x0}
4 (561, 748000000) 22 {name='worldTemperature', type=FLOAT64, size=8, count=1, flags=0x0}
4 (561, 748000000) 23 {name='lastCollisionTime', type=FLOAT64, size=8, count=1, flags=0x0}
5 (561, 748000000) 0 {name='GPS_spherical.x', type=FLOAT64, size=8, count=1, flags=0x0}
5 (561, 748000000) 1 {name='GPS_spherical.y', type=FLOAT64, size=8, count=1, flags=0x0}
5 (561, 748000000) 2 {name='GPS_spherical.z', type=FLOAT64, size=8, count=1, flags=0x0}
5 (561, 748000000) 3 {name='GPS_velocity.x', type=FLOAT64, size=8, count=1, flags=0x0}
5 (561, 748000000) 4 {name='GPS_velocity.y', type=FLOAT64, size=8, count=1, flags=0x0}
5 (561, 748000000) 5 {name='GPS_velocity.z', type=FLOAT64, size=8, count=1, flags=0x0}
6 (561, 748000000) 0 {name='current_voltage', type=FLOAT64, size=8, count=1, flags=0x0}
7 (561, 748000000) 0 {name='SysTimestamp_ns', type=UINT64, size=8, count=1, flags=0x0}
7 (561, 748000000) 1 {name='SdyTimestamp_ns', type=UINT64, size=8, count=1, flags=0x0}
7 (561, 748000000) 2 {name='SimTimestamp_ns', type=UINT64, size=8, count=1, flags=0x0}
8 (561, 749000000) 0 {name='relativeLinearAcceleration.x', type=FLOAT64, size=8, count=1, flags=0x0}
8 (561, 749000000) 1 {name='relativeLinearAcceleration.y', type=FLOAT64, size=8, count=1, flags=0x0}
8 (561, 749000000) 2 {name='relativeLinearAcceleration.z', type=FLOAT64, size=8, count=1, flags=0x0}
8 (561, 749000000) 3 {name='relativeAngularAcceleration.x', type=FLOAT64, size=8, count=1, flags=0x0}
8 (561, 749000000) 4 {name='relativeAngularAcceleration.y', type=FLOAT64, size=8, count=1, flags=0x0}
8 (561, 749000000) 5 {name='relativeAngularAcceleration.z', type=FLOAT64, size=8, count=1, flags=0x0}
8 (561, 749000000) 6 {name='relativeLinearVelocity.x', type=FLOAT64, size=8, count=1, flags=0x0}
8 (561, 749000000) 7 {name='relativeLinearVelocity.y', type=FLOAT64, size=8, count=1, flags=0x0}
8 (561, 749000000) 8 {name='relativeLinearVelocity.z', type=FLOAT64, size=8, count=1, flags=0x0}
8 (561, 749000000) 9 {name='relativeAngularVelocity.x', type=FLOAT64, size=8, count=1, flags=0x0}
8 (561, 749000000) 10 {name='relativeAngularVelocity.y', type=FLOAT64, size=8, count=1, flags=0x0}
8 (561, 749000000) 11 {name='relativeAngularVelocity.z', type=FLOAT64, size=8, count=1, flags=0x0}
8 (561, 749000000) 12 {name='worldLinearVelocity.x', type=FLOAT64, size=8, count=1, flags=0x0}
8 (561, 749000000) 13 {name='worldLinearVelocity.y', type=FLOAT64, size=8, count=1, flags=0x0}
8 (561, 749000000) 14 {name='worldLinearVelocity.z', type=FLOAT64, size=8, count=1, flags=0x0}
8 (561, 749000000) 15 {name='worldPosition.x', type=FLOAT64, size=8, count=1, flags=0x0}
8 (561, 749000000) 16 {name='worldPosition.y', type=FLOAT64, size=8, count=1, flags=0x0}
8 (561, 749000000) 17 {name='worldPosition.z', type=FLOAT64, size=8, count=1, flags=0x0}
8 (561, 749000000) 18 {name='worldAttitude.x', type=FLOAT64, size=8, count=1, flags=0x0}
8 (561, 749000000) 19 {name='worldAttitude.y', type=FLOAT64, size=8, count=1, flags=0x0}
8 (561, 749000000) 20 {name='worldAttitude.z', type=FLOAT64, size=8, count=1, flags=0x0}
8 (561, 749000000) 21 {name='worldPressure', type=FLOAT64, size=8, count=1, flags=0x0}
8 (561, 749000000) 22 {name='worldTemperature', type=FLOAT64, size=8, count=1, flags=0x0}
8 (561, 749000000) 23 {name='lastCollisionTime', type=FLOAT64, size=8, count=1, flags=0x0}
